[2.536s] Invoking command in '/home/projectlab3_ss25/our_ws/src/obstacle_avoidance_controller': DEBUGINFOD_URLS=https://debuginfod.ubuntu.com PYTHONPATH=/home/projectlab3_ss25/our_ws/build/obstacle_avoidance_controller/prefix_override:/usr/lib/python3/dist-packages/colcon_core/task/python/colcon_distutils_commands:/home/projectlab3_ss25/our_ws/install/obstacle_avoidance_controller/lib/python3.12/site-packages:${PYTHONPATH} /usr/bin/python3 -W ignore:setup.py install is deprecated -W ignore:easy_install command is deprecated setup.py egg_info --egg-base ../../build/obstacle_avoidance_controller build --build-base /home/projectlab3_ss25/our_ws/build/obstacle_avoidance_controller/build install --record /home/projectlab3_ss25/our_ws/build/obstacle_avoidance_controller/install.log --single-version-externally-managed install_data
[3.266s] running egg_info
[3.317s] writing ../../build/obstacle_avoidance_controller/obstacle_avoidance_controller.egg-info/PKG-INFO
[3.318s] writing dependency_links to ../../build/obstacle_avoidance_controller/obstacle_avoidance_controller.egg-info/dependency_links.txt
[3.318s] writing entry points to ../../build/obstacle_avoidance_controller/obstacle_avoidance_controller.egg-info/entry_points.txt
[3.318s] writing requirements to ../../build/obstacle_avoidance_controller/obstacle_avoidance_controller.egg-info/requires.txt
[3.319s] writing top-level names to ../../build/obstacle_avoidance_controller/obstacle_avoidance_controller.egg-info/top_level.txt
[3.423s] reading manifest file '../../build/obstacle_avoidance_controller/obstacle_avoidance_controller.egg-info/SOURCES.txt'
[3.424s] writing manifest file '../../build/obstacle_avoidance_controller/obstacle_avoidance_controller.egg-info/SOURCES.txt'
[3.424s] running build
[3.425s] running build_py
[3.425s] running install
[3.437s] running install_lib
[3.513s] running install_data
[3.513s] running install_egg_info
[3.571s] removing '/home/projectlab3_ss25/our_ws/install/obstacle_avoidance_controller/lib/python3.12/site-packages/obstacle_avoidance_controller-0.0.0-py3.12.egg-info' (and everything under it)
[3.573s] Copying ../../build/obstacle_avoidance_controller/obstacle_avoidance_controller.egg-info to /home/projectlab3_ss25/our_ws/install/obstacle_avoidance_controller/lib/python3.12/site-packages/obstacle_avoidance_controller-0.0.0-py3.12.egg-info
[3.578s] running install_scripts
[3.924s] Installing obstacle_avoidance script to /home/projectlab3_ss25/our_ws/install/obstacle_avoidance_controller/lib/obstacle_avoidance_controller
[3.925s] Installing obstacle_avoidance_2 script to /home/projectlab3_ss25/our_ws/install/obstacle_avoidance_controller/lib/obstacle_avoidance_controller
[3.926s] writing list of installed files to '/home/projectlab3_ss25/our_ws/build/obstacle_avoidance_controller/install.log'
[4.000s] Invoked command in '/home/projectlab3_ss25/our_ws/src/obstacle_avoidance_controller' returned '0': DEBUGINFOD_URLS=https://debuginfod.ubuntu.com PYTHONPATH=/home/projectlab3_ss25/our_ws/build/obstacle_avoidance_controller/prefix_override:/usr/lib/python3/dist-packages/colcon_core/task/python/colcon_distutils_commands:/home/projectlab3_ss25/our_ws/install/obstacle_avoidance_controller/lib/python3.12/site-packages:${PYTHONPATH} /usr/bin/python3 -W ignore:setup.py install is deprecated -W ignore:easy_install command is deprecated setup.py egg_info --egg-base ../../build/obstacle_avoidance_controller build --build-base /home/projectlab3_ss25/our_ws/build/obstacle_avoidance_controller/build install --record /home/projectlab3_ss25/our_ws/build/obstacle_avoidance_controller/install.log --single-version-externally-managed install_data
