[1.275s] Invoking command in '/home/projectlab3_ss25/test_project/src/obstacle_avoidance_controller': DEBUGINFOD_URLS=https://debuginfod.ubuntu.com PYTHONPATH=/home/projectlab3_ss25/test_project/build/obstacle_avoidance_controller/prefix_override:/usr/lib/python3/dist-packages/colcon_core/task/python/colcon_distutils_commands:/home/projectlab3_ss25/test_project/install/obstacle_avoidance_controller/lib/python3.12/site-packages:${PYTHONPATH} /usr/bin/python3 -W ignore:setup.py install is deprecated -W ignore:easy_install command is deprecated setup.py egg_info --egg-base ../../build/obstacle_avoidance_controller build --build-base /home/projectlab3_ss25/test_project/build/obstacle_avoidance_controller/build install --record /home/projectlab3_ss25/test_project/build/obstacle_avoidance_controller/install.log --single-version-externally-managed install_data
[1.683s] running egg_info
[1.714s] writing ../../build/obstacle_avoidance_controller/obstacle_avoidance_controller.egg-info/PKG-INFO
[1.714s] writing dependency_links to ../../build/obstacle_avoidance_controller/obstacle_avoidance_controller.egg-info/dependency_links.txt
[1.715s] writing entry points to ../../build/obstacle_avoidance_controller/obstacle_avoidance_controller.egg-info/entry_points.txt
[1.715s] writing requirements to ../../build/obstacle_avoidance_controller/obstacle_avoidance_controller.egg-info/requires.txt
[1.715s] writing top-level names to ../../build/obstacle_avoidance_controller/obstacle_avoidance_controller.egg-info/top_level.txt
[1.777s] reading manifest file '../../build/obstacle_avoidance_controller/obstacle_avoidance_controller.egg-info/SOURCES.txt'
[1.778s] writing manifest file '../../build/obstacle_avoidance_controller/obstacle_avoidance_controller.egg-info/SOURCES.txt'
[1.778s] running build
[1.778s] running build_py
[1.778s] copying obstacle_avoidance_controller/controller_node.py -> /home/projectlab3_ss25/test_project/build/obstacle_avoidance_controller/build/lib/obstacle_avoidance_controller
[1.778s] running install
[1.786s] running install_lib
[1.816s] copying /home/projectlab3_ss25/test_project/build/obstacle_avoidance_controller/build/lib/obstacle_avoidance_controller/controller_node.py -> /home/projectlab3_ss25/test_project/install/obstacle_avoidance_controller/lib/python3.12/site-packages/obstacle_avoidance_controller
[1.818s] byte-compiling /home/projectlab3_ss25/test_project/install/obstacle_avoidance_controller/lib/python3.12/site-packages/obstacle_avoidance_controller/controller_node.py to controller_node.cpython-312.pyc
[1.819s] running install_data
[1.819s] running install_egg_info
[1.852s] removing '/home/projectlab3_ss25/test_project/install/obstacle_avoidance_controller/lib/python3.12/site-packages/obstacle_avoidance_controller-0.0.0-py3.12.egg-info' (and everything under it)
[1.852s] Copying ../../build/obstacle_avoidance_controller/obstacle_avoidance_controller.egg-info to /home/projectlab3_ss25/test_project/install/obstacle_avoidance_controller/lib/python3.12/site-packages/obstacle_avoidance_controller-0.0.0-py3.12.egg-info
[1.852s] running install_scripts
[2.058s] Installing obstacle_avoidance script to /home/projectlab3_ss25/test_project/install/obstacle_avoidance_controller/lib/obstacle_avoidance_controller
[2.058s] writing list of installed files to '/home/projectlab3_ss25/test_project/build/obstacle_avoidance_controller/install.log'
[2.105s] Invoked command in '/home/projectlab3_ss25/test_project/src/obstacle_avoidance_controller' returned '0': DEBUGINFOD_URLS=https://debuginfod.ubuntu.com PYTHONPATH=/home/projectlab3_ss25/test_project/build/obstacle_avoidance_controller/prefix_override:/usr/lib/python3/dist-packages/colcon_core/task/python/colcon_distutils_commands:/home/projectlab3_ss25/test_project/install/obstacle_avoidance_controller/lib/python3.12/site-packages:${PYTHONPATH} /usr/bin/python3 -W ignore:setup.py install is deprecated -W ignore:easy_install command is deprecated setup.py egg_info --egg-base ../../build/obstacle_avoidance_controller build --build-base /home/projectlab3_ss25/test_project/build/obstacle_avoidance_controller/build install --record /home/projectlab3_ss25/test_project/build/obstacle_avoidance_controller/install.log --single-version-externally-managed install_data
