[0.110s] DEBUG:colcon:Command line arguments: ['/usr/bin/colcon', 'build']
[0.110s] DEBUG:colcon:Parsed command line arguments: Namespace(log_base=None, log_level=None, verb_name='build', build_base='build', install_base='install', merge_install=False, symlink_install=False, test_result_base=None, continue_on_error=False, executor='parallel', parallel_workers=4, event_handlers=None, ignore_user_meta=False, metas=['./colcon.meta'], base_paths=['.'], packages_ignore=None, packages_ignore_regex=None, paths=None, packages_up_to=None, packages_up_to_regex=None, packages_above=None, packages_above_and_dependencies=None, packages_above_depth=None, packages_select_by_dep=None, packages_skip_by_dep=None, packages_skip_up_to=None, packages_select_build_failed=False, packages_skip_build_finished=False, packages_select_test_failures=False, packages_skip_test_passed=False, packages_select=None, packages_skip=None, packages_select_regex=None, packages_skip_regex=None, packages_start=None, packages_end=None, allow_overriding=[], cmake_args=None, cmake_target=None, cmake_target_skip_unavailable=False, cmake_clean_cache=False, cmake_clean_first=False, cmake_force_configure=False, ament_cmake_args=None, catkin_cmake_args=None, catkin_skip_building_tests=False, mixin_files=None, mixin=None, verb_parser=<colcon_mixin.mixin.mixin_argument.MixinArgumentDecorator object at 0x7ca89df9b530>, verb_extension=<colcon_core.verb.build.BuildVerb object at 0x7ca89df9b200>, main=<bound method BuildVerb.main of <colcon_core.verb.build.BuildVerb object at 0x7ca89df9b200>>, mixin_verb=('build',))
[0.148s] Level 1:colcon.colcon_core.package_discovery:discover_packages(colcon_meta) check parameters
[0.148s] Level 1:colcon.colcon_core.package_discovery:discover_packages(recursive) check parameters
[0.148s] Level 1:colcon.colcon_core.package_discovery:discover_packages(ignore) check parameters
[0.148s] Level 1:colcon.colcon_core.package_discovery:discover_packages(path) check parameters
[0.148s] Level 1:colcon.colcon_core.package_discovery:discover_packages(colcon_meta) discover
[0.149s] Level 1:colcon.colcon_core.package_discovery:discover_packages(recursive) discover
[0.149s] INFO:colcon.colcon_core.package_discovery:Crawling recursively for packages in '/home/projectlab3_ss25/test_project'
[0.149s] Level 1:colcon.colcon_core.package_identification:_identify(.) by extensions ['ignore', 'ignore_ament_install']
[0.149s] Level 1:colcon.colcon_core.package_identification:_identify(.) by extension 'ignore'
[0.149s] Level 1:colcon.colcon_core.package_identification:_identify(.) by extension 'ignore_ament_install'
[0.149s] Level 1:colcon.colcon_core.package_identification:_identify(.) by extensions ['colcon_pkg']
[0.149s] Level 1:colcon.colcon_core.package_identification:_identify(.) by extension 'colcon_pkg'
[0.149s] Level 1:colcon.colcon_core.package_identification:_identify(.) by extensions ['colcon_meta']
[0.149s] Level 1:colcon.colcon_core.package_identification:_identify(.) by extension 'colcon_meta'
[0.149s] Level 1:colcon.colcon_core.package_identification:_identify(.) by extensions ['ros']
[0.149s] Level 1:colcon.colcon_core.package_identification:_identify(.) by extension 'ros'
[0.173s] Level 1:colcon.colcon_core.package_identification:_identify(.) by extensions ['cmake', 'python']
[0.173s] Level 1:colcon.colcon_core.package_identification:_identify(.) by extension 'cmake'
[0.173s] Level 1:colcon.colcon_core.package_identification:_identify(.) by extension 'python'
[0.173s] Level 1:colcon.colcon_core.package_identification:_identify(.) by extensions ['python_setup_py']
[0.174s] Level 1:colcon.colcon_core.package_identification:_identify(.) by extension 'python_setup_py'
[0.174s] Level 1:colcon.colcon_core.package_identification:_identify(build) by extensions ['ignore', 'ignore_ament_install']
[0.174s] Level 1:colcon.colcon_core.package_identification:_identify(build) by extension 'ignore'
[0.174s] Level 1:colcon.colcon_core.package_identification:_identify(build) ignored
[0.174s] Level 1:colcon.colcon_core.package_identification:_identify(install) by extensions ['ignore', 'ignore_ament_install']
[0.174s] Level 1:colcon.colcon_core.package_identification:_identify(install) by extension 'ignore'
[0.174s] Level 1:colcon.colcon_core.package_identification:_identify(install) ignored
[0.174s] Level 1:colcon.colcon_core.package_identification:_identify(log) by extensions ['ignore', 'ignore_ament_install']
[0.174s] Level 1:colcon.colcon_core.package_identification:_identify(log) by extension 'ignore'
[0.174s] Level 1:colcon.colcon_core.package_identification:_identify(log) ignored
[0.174s] Level 1:colcon.colcon_core.package_identification:_identify(src) by extensions ['ignore', 'ignore_ament_install']
[0.175s] Level 1:colcon.colcon_core.package_identification:_identify(src) by extension 'ignore'
[0.175s] Level 1:colcon.colcon_core.package_identification:_identify(src) by extension 'ignore_ament_install'
[0.175s] Level 1:colcon.colcon_core.package_identification:_identify(src) by extensions ['colcon_pkg']
[0.175s] Level 1:colcon.colcon_core.package_identification:_identify(src) by extension 'colcon_pkg'
[0.175s] Level 1:colcon.colcon_core.package_identification:_identify(src) by extensions ['colcon_meta']
[0.175s] Level 1:colcon.colcon_core.package_identification:_identify(src) by extension 'colcon_meta'
[0.175s] Level 1:colcon.colcon_core.package_identification:_identify(src) by extensions ['ros']
[0.175s] Level 1:colcon.colcon_core.package_identification:_identify(src) by extension 'ros'
[0.175s] Level 1:colcon.colcon_core.package_identification:_identify(src) by extensions ['cmake', 'python']
[0.175s] Level 1:colcon.colcon_core.package_identification:_identify(src) by extension 'cmake'
[0.175s] Level 1:colcon.colcon_core.package_identification:_identify(src) by extension 'python'
[0.175s] Level 1:colcon.colcon_core.package_identification:_identify(src) by extensions ['python_setup_py']
[0.175s] Level 1:colcon.colcon_core.package_identification:_identify(src) by extension 'python_setup_py'
[0.175s] Level 1:colcon.colcon_core.package_identification:_identify(src/launch) by extensions ['ignore', 'ignore_ament_install']
[0.175s] Level 1:colcon.colcon_core.package_identification:_identify(src/launch) by extension 'ignore'
[0.175s] Level 1:colcon.colcon_core.package_identification:_identify(src/launch) by extension 'ignore_ament_install'
[0.175s] Level 1:colcon.colcon_core.package_identification:_identify(src/launch) by extensions ['colcon_pkg']
[0.176s] Level 1:colcon.colcon_core.package_identification:_identify(src/launch) by extension 'colcon_pkg'
[0.176s] Level 1:colcon.colcon_core.package_identification:_identify(src/launch) by extensions ['colcon_meta']
[0.176s] Level 1:colcon.colcon_core.package_identification:_identify(src/launch) by extension 'colcon_meta'
[0.176s] Level 1:colcon.colcon_core.package_identification:_identify(src/launch) by extensions ['ros']
[0.176s] Level 1:colcon.colcon_core.package_identification:_identify(src/launch) by extension 'ros'
[0.176s] Level 1:colcon.colcon_core.package_identification:_identify(src/launch) by extensions ['cmake', 'python']
[0.176s] Level 1:colcon.colcon_core.package_identification:_identify(src/launch) by extension 'cmake'
[0.176s] Level 1:colcon.colcon_core.package_identification:_identify(src/launch) by extension 'python'
[0.176s] Level 1:colcon.colcon_core.package_identification:_identify(src/launch) by extensions ['python_setup_py']
[0.176s] Level 1:colcon.colcon_core.package_identification:_identify(src/launch) by extension 'python_setup_py'
[0.176s] Level 1:colcon.colcon_core.package_identification:_identify(src/obstacle_avoidance_controller) by extensions ['ignore', 'ignore_ament_install']
[0.176s] Level 1:colcon.colcon_core.package_identification:_identify(src/obstacle_avoidance_controller) by extension 'ignore'
[0.176s] Level 1:colcon.colcon_core.package_identification:_identify(src/obstacle_avoidance_controller) by extension 'ignore_ament_install'
[0.176s] Level 1:colcon.colcon_core.package_identification:_identify(src/obstacle_avoidance_controller) by extensions ['colcon_pkg']
[0.176s] Level 1:colcon.colcon_core.package_identification:_identify(src/obstacle_avoidance_controller) by extension 'colcon_pkg'
[0.176s] Level 1:colcon.colcon_core.package_identification:_identify(src/obstacle_avoidance_controller) by extensions ['colcon_meta']
[0.176s] Level 1:colcon.colcon_core.package_identification:_identify(src/obstacle_avoidance_controller) by extension 'colcon_meta'
[0.176s] Level 1:colcon.colcon_core.package_identification:_identify(src/obstacle_avoidance_controller) by extensions ['ros']
[0.176s] Level 1:colcon.colcon_core.package_identification:_identify(src/obstacle_avoidance_controller) by extension 'ros'
[0.179s] DEBUG:colcon.colcon_core.package_identification:Package 'src/obstacle_avoidance_controller' with type 'ros.ament_python' and name 'obstacle_avoidance_controller'
[0.179s] Level 1:colcon.colcon_core.package_identification:_identify(src/obstacle_avoidance_nav2) by extensions ['ignore', 'ignore_ament_install']
[0.179s] Level 1:colcon.colcon_core.package_identification:_identify(src/obstacle_avoidance_nav2) by extension 'ignore'
[0.179s] Level 1:colcon.colcon_core.package_identification:_identify(src/obstacle_avoidance_nav2) by extension 'ignore_ament_install'
[0.179s] Level 1:colcon.colcon_core.package_identification:_identify(src/obstacle_avoidance_nav2) by extensions ['colcon_pkg']
[0.179s] Level 1:colcon.colcon_core.package_identification:_identify(src/obstacle_avoidance_nav2) by extension 'colcon_pkg'
[0.179s] Level 1:colcon.colcon_core.package_identification:_identify(src/obstacle_avoidance_nav2) by extensions ['colcon_meta']
[0.179s] Level 1:colcon.colcon_core.package_identification:_identify(src/obstacle_avoidance_nav2) by extension 'colcon_meta'
[0.179s] Level 1:colcon.colcon_core.package_identification:_identify(src/obstacle_avoidance_nav2) by extensions ['ros']
[0.179s] Level 1:colcon.colcon_core.package_identification:_identify(src/obstacle_avoidance_nav2) by extension 'ros'
[0.180s] DEBUG:colcon.colcon_core.package_identification:Package 'src/obstacle_avoidance_nav2' with type 'ros.ament_python' and name 'obstacle_avoidance_nav2'
[0.180s] Level 1:colcon.colcon_core.package_identification:_identify(src/ros2_gz_bridges) by extensions ['ignore', 'ignore_ament_install']
[0.180s] Level 1:colcon.colcon_core.package_identification:_identify(src/ros2_gz_bridges) by extension 'ignore'
[0.181s] Level 1:colcon.colcon_core.package_identification:_identify(src/ros2_gz_bridges) by extension 'ignore_ament_install'
[0.181s] Level 1:colcon.colcon_core.package_identification:_identify(src/ros2_gz_bridges) by extensions ['colcon_pkg']
[0.181s] Level 1:colcon.colcon_core.package_identification:_identify(src/ros2_gz_bridges) by extension 'colcon_pkg'
[0.181s] Level 1:colcon.colcon_core.package_identification:_identify(src/ros2_gz_bridges) by extensions ['colcon_meta']
[0.181s] Level 1:colcon.colcon_core.package_identification:_identify(src/ros2_gz_bridges) by extension 'colcon_meta'
[0.181s] Level 1:colcon.colcon_core.package_identification:_identify(src/ros2_gz_bridges) by extensions ['ros']
[0.181s] Level 1:colcon.colcon_core.package_identification:_identify(src/ros2_gz_bridges) by extension 'ros'
[0.181s] DEBUG:colcon.colcon_core.package_identification:Package 'src/ros2_gz_bridges' with type 'ros.ament_python' and name 'ros2_gz_bridges'
[0.182s] Level 1:colcon.colcon_core.package_identification:_identify(src/simple_path_planner) by extensions ['ignore', 'ignore_ament_install']
[0.182s] Level 1:colcon.colcon_core.package_identification:_identify(src/simple_path_planner) by extension 'ignore'
[0.182s] Level 1:colcon.colcon_core.package_identification:_identify(src/simple_path_planner) by extension 'ignore_ament_install'
[0.182s] Level 1:colcon.colcon_core.package_identification:_identify(src/simple_path_planner) by extensions ['colcon_pkg']
[0.182s] Level 1:colcon.colcon_core.package_identification:_identify(src/simple_path_planner) by extension 'colcon_pkg'
[0.182s] Level 1:colcon.colcon_core.package_identification:_identify(src/simple_path_planner) by extensions ['colcon_meta']
[0.182s] Level 1:colcon.colcon_core.package_identification:_identify(src/simple_path_planner) by extension 'colcon_meta'
[0.182s] Level 1:colcon.colcon_core.package_identification:_identify(src/simple_path_planner) by extensions ['ros']
[0.182s] Level 1:colcon.colcon_core.package_identification:_identify(src/simple_path_planner) by extension 'ros'
[0.183s] DEBUG:colcon.colcon_core.package_identification:Package 'src/simple_path_planner' with type 'ros.ament_python' and name 'simple_path_planner'
[0.183s] Level 1:colcon.colcon_core.package_discovery:discover_packages(recursive) using defaults
[0.183s] Level 1:colcon.colcon_core.package_discovery:discover_packages(ignore) discover
[0.183s] Level 1:colcon.colcon_core.package_discovery:discover_packages(ignore) using defaults
[0.183s] Level 1:colcon.colcon_core.package_discovery:discover_packages(path) discover
[0.183s] Level 1:colcon.colcon_core.package_discovery:discover_packages(path) using defaults
[0.200s] Level 1:colcon.colcon_core.package_discovery:discover_packages(prefix_path) check parameters
[0.200s] Level 1:colcon.colcon_core.package_discovery:discover_packages(prefix_path) discover
[0.205s] DEBUG:colcon.colcon_installed_package_information.package_discovery:Found 408 installed packages in /opt/ros/jazzy
[0.206s] Level 1:colcon.colcon_core.package_discovery:discover_packages(prefix_path) using defaults
[0.261s] Level 5:colcon.colcon_core.verb:set package 'obstacle_avoidance_controller' build argument 'cmake_args' from command line to 'None'
[0.261s] Level 5:colcon.colcon_core.verb:set package 'obstacle_avoidance_controller' build argument 'cmake_target' from command line to 'None'
[0.261s] Level 5:colcon.colcon_core.verb:set package 'obstacle_avoidance_controller' build argument 'cmake_target_skip_unavailable' from command line to 'False'
[0.261s] Level 5:colcon.colcon_core.verb:set package 'obstacle_avoidance_controller' build argument 'cmake_clean_cache' from command line to 'False'
[0.261s] Level 5:colcon.colcon_core.verb:set package 'obstacle_avoidance_controller' build argument 'cmake_clean_first' from command line to 'False'
[0.262s] Level 5:colcon.colcon_core.verb:set package 'obstacle_avoidance_controller' build argument 'cmake_force_configure' from command line to 'False'
[0.262s] Level 5:colcon.colcon_core.verb:set package 'obstacle_avoidance_controller' build argument 'ament_cmake_args' from command line to 'None'
[0.262s] Level 5:colcon.colcon_core.verb:set package 'obstacle_avoidance_controller' build argument 'catkin_cmake_args' from command line to 'None'
[0.262s] Level 5:colcon.colcon_core.verb:set package 'obstacle_avoidance_controller' build argument 'catkin_skip_building_tests' from command line to 'False'
[0.262s] DEBUG:colcon.colcon_core.verb:Building package 'obstacle_avoidance_controller' with the following arguments: {'ament_cmake_args': None, 'build_base': '/home/projectlab3_ss25/test_project/build/obstacle_avoidance_controller', 'catkin_cmake_args': None, 'catkin_skip_building_tests': False, 'cmake_args': None, 'cmake_clean_cache': False, 'cmake_clean_first': False, 'cmake_force_configure': False, 'cmake_target': None, 'cmake_target_skip_unavailable': False, 'install_base': '/home/projectlab3_ss25/test_project/install/obstacle_avoidance_controller', 'merge_install': False, 'path': '/home/projectlab3_ss25/test_project/src/obstacle_avoidance_controller', 'symlink_install': False, 'test_result_base': None}
[0.262s] Level 5:colcon.colcon_core.verb:set package 'obstacle_avoidance_nav2' build argument 'cmake_args' from command line to 'None'
[0.262s] Level 5:colcon.colcon_core.verb:set package 'obstacle_avoidance_nav2' build argument 'cmake_target' from command line to 'None'
[0.262s] Level 5:colcon.colcon_core.verb:set package 'obstacle_avoidance_nav2' build argument 'cmake_target_skip_unavailable' from command line to 'False'
[0.262s] Level 5:colcon.colcon_core.verb:set package 'obstacle_avoidance_nav2' build argument 'cmake_clean_cache' from command line to 'False'
[0.262s] Level 5:colcon.colcon_core.verb:set package 'obstacle_avoidance_nav2' build argument 'cmake_clean_first' from command line to 'False'
[0.262s] Level 5:colcon.colcon_core.verb:set package 'obstacle_avoidance_nav2' build argument 'cmake_force_configure' from command line to 'False'
[0.262s] Level 5:colcon.colcon_core.verb:set package 'obstacle_avoidance_nav2' build argument 'ament_cmake_args' from command line to 'None'
[0.262s] Level 5:colcon.colcon_core.verb:set package 'obstacle_avoidance_nav2' build argument 'catkin_cmake_args' from command line to 'None'
[0.262s] Level 5:colcon.colcon_core.verb:set package 'obstacle_avoidance_nav2' build argument 'catkin_skip_building_tests' from command line to 'False'
[0.262s] DEBUG:colcon.colcon_core.verb:Building package 'obstacle_avoidance_nav2' with the following arguments: {'ament_cmake_args': None, 'build_base': '/home/projectlab3_ss25/test_project/build/obstacle_avoidance_nav2', 'catkin_cmake_args': None, 'catkin_skip_building_tests': False, 'cmake_args': None, 'cmake_clean_cache': False, 'cmake_clean_first': False, 'cmake_force_configure': False, 'cmake_target': None, 'cmake_target_skip_unavailable': False, 'install_base': '/home/projectlab3_ss25/test_project/install/obstacle_avoidance_nav2', 'merge_install': False, 'path': '/home/projectlab3_ss25/test_project/src/obstacle_avoidance_nav2', 'symlink_install': False, 'test_result_base': None}
[0.262s] Level 5:colcon.colcon_core.verb:set package 'ros2_gz_bridges' build argument 'cmake_args' from command line to 'None'
[0.262s] Level 5:colcon.colcon_core.verb:set package 'ros2_gz_bridges' build argument 'cmake_target' from command line to 'None'
[0.262s] Level 5:colcon.colcon_core.verb:set package 'ros2_gz_bridges' build argument 'cmake_target_skip_unavailable' from command line to 'False'
[0.263s] Level 5:colcon.colcon_core.verb:set package 'ros2_gz_bridges' build argument 'cmake_clean_cache' from command line to 'False'
[0.263s] Level 5:colcon.colcon_core.verb:set package 'ros2_gz_bridges' build argument 'cmake_clean_first' from command line to 'False'
[0.263s] Level 5:colcon.colcon_core.verb:set package 'ros2_gz_bridges' build argument 'cmake_force_configure' from command line to 'False'
[0.263s] Level 5:colcon.colcon_core.verb:set package 'ros2_gz_bridges' build argument 'ament_cmake_args' from command line to 'None'
[0.263s] Level 5:colcon.colcon_core.verb:set package 'ros2_gz_bridges' build argument 'catkin_cmake_args' from command line to 'None'
[0.263s] Level 5:colcon.colcon_core.verb:set package 'ros2_gz_bridges' build argument 'catkin_skip_building_tests' from command line to 'False'
[0.263s] DEBUG:colcon.colcon_core.verb:Building package 'ros2_gz_bridges' with the following arguments: {'ament_cmake_args': None, 'build_base': '/home/projectlab3_ss25/test_project/build/ros2_gz_bridges', 'catkin_cmake_args': None, 'catkin_skip_building_tests': False, 'cmake_args': None, 'cmake_clean_cache': False, 'cmake_clean_first': False, 'cmake_force_configure': False, 'cmake_target': None, 'cmake_target_skip_unavailable': False, 'install_base': '/home/projectlab3_ss25/test_project/install/ros2_gz_bridges', 'merge_install': False, 'path': '/home/projectlab3_ss25/test_project/src/ros2_gz_bridges', 'symlink_install': False, 'test_result_base': None}
[0.263s] Level 5:colcon.colcon_core.verb:set package 'simple_path_planner' build argument 'cmake_args' from command line to 'None'
[0.263s] Level 5:colcon.colcon_core.verb:set package 'simple_path_planner' build argument 'cmake_target' from command line to 'None'
[0.263s] Level 5:colcon.colcon_core.verb:set package 'simple_path_planner' build argument 'cmake_target_skip_unavailable' from command line to 'False'
[0.263s] Level 5:colcon.colcon_core.verb:set package 'simple_path_planner' build argument 'cmake_clean_cache' from command line to 'False'
[0.263s] Level 5:colcon.colcon_core.verb:set package 'simple_path_planner' build argument 'cmake_clean_first' from command line to 'False'
[0.263s] Level 5:colcon.colcon_core.verb:set package 'simple_path_planner' build argument 'cmake_force_configure' from command line to 'False'
[0.263s] Level 5:colcon.colcon_core.verb:set package 'simple_path_planner' build argument 'ament_cmake_args' from command line to 'None'
[0.263s] Level 5:colcon.colcon_core.verb:set package 'simple_path_planner' build argument 'catkin_cmake_args' from command line to 'None'
[0.263s] Level 5:colcon.colcon_core.verb:set package 'simple_path_planner' build argument 'catkin_skip_building_tests' from command line to 'False'
[0.263s] DEBUG:colcon.colcon_core.verb:Building package 'simple_path_planner' with the following arguments: {'ament_cmake_args': None, 'build_base': '/home/projectlab3_ss25/test_project/build/simple_path_planner', 'catkin_cmake_args': None, 'catkin_skip_building_tests': False, 'cmake_args': None, 'cmake_clean_cache': False, 'cmake_clean_first': False, 'cmake_force_configure': False, 'cmake_target': None, 'cmake_target_skip_unavailable': False, 'install_base': '/home/projectlab3_ss25/test_project/install/simple_path_planner', 'merge_install': False, 'path': '/home/projectlab3_ss25/test_project/src/simple_path_planner', 'symlink_install': False, 'test_result_base': None}
[0.263s] INFO:colcon.colcon_core.executor:Executing jobs using 'parallel' executor
[0.264s] DEBUG:colcon.colcon_parallel_executor.executor.parallel:run_until_complete
[0.265s] INFO:colcon.colcon_ros.task.ament_python.build:Building ROS package in '/home/projectlab3_ss25/test_project/src/obstacle_avoidance_controller' with build type 'ament_python'
[0.265s] Level 1:colcon.colcon_core.shell:create_environment_hook('obstacle_avoidance_controller', 'ament_prefix_path')
[0.267s] INFO:colcon.colcon_core.plugin_system:Skipping extension 'colcon_core.shell.bat': Not used on non-Windows systems
[0.267s] INFO:colcon.colcon_core.shell:Creating environment hook '/home/projectlab3_ss25/test_project/install/obstacle_avoidance_controller/share/obstacle_avoidance_controller/hook/ament_prefix_path.ps1'
[0.268s] INFO:colcon.colcon_core.shell:Creating environment descriptor '/home/projectlab3_ss25/test_project/install/obstacle_avoidance_controller/share/obstacle_avoidance_controller/hook/ament_prefix_path.dsv'
[0.268s] INFO:colcon.colcon_core.shell:Creating environment hook '/home/projectlab3_ss25/test_project/install/obstacle_avoidance_controller/share/obstacle_avoidance_controller/hook/ament_prefix_path.sh'
[0.269s] INFO:colcon.colcon_core.shell:Skip shell extension 'powershell' for command environment: Not usable outside of PowerShell
[0.269s] DEBUG:colcon.colcon_core.shell:Skip shell extension 'dsv' for command environment
[0.273s] INFO:colcon.colcon_ros.task.ament_python.build:Building ROS package in '/home/projectlab3_ss25/test_project/src/obstacle_avoidance_nav2' with build type 'ament_python'
[0.274s] Level 1:colcon.colcon_core.shell:create_environment_hook('obstacle_avoidance_nav2', 'ament_prefix_path')
[0.274s] INFO:colcon.colcon_core.shell:Creating environment hook '/home/projectlab3_ss25/test_project/install/obstacle_avoidance_nav2/share/obstacle_avoidance_nav2/hook/ament_prefix_path.ps1'
[0.274s] INFO:colcon.colcon_core.shell:Creating environment descriptor '/home/projectlab3_ss25/test_project/install/obstacle_avoidance_nav2/share/obstacle_avoidance_nav2/hook/ament_prefix_path.dsv'
[0.275s] INFO:colcon.colcon_core.shell:Creating environment hook '/home/projectlab3_ss25/test_project/install/obstacle_avoidance_nav2/share/obstacle_avoidance_nav2/hook/ament_prefix_path.sh'
[0.275s] INFO:colcon.colcon_core.shell:Skip shell extension 'powershell' for command environment: Not usable outside of PowerShell
[0.275s] DEBUG:colcon.colcon_core.shell:Skip shell extension 'dsv' for command environment
[0.279s] INFO:colcon.colcon_ros.task.ament_python.build:Building ROS package in '/home/projectlab3_ss25/test_project/src/ros2_gz_bridges' with build type 'ament_python'
[0.279s] Level 1:colcon.colcon_core.shell:create_environment_hook('ros2_gz_bridges', 'ament_prefix_path')
[0.279s] INFO:colcon.colcon_core.shell:Creating environment hook '/home/projectlab3_ss25/test_project/install/ros2_gz_bridges/share/ros2_gz_bridges/hook/ament_prefix_path.ps1'
[0.280s] INFO:colcon.colcon_core.shell:Creating environment descriptor '/home/projectlab3_ss25/test_project/install/ros2_gz_bridges/share/ros2_gz_bridges/hook/ament_prefix_path.dsv'
[0.280s] INFO:colcon.colcon_core.shell:Creating environment hook '/home/projectlab3_ss25/test_project/install/ros2_gz_bridges/share/ros2_gz_bridges/hook/ament_prefix_path.sh'
[0.281s] INFO:colcon.colcon_core.shell:Skip shell extension 'powershell' for command environment: Not usable outside of PowerShell
[0.281s] DEBUG:colcon.colcon_core.shell:Skip shell extension 'dsv' for command environment
[0.284s] INFO:colcon.colcon_ros.task.ament_python.build:Building ROS package in '/home/projectlab3_ss25/test_project/src/simple_path_planner' with build type 'ament_python'
[0.284s] Level 1:colcon.colcon_core.shell:create_environment_hook('simple_path_planner', 'ament_prefix_path')
[0.285s] INFO:colcon.colcon_core.shell:Creating environment hook '/home/projectlab3_ss25/test_project/install/simple_path_planner/share/simple_path_planner/hook/ament_prefix_path.ps1'
[0.285s] INFO:colcon.colcon_core.shell:Creating environment descriptor '/home/projectlab3_ss25/test_project/install/simple_path_planner/share/simple_path_planner/hook/ament_prefix_path.dsv'
[0.286s] INFO:colcon.colcon_core.shell:Creating environment hook '/home/projectlab3_ss25/test_project/install/simple_path_planner/share/simple_path_planner/hook/ament_prefix_path.sh'
[0.286s] INFO:colcon.colcon_core.shell:Skip shell extension 'powershell' for command environment: Not usable outside of PowerShell
[0.286s] DEBUG:colcon.colcon_core.shell:Skip shell extension 'dsv' for command environment
[0.520s] INFO:colcon.colcon_core.task.python.build:Building Python package in '/home/projectlab3_ss25/test_project/src/obstacle_avoidance_controller'
[0.520s] INFO:colcon.colcon_core.shell:Skip shell extension 'powershell' for command environment: Not usable outside of PowerShell
[0.520s] DEBUG:colcon.colcon_core.shell:Skip shell extension 'dsv' for command environment
[0.757s] WARNING:colcon.colcon_ros.task.ament_python.build:Package 'obstacle_avoidance_nav2' doesn't explicitly install a marker in the package index (colcon-ros currently does it implicitly but that fallback will be removed in the future)
[0.757s] WARNING:colcon.colcon_ros.task.ament_python.build:Package 'obstacle_avoidance_nav2' doesn't explicitly install the 'package.xml' file (colcon-ros currently does it implicitly but that fallback will be removed in the future)
[0.757s] INFO:colcon.colcon_core.task.python.build:Building Python package in '/home/projectlab3_ss25/test_project/src/obstacle_avoidance_nav2'
[0.757s] INFO:colcon.colcon_core.shell:Skip shell extension 'powershell' for command environment: Not usable outside of PowerShell
[0.757s] DEBUG:colcon.colcon_core.shell:Skip shell extension 'dsv' for command environment
[0.992s] INFO:colcon.colcon_core.task.python.build:Building Python package in '/home/projectlab3_ss25/test_project/src/ros2_gz_bridges'
[0.992s] INFO:colcon.colcon_core.shell:Skip shell extension 'powershell' for command environment: Not usable outside of PowerShell
[0.992s] DEBUG:colcon.colcon_core.shell:Skip shell extension 'dsv' for command environment
[1.225s] WARNING:colcon.colcon_ros.task.ament_python.build:Package 'simple_path_planner' doesn't explicitly install a marker in the package index (colcon-ros currently does it implicitly but that fallback will be removed in the future)
[1.225s] WARNING:colcon.colcon_ros.task.ament_python.build:Package 'simple_path_planner' doesn't explicitly install the 'package.xml' file (colcon-ros currently does it implicitly but that fallback will be removed in the future)
[1.226s] INFO:colcon.colcon_core.task.python.build:Building Python package in '/home/projectlab3_ss25/test_project/src/simple_path_planner'
[1.226s] INFO:colcon.colcon_core.shell:Skip shell extension 'powershell' for command environment: Not usable outside of PowerShell
[1.226s] DEBUG:colcon.colcon_core.shell:Skip shell extension 'dsv' for command environment
[2.058s] DEBUG:colcon.colcon_core.event_handler.log_command:Invoking command in '/home/projectlab3_ss25/test_project/src/obstacle_avoidance_nav2': DEBUGINFOD_URLS=https://debuginfod.ubuntu.com PYTHONPATH=/home/projectlab3_ss25/test_project/build/obstacle_avoidance_nav2/prefix_override:/usr/lib/python3/dist-packages/colcon_core/task/python/colcon_distutils_commands:/home/projectlab3_ss25/test_project/install/obstacle_avoidance_nav2/lib/python3.12/site-packages:${PYTHONPATH} /usr/bin/python3 -W ignore:setup.py install is deprecated -W ignore:easy_install command is deprecated setup.py egg_info --egg-base ../../build/obstacle_avoidance_nav2 build --build-base /home/projectlab3_ss25/test_project/build/obstacle_avoidance_nav2/build install --record /home/projectlab3_ss25/test_project/build/obstacle_avoidance_nav2/install.log --single-version-externally-managed
[2.077s] DEBUG:colcon.colcon_core.event_handler.log_command:Invoking command in '/home/projectlab3_ss25/test_project/src/ros2_gz_bridges': DEBUGINFOD_URLS=https://debuginfod.ubuntu.com PYTHONPATH=/home/projectlab3_ss25/test_project/build/ros2_gz_bridges/prefix_override:/usr/lib/python3/dist-packages/colcon_core/task/python/colcon_distutils_commands:/home/projectlab3_ss25/test_project/install/ros2_gz_bridges/lib/python3.12/site-packages:${PYTHONPATH} /usr/bin/python3 -W ignore:setup.py install is deprecated -W ignore:easy_install command is deprecated setup.py egg_info --egg-base ../../build/ros2_gz_bridges build --build-base /home/projectlab3_ss25/test_project/build/ros2_gz_bridges/build install --record /home/projectlab3_ss25/test_project/build/ros2_gz_bridges/install.log --single-version-externally-managed install_data
[2.114s] DEBUG:colcon.colcon_core.event_handler.log_command:Invoking command in '/home/projectlab3_ss25/test_project/src/simple_path_planner': DEBUGINFOD_URLS=https://debuginfod.ubuntu.com PYTHONPATH=/home/projectlab3_ss25/test_project/build/simple_path_planner/prefix_override:/usr/lib/python3/dist-packages/colcon_core/task/python/colcon_distutils_commands:/home/projectlab3_ss25/test_project/install/simple_path_planner/lib/python3.12/site-packages:${PYTHONPATH} /usr/bin/python3 -W ignore:setup.py install is deprecated -W ignore:easy_install command is deprecated setup.py egg_info --egg-base ../../build/simple_path_planner build --build-base /home/projectlab3_ss25/test_project/build/simple_path_planner/build install --record /home/projectlab3_ss25/test_project/build/simple_path_planner/install.log --single-version-externally-managed
[2.170s] DEBUG:colcon.colcon_core.event_handler.log_command:Invoking command in '/home/projectlab3_ss25/test_project/src/obstacle_avoidance_controller': DEBUGINFOD_URLS=https://debuginfod.ubuntu.com PYTHONPATH=/home/projectlab3_ss25/test_project/build/obstacle_avoidance_controller/prefix_override:/usr/lib/python3/dist-packages/colcon_core/task/python/colcon_distutils_commands:/home/projectlab3_ss25/test_project/install/obstacle_avoidance_controller/lib/python3.12/site-packages:${PYTHONPATH} /usr/bin/python3 -W ignore:setup.py install is deprecated -W ignore:easy_install command is deprecated setup.py egg_info --egg-base ../../build/obstacle_avoidance_controller build --build-base /home/projectlab3_ss25/test_project/build/obstacle_avoidance_controller/build install --record /home/projectlab3_ss25/test_project/build/obstacle_avoidance_controller/install.log --single-version-externally-managed install_data
[2.898s] Level 1:colcon.colcon_core.environment:checking '/home/projectlab3_ss25/test_project/install/simple_path_planner' for CMake module files
[2.899s] DEBUG:colcon.colcon_core.event_handler.log_command:Invoked command in '/home/projectlab3_ss25/test_project/src/simple_path_planner' returned '0': DEBUGINFOD_URLS=https://debuginfod.ubuntu.com PYTHONPATH=/home/projectlab3_ss25/test_project/build/simple_path_planner/prefix_override:/usr/lib/python3/dist-packages/colcon_core/task/python/colcon_distutils_commands:/home/projectlab3_ss25/test_project/install/simple_path_planner/lib/python3.12/site-packages:${PYTHONPATH} /usr/bin/python3 -W ignore:setup.py install is deprecated -W ignore:easy_install command is deprecated setup.py egg_info --egg-base ../../build/simple_path_planner build --build-base /home/projectlab3_ss25/test_project/build/simple_path_planner/build install --record /home/projectlab3_ss25/test_project/build/simple_path_planner/install.log --single-version-externally-managed
[2.900s] Level 1:colcon.colcon_core.environment:checking '/home/projectlab3_ss25/test_project/install/simple_path_planner' for CMake config files
[2.901s] Level 1:colcon.colcon_core.environment:checking '/home/projectlab3_ss25/test_project/install/simple_path_planner/lib'
[2.901s] Level 1:colcon.colcon_core.environment:checking '/home/projectlab3_ss25/test_project/install/simple_path_planner/bin'
[2.902s] Level 1:colcon.colcon_core.environment:checking '/home/projectlab3_ss25/test_project/install/simple_path_planner/lib/pkgconfig/simple_path_planner.pc'
[2.902s] Level 1:colcon.colcon_core.environment:checking '/home/projectlab3_ss25/test_project/install/simple_path_planner/lib/python3.12/site-packages'
[2.902s] Level 1:colcon.colcon_core.shell:create_environment_hook('simple_path_planner', 'pythonpath')
[2.903s] INFO:colcon.colcon_core.shell:Creating environment hook '/home/projectlab3_ss25/test_project/install/simple_path_planner/share/simple_path_planner/hook/pythonpath.ps1'
[2.903s] INFO:colcon.colcon_core.shell:Creating environment descriptor '/home/projectlab3_ss25/test_project/install/simple_path_planner/share/simple_path_planner/hook/pythonpath.dsv'
[2.904s] INFO:colcon.colcon_core.shell:Creating environment hook '/home/projectlab3_ss25/test_project/install/simple_path_planner/share/simple_path_planner/hook/pythonpath.sh'
[2.905s] Level 1:colcon.colcon_core.environment:checking '/home/projectlab3_ss25/test_project/install/simple_path_planner/bin'
[2.905s] Level 1:colcon.colcon_core.environment:create_environment_scripts_only(simple_path_planner)
[2.905s] INFO:colcon.colcon_core.shell:Creating package script '/home/projectlab3_ss25/test_project/install/simple_path_planner/share/simple_path_planner/package.ps1'
[2.906s] INFO:colcon.colcon_core.shell:Creating package descriptor '/home/projectlab3_ss25/test_project/install/simple_path_planner/share/simple_path_planner/package.dsv'
[2.907s] INFO:colcon.colcon_core.shell:Creating package script '/home/projectlab3_ss25/test_project/install/simple_path_planner/share/simple_path_planner/package.sh'
[2.908s] INFO:colcon.colcon_core.shell:Creating package script '/home/projectlab3_ss25/test_project/install/simple_path_planner/share/simple_path_planner/package.bash'
[2.910s] INFO:colcon.colcon_core.shell:Creating package script '/home/projectlab3_ss25/test_project/install/simple_path_planner/share/simple_path_planner/package.zsh'
[2.910s] Level 1:colcon.colcon_core.environment:create_file_with_runtime_dependencies(/home/projectlab3_ss25/test_project/install/simple_path_planner/share/colcon-core/packages/simple_path_planner)
[2.928s] Level 1:colcon.colcon_core.environment:checking '/home/projectlab3_ss25/test_project/install/obstacle_avoidance_controller' for CMake module files
[2.929s] Level 1:colcon.colcon_core.environment:checking '/home/projectlab3_ss25/test_project/install/obstacle_avoidance_controller' for CMake config files
[2.929s] Level 1:colcon.colcon_core.environment:checking '/home/projectlab3_ss25/test_project/install/obstacle_avoidance_controller/lib'
[2.930s] Level 1:colcon.colcon_core.environment:checking '/home/projectlab3_ss25/test_project/install/obstacle_avoidance_controller/bin'
[2.930s] Level 1:colcon.colcon_core.environment:checking '/home/projectlab3_ss25/test_project/install/obstacle_avoidance_controller/lib/pkgconfig/obstacle_avoidance_controller.pc'
[2.930s] Level 1:colcon.colcon_core.environment:checking '/home/projectlab3_ss25/test_project/install/obstacle_avoidance_controller/lib/python3.12/site-packages'
[2.930s] Level 1:colcon.colcon_core.shell:create_environment_hook('obstacle_avoidance_controller', 'pythonpath')
[2.930s] INFO:colcon.colcon_core.shell:Creating environment hook '/home/projectlab3_ss25/test_project/install/obstacle_avoidance_controller/share/obstacle_avoidance_controller/hook/pythonpath.ps1'
[2.928s] DEBUG:colcon.colcon_core.event_handler.log_command:Invoked command in '/home/projectlab3_ss25/test_project/src/obstacle_avoidance_controller' returned '0': DEBUGINFOD_URLS=https://debuginfod.ubuntu.com PYTHONPATH=/home/projectlab3_ss25/test_project/build/obstacle_avoidance_controller/prefix_override:/usr/lib/python3/dist-packages/colcon_core/task/python/colcon_distutils_commands:/home/projectlab3_ss25/test_project/install/obstacle_avoidance_controller/lib/python3.12/site-packages:${PYTHONPATH} /usr/bin/python3 -W ignore:setup.py install is deprecated -W ignore:easy_install command is deprecated setup.py egg_info --egg-base ../../build/obstacle_avoidance_controller build --build-base /home/projectlab3_ss25/test_project/build/obstacle_avoidance_controller/build install --record /home/projectlab3_ss25/test_project/build/obstacle_avoidance_controller/install.log --single-version-externally-managed install_data
[2.931s] INFO:colcon.colcon_core.shell:Creating environment descriptor '/home/projectlab3_ss25/test_project/install/obstacle_avoidance_controller/share/obstacle_avoidance_controller/hook/pythonpath.dsv'
[2.932s] INFO:colcon.colcon_core.shell:Creating environment hook '/home/projectlab3_ss25/test_project/install/obstacle_avoidance_controller/share/obstacle_avoidance_controller/hook/pythonpath.sh'
[2.932s] Level 1:colcon.colcon_core.environment:checking '/home/projectlab3_ss25/test_project/install/obstacle_avoidance_controller/bin'
[2.932s] Level 1:colcon.colcon_core.environment:create_environment_scripts_only(obstacle_avoidance_controller)
[2.933s] INFO:colcon.colcon_core.shell:Creating package script '/home/projectlab3_ss25/test_project/install/obstacle_avoidance_controller/share/obstacle_avoidance_controller/package.ps1'
[2.933s] INFO:colcon.colcon_core.shell:Creating package descriptor '/home/projectlab3_ss25/test_project/install/obstacle_avoidance_controller/share/obstacle_avoidance_controller/package.dsv'
[2.934s] INFO:colcon.colcon_core.shell:Creating package script '/home/projectlab3_ss25/test_project/install/obstacle_avoidance_controller/share/obstacle_avoidance_controller/package.sh'
[2.934s] INFO:colcon.colcon_core.shell:Creating package script '/home/projectlab3_ss25/test_project/install/obstacle_avoidance_controller/share/obstacle_avoidance_controller/package.bash'
[2.935s] INFO:colcon.colcon_core.shell:Creating package script '/home/projectlab3_ss25/test_project/install/obstacle_avoidance_controller/share/obstacle_avoidance_controller/package.zsh'
[2.935s] Level 1:colcon.colcon_core.environment:create_file_with_runtime_dependencies(/home/projectlab3_ss25/test_project/install/obstacle_avoidance_controller/share/colcon-core/packages/obstacle_avoidance_controller)
[2.960s] Level 1:colcon.colcon_core.environment:checking '/home/projectlab3_ss25/test_project/install/obstacle_avoidance_nav2' for CMake module files
[2.961s] DEBUG:colcon.colcon_core.event_handler.log_command:Invoked command in '/home/projectlab3_ss25/test_project/src/obstacle_avoidance_nav2' returned '0': DEBUGINFOD_URLS=https://debuginfod.ubuntu.com PYTHONPATH=/home/projectlab3_ss25/test_project/build/obstacle_avoidance_nav2/prefix_override:/usr/lib/python3/dist-packages/colcon_core/task/python/colcon_distutils_commands:/home/projectlab3_ss25/test_project/install/obstacle_avoidance_nav2/lib/python3.12/site-packages:${PYTHONPATH} /usr/bin/python3 -W ignore:setup.py install is deprecated -W ignore:easy_install command is deprecated setup.py egg_info --egg-base ../../build/obstacle_avoidance_nav2 build --build-base /home/projectlab3_ss25/test_project/build/obstacle_avoidance_nav2/build install --record /home/projectlab3_ss25/test_project/build/obstacle_avoidance_nav2/install.log --single-version-externally-managed
[2.961s] Level 1:colcon.colcon_core.environment:checking '/home/projectlab3_ss25/test_project/install/obstacle_avoidance_nav2' for CMake config files
[2.962s] Level 1:colcon.colcon_core.environment:checking '/home/projectlab3_ss25/test_project/install/obstacle_avoidance_nav2/lib'
[2.962s] Level 1:colcon.colcon_core.environment:checking '/home/projectlab3_ss25/test_project/install/obstacle_avoidance_nav2/bin'
[2.962s] Level 1:colcon.colcon_core.environment:checking '/home/projectlab3_ss25/test_project/install/obstacle_avoidance_nav2/lib/pkgconfig/obstacle_avoidance_nav2.pc'
[2.962s] Level 1:colcon.colcon_core.environment:checking '/home/projectlab3_ss25/test_project/install/obstacle_avoidance_nav2/lib/python3.12/site-packages'
[2.962s] Level 1:colcon.colcon_core.shell:create_environment_hook('obstacle_avoidance_nav2', 'pythonpath')
[2.963s] INFO:colcon.colcon_core.shell:Creating environment hook '/home/projectlab3_ss25/test_project/install/obstacle_avoidance_nav2/share/obstacle_avoidance_nav2/hook/pythonpath.ps1'
[2.963s] INFO:colcon.colcon_core.shell:Creating environment descriptor '/home/projectlab3_ss25/test_project/install/obstacle_avoidance_nav2/share/obstacle_avoidance_nav2/hook/pythonpath.dsv'
[2.964s] INFO:colcon.colcon_core.shell:Creating environment hook '/home/projectlab3_ss25/test_project/install/obstacle_avoidance_nav2/share/obstacle_avoidance_nav2/hook/pythonpath.sh'
[2.964s] Level 1:colcon.colcon_core.environment:checking '/home/projectlab3_ss25/test_project/install/obstacle_avoidance_nav2/bin'
[2.964s] Level 1:colcon.colcon_core.environment:create_environment_scripts_only(obstacle_avoidance_nav2)
[2.965s] INFO:colcon.colcon_core.shell:Creating package script '/home/projectlab3_ss25/test_project/install/obstacle_avoidance_nav2/share/obstacle_avoidance_nav2/package.ps1'
[2.965s] INFO:colcon.colcon_core.shell:Creating package descriptor '/home/projectlab3_ss25/test_project/install/obstacle_avoidance_nav2/share/obstacle_avoidance_nav2/package.dsv'
[2.966s] INFO:colcon.colcon_core.shell:Creating package script '/home/projectlab3_ss25/test_project/install/obstacle_avoidance_nav2/share/obstacle_avoidance_nav2/package.sh'
[2.966s] INFO:colcon.colcon_core.shell:Creating package script '/home/projectlab3_ss25/test_project/install/obstacle_avoidance_nav2/share/obstacle_avoidance_nav2/package.bash'
[2.967s] INFO:colcon.colcon_core.shell:Creating package script '/home/projectlab3_ss25/test_project/install/obstacle_avoidance_nav2/share/obstacle_avoidance_nav2/package.zsh'
[2.967s] Level 1:colcon.colcon_core.environment:create_file_with_runtime_dependencies(/home/projectlab3_ss25/test_project/install/obstacle_avoidance_nav2/share/colcon-core/packages/obstacle_avoidance_nav2)
[2.996s] Level 1:colcon.colcon_core.environment:checking '/home/projectlab3_ss25/test_project/install/ros2_gz_bridges' for CMake module files
[2.997s] DEBUG:colcon.colcon_core.event_handler.log_command:Invoked command in '/home/projectlab3_ss25/test_project/src/ros2_gz_bridges' returned '0': DEBUGINFOD_URLS=https://debuginfod.ubuntu.com PYTHONPATH=/home/projectlab3_ss25/test_project/build/ros2_gz_bridges/prefix_override:/usr/lib/python3/dist-packages/colcon_core/task/python/colcon_distutils_commands:/home/projectlab3_ss25/test_project/install/ros2_gz_bridges/lib/python3.12/site-packages:${PYTHONPATH} /usr/bin/python3 -W ignore:setup.py install is deprecated -W ignore:easy_install command is deprecated setup.py egg_info --egg-base ../../build/ros2_gz_bridges build --build-base /home/projectlab3_ss25/test_project/build/ros2_gz_bridges/build install --record /home/projectlab3_ss25/test_project/build/ros2_gz_bridges/install.log --single-version-externally-managed install_data
[2.997s] Level 1:colcon.colcon_core.environment:checking '/home/projectlab3_ss25/test_project/install/ros2_gz_bridges' for CMake config files
[2.998s] Level 1:colcon.colcon_core.environment:checking '/home/projectlab3_ss25/test_project/install/ros2_gz_bridges/lib'
[2.998s] Level 1:colcon.colcon_core.environment:checking '/home/projectlab3_ss25/test_project/install/ros2_gz_bridges/bin'
[2.998s] Level 1:colcon.colcon_core.environment:checking '/home/projectlab3_ss25/test_project/install/ros2_gz_bridges/lib/pkgconfig/ros2_gz_bridges.pc'
[2.998s] Level 1:colcon.colcon_core.environment:checking '/home/projectlab3_ss25/test_project/install/ros2_gz_bridges/lib/python3.12/site-packages'
[2.998s] Level 1:colcon.colcon_core.shell:create_environment_hook('ros2_gz_bridges', 'pythonpath')
[2.999s] INFO:colcon.colcon_core.shell:Creating environment hook '/home/projectlab3_ss25/test_project/install/ros2_gz_bridges/share/ros2_gz_bridges/hook/pythonpath.ps1'
[2.999s] INFO:colcon.colcon_core.shell:Creating environment descriptor '/home/projectlab3_ss25/test_project/install/ros2_gz_bridges/share/ros2_gz_bridges/hook/pythonpath.dsv'
[3.000s] INFO:colcon.colcon_core.shell:Creating environment hook '/home/projectlab3_ss25/test_project/install/ros2_gz_bridges/share/ros2_gz_bridges/hook/pythonpath.sh'
[3.000s] Level 1:colcon.colcon_core.environment:checking '/home/projectlab3_ss25/test_project/install/ros2_gz_bridges/bin'
[3.000s] Level 1:colcon.colcon_core.environment:create_environment_scripts_only(ros2_gz_bridges)
[3.001s] INFO:colcon.colcon_core.shell:Creating package script '/home/projectlab3_ss25/test_project/install/ros2_gz_bridges/share/ros2_gz_bridges/package.ps1'
[3.001s] INFO:colcon.colcon_core.shell:Creating package descriptor '/home/projectlab3_ss25/test_project/install/ros2_gz_bridges/share/ros2_gz_bridges/package.dsv'
[3.002s] INFO:colcon.colcon_core.shell:Creating package script '/home/projectlab3_ss25/test_project/install/ros2_gz_bridges/share/ros2_gz_bridges/package.sh'
[3.002s] INFO:colcon.colcon_core.shell:Creating package script '/home/projectlab3_ss25/test_project/install/ros2_gz_bridges/share/ros2_gz_bridges/package.bash'
[3.003s] INFO:colcon.colcon_core.shell:Creating package script '/home/projectlab3_ss25/test_project/install/ros2_gz_bridges/share/ros2_gz_bridges/package.zsh'
[3.003s] Level 1:colcon.colcon_core.environment:create_file_with_runtime_dependencies(/home/projectlab3_ss25/test_project/install/ros2_gz_bridges/share/colcon-core/packages/ros2_gz_bridges)
[3.003s] DEBUG:colcon.colcon_parallel_executor.executor.parallel:closing loop
[3.004s] DEBUG:colcon.colcon_parallel_executor.executor.parallel:loop closed
[3.004s] DEBUG:colcon.colcon_parallel_executor.executor.parallel:run_until_complete finished with '0'
[3.004s] DEBUG:colcon.colcon_core.event_reactor:joining thread
[3.023s] INFO:colcon.colcon_core.plugin_system:Skipping extension 'colcon_notification.desktop_notification.terminal_notifier': Not used on non-Darwin systems
[3.023s] INFO:colcon.colcon_core.plugin_system:Skipping extension 'colcon_notification.desktop_notification.win32': Not used on non-Windows systems
[3.023s] INFO:colcon.colcon_notification.desktop_notification:Sending desktop notification using 'notify2'
[3.040s] DEBUG:colcon.colcon_core.event_reactor:joined thread
[3.040s] INFO:colcon.colcon_core.shell:Creating prefix script '/home/projectlab3_ss25/test_project/install/local_setup.ps1'
[3.041s] INFO:colcon.colcon_core.shell:Creating prefix util module '/home/projectlab3_ss25/test_project/install/_local_setup_util_ps1.py'
[3.043s] INFO:colcon.colcon_core.shell:Creating prefix chain script '/home/projectlab3_ss25/test_project/install/setup.ps1'
[3.044s] INFO:colcon.colcon_core.shell:Creating prefix script '/home/projectlab3_ss25/test_project/install/local_setup.sh'
[3.045s] INFO:colcon.colcon_core.shell:Creating prefix util module '/home/projectlab3_ss25/test_project/install/_local_setup_util_sh.py'
[3.045s] INFO:colcon.colcon_core.shell:Creating prefix chain script '/home/projectlab3_ss25/test_project/install/setup.sh'
[3.047s] INFO:colcon.colcon_core.shell:Creating prefix script '/home/projectlab3_ss25/test_project/install/local_setup.bash'
[3.047s] INFO:colcon.colcon_core.shell:Creating prefix chain script '/home/projectlab3_ss25/test_project/install/setup.bash'
[3.048s] INFO:colcon.colcon_core.shell:Creating prefix script '/home/projectlab3_ss25/test_project/install/local_setup.zsh'
[3.049s] INFO:colcon.colcon_core.shell:Creating prefix chain script '/home/projectlab3_ss25/test_project/install/setup.zsh'
