[1.742s] Invoking command in '/home/projectlab3_ss25/our_ws/src/obstacle_avoidance_nav2': DEBUGINFOD_URLS=https://debuginfod.ubuntu.com PYTHONPATH=/home/projectlab3_ss25/our_ws/build/obstacle_avoidance_nav2/prefix_override:/usr/lib/python3/dist-packages/colcon_core/task/python/colcon_distutils_commands:/home/projectlab3_ss25/our_ws/install/obstacle_avoidance_nav2/lib/python3.12/site-packages:${PYTHONPATH} /usr/bin/python3 -W ignore:setup.py install is deprecated -W ignore:easy_install command is deprecated setup.py egg_info --egg-base ../../build/obstacle_avoidance_nav2 build --build-base /home/projectlab3_ss25/our_ws/build/obstacle_avoidance_nav2/build install --record /home/projectlab3_ss25/our_ws/build/obstacle_avoidance_nav2/install.log --single-version-externally-managed
[2.089s] running egg_info
[2.136s] writing ../../build/obstacle_avoidance_nav2/obstacle_avoidance_nav2.egg-info/PKG-INFO
[2.136s] writing dependency_links to ../../build/obstacle_avoidance_nav2/obstacle_avoidance_nav2.egg-info/dependency_links.txt
[2.140s] writing entry points to ../../build/obstacle_avoidance_nav2/obstacle_avoidance_nav2.egg-info/entry_points.txt
[2.140s] writing requirements to ../../build/obstacle_avoidance_nav2/obstacle_avoidance_nav2.egg-info/requires.txt
[2.140s] writing top-level names to ../../build/obstacle_avoidance_nav2/obstacle_avoidance_nav2.egg-info/top_level.txt
[2.251s] reading manifest file '../../build/obstacle_avoidance_nav2/obstacle_avoidance_nav2.egg-info/SOURCES.txt'
[2.255s] writing manifest file '../../build/obstacle_avoidance_nav2/obstacle_avoidance_nav2.egg-info/SOURCES.txt'
[2.255s] running build
[2.255s] running build_py
[2.257s] running install
[2.262s] running install_lib
[2.290s] running install_egg_info
[2.320s] removing '/home/projectlab3_ss25/our_ws/install/obstacle_avoidance_nav2/lib/python3.12/site-packages/obstacle_avoidance_nav2-0.0.1-py3.12.egg-info' (and everything under it)
[2.322s] Copying ../../build/obstacle_avoidance_nav2/obstacle_avoidance_nav2.egg-info to /home/projectlab3_ss25/our_ws/install/obstacle_avoidance_nav2/lib/python3.12/site-packages/obstacle_avoidance_nav2-0.0.1-py3.12.egg-info
[2.324s] running install_scripts
[2.517s] Installing nav2_node script to /home/projectlab3_ss25/our_ws/install/obstacle_avoidance_nav2/lib/obstacle_avoidance_nav2
[2.517s] writing list of installed files to '/home/projectlab3_ss25/our_ws/build/obstacle_avoidance_nav2/install.log'
[2.554s] Invoked command in '/home/projectlab3_ss25/our_ws/src/obstacle_avoidance_nav2' returned '0': DEBUGINFOD_URLS=https://debuginfod.ubuntu.com PYTHONPATH=/home/projectlab3_ss25/our_ws/build/obstacle_avoidance_nav2/prefix_override:/usr/lib/python3/dist-packages/colcon_core/task/python/colcon_distutils_commands:/home/projectlab3_ss25/our_ws/install/obstacle_avoidance_nav2/lib/python3.12/site-packages:${PYTHONPATH} /usr/bin/python3 -W ignore:setup.py install is deprecated -W ignore:easy_install command is deprecated setup.py egg_info --egg-base ../../build/obstacle_avoidance_nav2 build --build-base /home/projectlab3_ss25/our_ws/build/obstacle_avoidance_nav2/build install --record /home/projectlab3_ss25/our_ws/build/obstacle_avoidance_nav2/install.log --single-version-externally-managed
