[1.048s] Invoking command in '/home/projectlab3_ss25/test_project/src/obstacle_avoidance_controller': DEBUGINFOD_URLS=https://debuginfod.ubuntu.com PYTHONPATH=/home/projectlab3_ss25/test_project/build/obstacle_avoidance_controller/prefix_override:/usr/lib/python3/dist-packages/colcon_core/task/python/colcon_distutils_commands:/home/projectlab3_ss25/test_project/install/obstacle_avoidance_controller/lib/python3.12/site-packages:${PYTHONPATH} /usr/bin/python3 -W ignore:setup.py install is deprecated -W ignore:easy_install command is deprecated setup.py egg_info --egg-base ../../build/obstacle_avoidance_controller build --build-base /home/projectlab3_ss25/test_project/build/obstacle_avoidance_controller/build install --record /home/projectlab3_ss25/test_project/build/obstacle_avoidance_controller/install.log --single-version-externally-managed install_data
[1.404s] running egg_info
[1.432s] writing ../../build/obstacle_avoidance_controller/obstacle_avoidance_controller.egg-info/PKG-INFO
[1.432s] writing dependency_links to ../../build/obstacle_avoidance_controller/obstacle_avoidance_controller.egg-info/dependency_links.txt
[1.432s] writing entry points to ../../build/obstacle_avoidance_controller/obstacle_avoidance_controller.egg-info/entry_points.txt
[1.432s] writing requirements to ../../build/obstacle_avoidance_controller/obstacle_avoidance_controller.egg-info/requires.txt
[1.433s] writing top-level names to ../../build/obstacle_avoidance_controller/obstacle_avoidance_controller.egg-info/top_level.txt
[1.491s] reading manifest file '../../build/obstacle_avoidance_controller/obstacle_avoidance_controller.egg-info/SOURCES.txt'
[1.491s] writing manifest file '../../build/obstacle_avoidance_controller/obstacle_avoidance_controller.egg-info/SOURCES.txt'
[1.491s] running build
[1.492s] running build_py
[1.492s] running install
[1.499s] running install_lib
[1.529s] running install_data
[1.529s] running install_egg_info
[1.559s] removing '/home/projectlab3_ss25/test_project/install/obstacle_avoidance_controller/lib/python3.12/site-packages/obstacle_avoidance_controller-0.0.0-py3.12.egg-info' (and everything under it)
[1.560s] Copying ../../build/obstacle_avoidance_controller/obstacle_avoidance_controller.egg-info to /home/projectlab3_ss25/test_project/install/obstacle_avoidance_controller/lib/python3.12/site-packages/obstacle_avoidance_controller-0.0.0-py3.12.egg-info
[1.561s] running install_scripts
[1.744s] Installing obstacle_avoidance script to /home/projectlab3_ss25/test_project/install/obstacle_avoidance_controller/lib/obstacle_avoidance_controller
[1.744s] writing list of installed files to '/home/projectlab3_ss25/test_project/build/obstacle_avoidance_controller/install.log'
[1.780s] Invoked command in '/home/projectlab3_ss25/test_project/src/obstacle_avoidance_controller' returned '0': DEBUGINFOD_URLS=https://debuginfod.ubuntu.com PYTHONPATH=/home/projectlab3_ss25/test_project/build/obstacle_avoidance_controller/prefix_override:/usr/lib/python3/dist-packages/colcon_core/task/python/colcon_distutils_commands:/home/projectlab3_ss25/test_project/install/obstacle_avoidance_controller/lib/python3.12/site-packages:${PYTHONPATH} /usr/bin/python3 -W ignore:setup.py install is deprecated -W ignore:easy_install command is deprecated setup.py egg_info --egg-base ../../build/obstacle_avoidance_controller build --build-base /home/projectlab3_ss25/test_project/build/obstacle_avoidance_controller/build install --record /home/projectlab3_ss25/test_project/build/obstacle_avoidance_controller/install.log --single-version-externally-managed install_data
