[6.212s] Invoking command in '/home/projectlab3_ss25/our_ws/src/obstacle_avoidance_controller': DEBUGINFOD_URLS=https://debuginfod.ubuntu.com PYTHONPATH=/home/projectlab3_ss25/our_ws/build/obstacle_avoidance_controller/prefix_override:/usr/lib/python3/dist-packages/colcon_core/task/python/colcon_distutils_commands:/home/projectlab3_ss25/our_ws/install/obstacle_avoidance_controller/lib/python3.12/site-packages:${PYTHONPATH} /usr/bin/python3 -W ignore:setup.py install is deprecated -W ignore:easy_install command is deprecated setup.py egg_info --egg-base ../../build/obstacle_avoidance_controller build --build-base /home/projectlab3_ss25/our_ws/build/obstacle_avoidance_controller/build install --record /home/projectlab3_ss25/our_ws/build/obstacle_avoidance_controller/install.log --single-version-externally-managed install_data
[7.920s] running egg_info
[8.065s] writing ../../build/obstacle_avoidance_controller/obstacle_avoidance_controller.egg-info/PKG-INFO
[8.071s] writing dependency_links to ../../build/obstacle_avoidance_controller/obstacle_avoidance_controller.egg-info/dependency_links.txt
[8.071s] writing entry points to ../../build/obstacle_avoidance_controller/obstacle_avoidance_controller.egg-info/entry_points.txt
[8.075s] writing requirements to ../../build/obstacle_avoidance_controller/obstacle_avoidance_controller.egg-info/requires.txt
[8.078s] writing top-level names to ../../build/obstacle_avoidance_controller/obstacle_avoidance_controller.egg-info/top_level.txt
[8.417s] reading manifest file '../../build/obstacle_avoidance_controller/obstacle_avoidance_controller.egg-info/SOURCES.txt'
[8.421s] writing manifest file '../../build/obstacle_avoidance_controller/obstacle_avoidance_controller.egg-info/SOURCES.txt'
[8.422s] running build
[8.422s] running build_py
[8.427s] running install
[8.476s] running install_lib
[8.628s] running install_data
[8.631s] running install_egg_info
[8.810s] removing '/home/projectlab3_ss25/our_ws/install/obstacle_avoidance_controller/lib/python3.12/site-packages/obstacle_avoidance_controller-0.0.0-py3.12.egg-info' (and everything under it)
[8.818s] Copying ../../build/obstacle_avoidance_controller/obstacle_avoidance_controller.egg-info to /home/projectlab3_ss25/our_ws/install/obstacle_avoidance_controller/lib/python3.12/site-packages/obstacle_avoidance_controller-0.0.0-py3.12.egg-info
[8.818s] running install_scripts
[9.348s] Installing obstacle_avoidance script to /home/projectlab3_ss25/our_ws/install/obstacle_avoidance_controller/lib/obstacle_avoidance_controller
[9.352s] Installing obstacle_avoidance_2 script to /home/projectlab3_ss25/our_ws/install/obstacle_avoidance_controller/lib/obstacle_avoidance_controller
[9.353s] writing list of installed files to '/home/projectlab3_ss25/our_ws/build/obstacle_avoidance_controller/install.log'
[9.427s] Invoked command in '/home/projectlab3_ss25/our_ws/src/obstacle_avoidance_controller' returned '0': DEBUGINFOD_URLS=https://debuginfod.ubuntu.com PYTHONPATH=/home/projectlab3_ss25/our_ws/build/obstacle_avoidance_controller/prefix_override:/usr/lib/python3/dist-packages/colcon_core/task/python/colcon_distutils_commands:/home/projectlab3_ss25/our_ws/install/obstacle_avoidance_controller/lib/python3.12/site-packages:${PYTHONPATH} /usr/bin/python3 -W ignore:setup.py install is deprecated -W ignore:easy_install command is deprecated setup.py egg_info --egg-base ../../build/obstacle_avoidance_controller build --build-base /home/projectlab3_ss25/our_ws/build/obstacle_avoidance_controller/build install --record /home/projectlab3_ss25/our_ws/build/obstacle_avoidance_controller/install.log --single-version-externally-managed install_data
