[0.176s] DEBUG:colcon:Command line arguments: ['/usr/bin/colcon', 'build']
[0.177s] DEBUG:colcon:Parsed command line arguments: Namespace(log_base=None, log_level=None, verb_name='build', build_base='build', install_base='install', merge_install=False, symlink_install=False, test_result_base=None, continue_on_error=False, executor='parallel', parallel_workers=4, event_handlers=None, ignore_user_meta=False, metas=['./colcon.meta'], base_paths=['.'], packages_ignore=None, packages_ignore_regex=None, paths=None, packages_up_to=None, packages_up_to_regex=None, packages_above=None, packages_above_and_dependencies=None, packages_above_depth=None, packages_select_by_dep=None, packages_skip_by_dep=None, packages_skip_up_to=None, packages_select_build_failed=False, packages_skip_build_finished=False, packages_select_test_failures=False, packages_skip_test_passed=False, packages_select=None, packages_skip=None, packages_select_regex=None, packages_skip_regex=None, packages_start=None, packages_end=None, allow_overriding=[], cmake_args=None, cmake_target=None, cmake_target_skip_unavailable=False, cmake_clean_cache=False, cmake_clean_first=False, cmake_force_configure=False, ament_cmake_args=None, catkin_cmake_args=None, catkin_skip_building_tests=False, mixin_files=None, mixin=None, verb_parser=<colcon_mixin.mixin.mixin_argument.MixinArgumentDecorator object at 0x7b2cbe367ce0>, verb_extension=<colcon_core.verb.build.BuildVerb object at 0x7b2cbe3678f0>, main=<bound method BuildVerb.main of <colcon_core.verb.build.BuildVerb object at 0x7b2cbe3678f0>>, mixin_verb=('build',))
[0.235s] Level 1:colcon.colcon_core.package_discovery:discover_packages(colcon_meta) check parameters
[0.236s] Level 1:colcon.colcon_core.package_discovery:discover_packages(recursive) check parameters
[0.236s] Level 1:colcon.colcon_core.package_discovery:discover_packages(ignore) check parameters
[0.236s] Level 1:colcon.colcon_core.package_discovery:discover_packages(path) check parameters
[0.236s] Level 1:colcon.colcon_core.package_discovery:discover_packages(colcon_meta) discover
[0.236s] Level 1:colcon.colcon_core.package_discovery:discover_packages(recursive) discover
[0.236s] INFO:colcon.colcon_core.package_discovery:Crawling recursively for packages in '/home/projectlab3_ss25/our_ws'
[0.236s] Level 1:colcon.colcon_core.package_identification:_identify(.) by extensions ['ignore', 'ignore_ament_install']
[0.236s] Level 1:colcon.colcon_core.package_identification:_identify(.) by extension 'ignore'
[0.236s] Level 1:colcon.colcon_core.package_identification:_identify(.) by extension 'ignore_ament_install'
[0.236s] Level 1:colcon.colcon_core.package_identification:_identify(.) by extensions ['colcon_pkg']
[0.236s] Level 1:colcon.colcon_core.package_identification:_identify(.) by extension 'colcon_pkg'
[0.236s] Level 1:colcon.colcon_core.package_identification:_identify(.) by extensions ['colcon_meta']
[0.236s] Level 1:colcon.colcon_core.package_identification:_identify(.) by extension 'colcon_meta'
[0.236s] Level 1:colcon.colcon_core.package_identification:_identify(.) by extensions ['ros']
[0.237s] Level 1:colcon.colcon_core.package_identification:_identify(.) by extension 'ros'
[0.275s] Level 1:colcon.colcon_core.package_identification:_identify(.) by extensions ['cmake', 'python']
[0.275s] Level 1:colcon.colcon_core.package_identification:_identify(.) by extension 'cmake'
[0.275s] Level 1:colcon.colcon_core.package_identification:_identify(.) by extension 'python'
[0.275s] Level 1:colcon.colcon_core.package_identification:_identify(.) by extensions ['python_setup_py']
[0.275s] Level 1:colcon.colcon_core.package_identification:_identify(.) by extension 'python_setup_py'
[0.275s] Level 1:colcon.colcon_core.package_identification:_identify(build) by extensions ['ignore', 'ignore_ament_install']
[0.275s] Level 1:colcon.colcon_core.package_identification:_identify(build) by extension 'ignore'
[0.276s] Level 1:colcon.colcon_core.package_identification:_identify(build) ignored
[0.276s] Level 1:colcon.colcon_core.package_identification:_identify(install) by extensions ['ignore', 'ignore_ament_install']
[0.276s] Level 1:colcon.colcon_core.package_identification:_identify(install) by extension 'ignore'
[0.276s] Level 1:colcon.colcon_core.package_identification:_identify(install) ignored
[0.276s] Level 1:colcon.colcon_core.package_identification:_identify(log) by extensions ['ignore', 'ignore_ament_install']
[0.276s] Level 1:colcon.colcon_core.package_identification:_identify(log) by extension 'ignore'
[0.276s] Level 1:colcon.colcon_core.package_identification:_identify(log) ignored
[0.276s] Level 1:colcon.colcon_core.package_identification:_identify(src) by extensions ['ignore', 'ignore_ament_install']
[0.276s] Level 1:colcon.colcon_core.package_identification:_identify(src) by extension 'ignore'
[0.277s] Level 1:colcon.colcon_core.package_identification:_identify(src) by extension 'ignore_ament_install'
[0.277s] Level 1:colcon.colcon_core.package_identification:_identify(src) by extensions ['colcon_pkg']
[0.277s] Level 1:colcon.colcon_core.package_identification:_identify(src) by extension 'colcon_pkg'
[0.277s] Level 1:colcon.colcon_core.package_identification:_identify(src) by extensions ['colcon_meta']
[0.277s] Level 1:colcon.colcon_core.package_identification:_identify(src) by extension 'colcon_meta'
[0.277s] Level 1:colcon.colcon_core.package_identification:_identify(src) by extensions ['ros']
[0.277s] Level 1:colcon.colcon_core.package_identification:_identify(src) by extension 'ros'
[0.277s] Level 1:colcon.colcon_core.package_identification:_identify(src) by extensions ['cmake', 'python']
[0.277s] Level 1:colcon.colcon_core.package_identification:_identify(src) by extension 'cmake'
[0.277s] Level 1:colcon.colcon_core.package_identification:_identify(src) by extension 'python'
[0.277s] Level 1:colcon.colcon_core.package_identification:_identify(src) by extensions ['python_setup_py']
[0.277s] Level 1:colcon.colcon_core.package_identification:_identify(src) by extension 'python_setup_py'
[0.277s] Level 1:colcon.colcon_core.package_identification:_identify(src/obstacle_avoidance_controller) by extensions ['ignore', 'ignore_ament_install']
[0.277s] Level 1:colcon.colcon_core.package_identification:_identify(src/obstacle_avoidance_controller) by extension 'ignore'
[0.277s] Level 1:colcon.colcon_core.package_identification:_identify(src/obstacle_avoidance_controller) by extension 'ignore_ament_install'
[0.278s] Level 1:colcon.colcon_core.package_identification:_identify(src/obstacle_avoidance_controller) by extensions ['colcon_pkg']
[0.278s] Level 1:colcon.colcon_core.package_identification:_identify(src/obstacle_avoidance_controller) by extension 'colcon_pkg'
[0.278s] Level 1:colcon.colcon_core.package_identification:_identify(src/obstacle_avoidance_controller) by extensions ['colcon_meta']
[0.278s] Level 1:colcon.colcon_core.package_identification:_identify(src/obstacle_avoidance_controller) by extension 'colcon_meta'
[0.278s] Level 1:colcon.colcon_core.package_identification:_identify(src/obstacle_avoidance_controller) by extensions ['ros']
[0.278s] Level 1:colcon.colcon_core.package_identification:_identify(src/obstacle_avoidance_controller) by extension 'ros'
[0.282s] DEBUG:colcon.colcon_core.package_identification:Package 'src/obstacle_avoidance_controller' with type 'ros.ament_python' and name 'obstacle_avoidance_controller'
[0.282s] Level 1:colcon.colcon_core.package_identification:_identify(src/obstacle_avoidance_nav2) by extensions ['ignore', 'ignore_ament_install']
[0.282s] Level 1:colcon.colcon_core.package_identification:_identify(src/obstacle_avoidance_nav2) by extension 'ignore'
[0.282s] Level 1:colcon.colcon_core.package_identification:_identify(src/obstacle_avoidance_nav2) by extension 'ignore_ament_install'
[0.282s] Level 1:colcon.colcon_core.package_identification:_identify(src/obstacle_avoidance_nav2) by extensions ['colcon_pkg']
[0.282s] Level 1:colcon.colcon_core.package_identification:_identify(src/obstacle_avoidance_nav2) by extension 'colcon_pkg'
[0.282s] Level 1:colcon.colcon_core.package_identification:_identify(src/obstacle_avoidance_nav2) by extensions ['colcon_meta']
[0.282s] Level 1:colcon.colcon_core.package_identification:_identify(src/obstacle_avoidance_nav2) by extension 'colcon_meta'
[0.283s] Level 1:colcon.colcon_core.package_identification:_identify(src/obstacle_avoidance_nav2) by extensions ['ros']
[0.283s] Level 1:colcon.colcon_core.package_identification:_identify(src/obstacle_avoidance_nav2) by extension 'ros'
[0.284s] DEBUG:colcon.colcon_core.package_identification:Package 'src/obstacle_avoidance_nav2' with type 'ros.ament_python' and name 'obstacle_avoidance_nav2'
[0.284s] Level 1:colcon.colcon_core.package_discovery:discover_packages(recursive) using defaults
[0.284s] Level 1:colcon.colcon_core.package_discovery:discover_packages(ignore) discover
[0.284s] Level 1:colcon.colcon_core.package_discovery:discover_packages(ignore) using defaults
[0.284s] Level 1:colcon.colcon_core.package_discovery:discover_packages(path) discover
[0.284s] Level 1:colcon.colcon_core.package_discovery:discover_packages(path) using defaults
[0.309s] Level 1:colcon.colcon_core.package_discovery:discover_packages(prefix_path) check parameters
[0.310s] Level 1:colcon.colcon_core.package_discovery:discover_packages(prefix_path) discover
[0.314s] DEBUG:colcon.colcon_installed_package_information.package_discovery:Found 2 installed packages in /home/projectlab3_ss25/our_ws/install
[0.316s] DEBUG:colcon.colcon_installed_package_information.package_discovery:Found 408 installed packages in /opt/ros/jazzy
[0.318s] Level 1:colcon.colcon_core.package_discovery:discover_packages(prefix_path) using defaults
[0.397s] Level 5:colcon.colcon_core.verb:set package 'obstacle_avoidance_controller' build argument 'cmake_args' from command line to 'None'
[0.397s] Level 5:colcon.colcon_core.verb:set package 'obstacle_avoidance_controller' build argument 'cmake_target' from command line to 'None'
[0.397s] Level 5:colcon.colcon_core.verb:set package 'obstacle_avoidance_controller' build argument 'cmake_target_skip_unavailable' from command line to 'False'
[0.397s] Level 5:colcon.colcon_core.verb:set package 'obstacle_avoidance_controller' build argument 'cmake_clean_cache' from command line to 'False'
[0.397s] Level 5:colcon.colcon_core.verb:set package 'obstacle_avoidance_controller' build argument 'cmake_clean_first' from command line to 'False'
[0.397s] Level 5:colcon.colcon_core.verb:set package 'obstacle_avoidance_controller' build argument 'cmake_force_configure' from command line to 'False'
[0.397s] Level 5:colcon.colcon_core.verb:set package 'obstacle_avoidance_controller' build argument 'ament_cmake_args' from command line to 'None'
[0.397s] Level 5:colcon.colcon_core.verb:set package 'obstacle_avoidance_controller' build argument 'catkin_cmake_args' from command line to 'None'
[0.397s] Level 5:colcon.colcon_core.verb:set package 'obstacle_avoidance_controller' build argument 'catkin_skip_building_tests' from command line to 'False'
[0.397s] DEBUG:colcon.colcon_core.verb:Building package 'obstacle_avoidance_controller' with the following arguments: {'ament_cmake_args': None, 'build_base': '/home/projectlab3_ss25/our_ws/build/obstacle_avoidance_controller', 'catkin_cmake_args': None, 'catkin_skip_building_tests': False, 'cmake_args': None, 'cmake_clean_cache': False, 'cmake_clean_first': False, 'cmake_force_configure': False, 'cmake_target': None, 'cmake_target_skip_unavailable': False, 'install_base': '/home/projectlab3_ss25/our_ws/install/obstacle_avoidance_controller', 'merge_install': False, 'path': '/home/projectlab3_ss25/our_ws/src/obstacle_avoidance_controller', 'symlink_install': False, 'test_result_base': None}
[0.397s] Level 5:colcon.colcon_core.verb:set package 'obstacle_avoidance_nav2' build argument 'cmake_args' from command line to 'None'
[0.398s] Level 5:colcon.colcon_core.verb:set package 'obstacle_avoidance_nav2' build argument 'cmake_target' from command line to 'None'
[0.398s] Level 5:colcon.colcon_core.verb:set package 'obstacle_avoidance_nav2' build argument 'cmake_target_skip_unavailable' from command line to 'False'
[0.398s] Level 5:colcon.colcon_core.verb:set package 'obstacle_avoidance_nav2' build argument 'cmake_clean_cache' from command line to 'False'
[0.398s] Level 5:colcon.colcon_core.verb:set package 'obstacle_avoidance_nav2' build argument 'cmake_clean_first' from command line to 'False'
[0.398s] Level 5:colcon.colcon_core.verb:set package 'obstacle_avoidance_nav2' build argument 'cmake_force_configure' from command line to 'False'
[0.398s] Level 5:colcon.colcon_core.verb:set package 'obstacle_avoidance_nav2' build argument 'ament_cmake_args' from command line to 'None'
[0.398s] Level 5:colcon.colcon_core.verb:set package 'obstacle_avoidance_nav2' build argument 'catkin_cmake_args' from command line to 'None'
[0.398s] Level 5:colcon.colcon_core.verb:set package 'obstacle_avoidance_nav2' build argument 'catkin_skip_building_tests' from command line to 'False'
[0.399s] DEBUG:colcon.colcon_core.verb:Building package 'obstacle_avoidance_nav2' with the following arguments: {'ament_cmake_args': None, 'build_base': '/home/projectlab3_ss25/our_ws/build/obstacle_avoidance_nav2', 'catkin_cmake_args': None, 'catkin_skip_building_tests': False, 'cmake_args': None, 'cmake_clean_cache': False, 'cmake_clean_first': False, 'cmake_force_configure': False, 'cmake_target': None, 'cmake_target_skip_unavailable': False, 'install_base': '/home/projectlab3_ss25/our_ws/install/obstacle_avoidance_nav2', 'merge_install': False, 'path': '/home/projectlab3_ss25/our_ws/src/obstacle_avoidance_nav2', 'symlink_install': False, 'test_result_base': None}
[0.399s] INFO:colcon.colcon_core.executor:Executing jobs using 'parallel' executor
[0.400s] DEBUG:colcon.colcon_parallel_executor.executor.parallel:run_until_complete
[0.401s] INFO:colcon.colcon_ros.task.ament_python.build:Building ROS package in '/home/projectlab3_ss25/our_ws/src/obstacle_avoidance_controller' with build type 'ament_python'
[0.401s] Level 1:colcon.colcon_core.shell:create_environment_hook('obstacle_avoidance_controller', 'ament_prefix_path')
[0.404s] INFO:colcon.colcon_core.plugin_system:Skipping extension 'colcon_core.shell.bat': Not used on non-Windows systems
[0.404s] INFO:colcon.colcon_core.shell:Creating environment hook '/home/projectlab3_ss25/our_ws/install/obstacle_avoidance_controller/share/obstacle_avoidance_controller/hook/ament_prefix_path.ps1'
[0.405s] INFO:colcon.colcon_core.shell:Creating environment descriptor '/home/projectlab3_ss25/our_ws/install/obstacle_avoidance_controller/share/obstacle_avoidance_controller/hook/ament_prefix_path.dsv'
[0.406s] INFO:colcon.colcon_core.shell:Creating environment hook '/home/projectlab3_ss25/our_ws/install/obstacle_avoidance_controller/share/obstacle_avoidance_controller/hook/ament_prefix_path.sh'
[0.409s] INFO:colcon.colcon_core.shell:Skip shell extension 'powershell' for command environment: Not usable outside of PowerShell
[0.409s] DEBUG:colcon.colcon_core.shell:Skip shell extension 'dsv' for command environment
[0.418s] INFO:colcon.colcon_ros.task.ament_python.build:Building ROS package in '/home/projectlab3_ss25/our_ws/src/obstacle_avoidance_nav2' with build type 'ament_python'
[0.418s] Level 1:colcon.colcon_core.shell:create_environment_hook('obstacle_avoidance_nav2', 'ament_prefix_path')
[0.419s] INFO:colcon.colcon_core.shell:Creating environment hook '/home/projectlab3_ss25/our_ws/install/obstacle_avoidance_nav2/share/obstacle_avoidance_nav2/hook/ament_prefix_path.ps1'
[0.419s] INFO:colcon.colcon_core.shell:Creating environment descriptor '/home/projectlab3_ss25/our_ws/install/obstacle_avoidance_nav2/share/obstacle_avoidance_nav2/hook/ament_prefix_path.dsv'
[0.420s] INFO:colcon.colcon_core.shell:Creating environment hook '/home/projectlab3_ss25/our_ws/install/obstacle_avoidance_nav2/share/obstacle_avoidance_nav2/hook/ament_prefix_path.sh'
[0.421s] INFO:colcon.colcon_core.shell:Skip shell extension 'powershell' for command environment: Not usable outside of PowerShell
[0.421s] DEBUG:colcon.colcon_core.shell:Skip shell extension 'dsv' for command environment
[0.775s] INFO:colcon.colcon_core.task.python.build:Building Python package in '/home/projectlab3_ss25/our_ws/src/obstacle_avoidance_controller'
[0.776s] INFO:colcon.colcon_core.shell:Skip shell extension 'powershell' for command environment: Not usable outside of PowerShell
[0.776s] DEBUG:colcon.colcon_core.shell:Skip shell extension 'dsv' for command environment
[1.143s] WARNING:colcon.colcon_ros.task.ament_python.build:Package 'obstacle_avoidance_nav2' doesn't explicitly install a marker in the package index (colcon-ros currently does it implicitly but that fallback will be removed in the future)
[1.143s] WARNING:colcon.colcon_ros.task.ament_python.build:Package 'obstacle_avoidance_nav2' doesn't explicitly install the 'package.xml' file (colcon-ros currently does it implicitly but that fallback will be removed in the future)
[1.144s] INFO:colcon.colcon_core.task.python.build:Building Python package in '/home/projectlab3_ss25/our_ws/src/obstacle_avoidance_nav2'
[1.144s] INFO:colcon.colcon_core.shell:Skip shell extension 'powershell' for command environment: Not usable outside of PowerShell
[1.144s] DEBUG:colcon.colcon_core.shell:Skip shell extension 'dsv' for command environment
[2.291s] DEBUG:colcon.colcon_core.event_handler.log_command:Invoking command in '/home/projectlab3_ss25/our_ws/src/obstacle_avoidance_nav2': DEBUGINFOD_URLS=https://debuginfod.ubuntu.com PYTHONPATH=/home/projectlab3_ss25/our_ws/build/obstacle_avoidance_nav2/prefix_override:/usr/lib/python3/dist-packages/colcon_core/task/python/colcon_distutils_commands:/home/projectlab3_ss25/our_ws/install/obstacle_avoidance_nav2/lib/python3.12/site-packages:${PYTHONPATH} /usr/bin/python3 -W ignore:setup.py install is deprecated -W ignore:easy_install command is deprecated setup.py egg_info --egg-base ../../build/obstacle_avoidance_nav2 build --build-base /home/projectlab3_ss25/our_ws/build/obstacle_avoidance_nav2/build install --record /home/projectlab3_ss25/our_ws/build/obstacle_avoidance_nav2/install.log --single-version-externally-managed
[2.323s] DEBUG:colcon.colcon_core.event_handler.log_command:Invoking command in '/home/projectlab3_ss25/our_ws/src/obstacle_avoidance_controller': DEBUGINFOD_URLS=https://debuginfod.ubuntu.com PYTHONPATH=/home/projectlab3_ss25/our_ws/build/obstacle_avoidance_controller/prefix_override:/usr/lib/python3/dist-packages/colcon_core/task/python/colcon_distutils_commands:/home/projectlab3_ss25/our_ws/install/obstacle_avoidance_controller/lib/python3.12/site-packages:${PYTHONPATH} /usr/bin/python3 -W ignore:setup.py install is deprecated -W ignore:easy_install command is deprecated setup.py egg_info --egg-base ../../build/obstacle_avoidance_controller build --build-base /home/projectlab3_ss25/our_ws/build/obstacle_avoidance_controller/build install --record /home/projectlab3_ss25/our_ws/build/obstacle_avoidance_controller/install.log --single-version-externally-managed install_data
[3.350s] DEBUG:colcon.colcon_core.event_handler.log_command:Invoked command in '/home/projectlab3_ss25/our_ws/src/obstacle_avoidance_nav2' returned '0': DEBUGINFOD_URLS=https://debuginfod.ubuntu.com PYTHONPATH=/home/projectlab3_ss25/our_ws/build/obstacle_avoidance_nav2/prefix_override:/usr/lib/python3/dist-packages/colcon_core/task/python/colcon_distutils_commands:/home/projectlab3_ss25/our_ws/install/obstacle_avoidance_nav2/lib/python3.12/site-packages:${PYTHONPATH} /usr/bin/python3 -W ignore:setup.py install is deprecated -W ignore:easy_install command is deprecated setup.py egg_info --egg-base ../../build/obstacle_avoidance_nav2 build --build-base /home/projectlab3_ss25/our_ws/build/obstacle_avoidance_nav2/build install --record /home/projectlab3_ss25/our_ws/build/obstacle_avoidance_nav2/install.log --single-version-externally-managed
[3.351s] Level 1:colcon.colcon_core.environment:checking '/home/projectlab3_ss25/our_ws/install/obstacle_avoidance_nav2' for CMake module files
[3.352s] Level 1:colcon.colcon_core.environment:checking '/home/projectlab3_ss25/our_ws/install/obstacle_avoidance_nav2' for CMake config files
[3.353s] Level 1:colcon.colcon_core.environment:checking '/home/projectlab3_ss25/our_ws/install/obstacle_avoidance_nav2/lib'
[3.354s] Level 1:colcon.colcon_core.environment:checking '/home/projectlab3_ss25/our_ws/install/obstacle_avoidance_nav2/bin'
[3.354s] Level 1:colcon.colcon_core.environment:checking '/home/projectlab3_ss25/our_ws/install/obstacle_avoidance_nav2/lib/pkgconfig/obstacle_avoidance_nav2.pc'
[3.354s] Level 1:colcon.colcon_core.environment:checking '/home/projectlab3_ss25/our_ws/install/obstacle_avoidance_nav2/lib/python3.12/site-packages'
[3.355s] Level 1:colcon.colcon_core.shell:create_environment_hook('obstacle_avoidance_nav2', 'pythonpath')
[3.355s] INFO:colcon.colcon_core.shell:Creating environment hook '/home/projectlab3_ss25/our_ws/install/obstacle_avoidance_nav2/share/obstacle_avoidance_nav2/hook/pythonpath.ps1'
[3.356s] INFO:colcon.colcon_core.shell:Creating environment descriptor '/home/projectlab3_ss25/our_ws/install/obstacle_avoidance_nav2/share/obstacle_avoidance_nav2/hook/pythonpath.dsv'
[3.357s] INFO:colcon.colcon_core.shell:Creating environment hook '/home/projectlab3_ss25/our_ws/install/obstacle_avoidance_nav2/share/obstacle_avoidance_nav2/hook/pythonpath.sh'
[3.357s] Level 1:colcon.colcon_core.environment:checking '/home/projectlab3_ss25/our_ws/install/obstacle_avoidance_nav2/bin'
[3.358s] Level 1:colcon.colcon_core.environment:create_environment_scripts_only(obstacle_avoidance_nav2)
[3.358s] INFO:colcon.colcon_core.shell:Creating package script '/home/projectlab3_ss25/our_ws/install/obstacle_avoidance_nav2/share/obstacle_avoidance_nav2/package.ps1'
[3.359s] INFO:colcon.colcon_core.shell:Creating package descriptor '/home/projectlab3_ss25/our_ws/install/obstacle_avoidance_nav2/share/obstacle_avoidance_nav2/package.dsv'
[3.360s] INFO:colcon.colcon_core.shell:Creating package script '/home/projectlab3_ss25/our_ws/install/obstacle_avoidance_nav2/share/obstacle_avoidance_nav2/package.sh'
[3.361s] INFO:colcon.colcon_core.shell:Creating package script '/home/projectlab3_ss25/our_ws/install/obstacle_avoidance_nav2/share/obstacle_avoidance_nav2/package.bash'
[3.362s] INFO:colcon.colcon_core.shell:Creating package script '/home/projectlab3_ss25/our_ws/install/obstacle_avoidance_nav2/share/obstacle_avoidance_nav2/package.zsh'
[3.363s] Level 1:colcon.colcon_core.environment:create_file_with_runtime_dependencies(/home/projectlab3_ss25/our_ws/install/obstacle_avoidance_nav2/share/colcon-core/packages/obstacle_avoidance_nav2)
[3.434s] Level 1:colcon.colcon_core.environment:checking '/home/projectlab3_ss25/our_ws/install/obstacle_avoidance_controller' for CMake module files
[3.435s] Level 1:colcon.colcon_core.environment:checking '/home/projectlab3_ss25/our_ws/install/obstacle_avoidance_controller' for CMake config files
[3.436s] Level 1:colcon.colcon_core.environment:checking '/home/projectlab3_ss25/our_ws/install/obstacle_avoidance_controller/lib'
[3.436s] Level 1:colcon.colcon_core.environment:checking '/home/projectlab3_ss25/our_ws/install/obstacle_avoidance_controller/bin'
[3.436s] Level 1:colcon.colcon_core.environment:checking '/home/projectlab3_ss25/our_ws/install/obstacle_avoidance_controller/lib/pkgconfig/obstacle_avoidance_controller.pc'
[3.437s] Level 1:colcon.colcon_core.environment:checking '/home/projectlab3_ss25/our_ws/install/obstacle_avoidance_controller/lib/python3.12/site-packages'
[3.437s] Level 1:colcon.colcon_core.shell:create_environment_hook('obstacle_avoidance_controller', 'pythonpath')
[3.437s] INFO:colcon.colcon_core.shell:Creating environment hook '/home/projectlab3_ss25/our_ws/install/obstacle_avoidance_controller/share/obstacle_avoidance_controller/hook/pythonpath.ps1'
[3.438s] DEBUG:colcon.colcon_core.event_handler.log_command:Invoked command in '/home/projectlab3_ss25/our_ws/src/obstacle_avoidance_controller' returned '0': DEBUGINFOD_URLS=https://debuginfod.ubuntu.com PYTHONPATH=/home/projectlab3_ss25/our_ws/build/obstacle_avoidance_controller/prefix_override:/usr/lib/python3/dist-packages/colcon_core/task/python/colcon_distutils_commands:/home/projectlab3_ss25/our_ws/install/obstacle_avoidance_controller/lib/python3.12/site-packages:${PYTHONPATH} /usr/bin/python3 -W ignore:setup.py install is deprecated -W ignore:easy_install command is deprecated setup.py egg_info --egg-base ../../build/obstacle_avoidance_controller build --build-base /home/projectlab3_ss25/our_ws/build/obstacle_avoidance_controller/build install --record /home/projectlab3_ss25/our_ws/build/obstacle_avoidance_controller/install.log --single-version-externally-managed install_data
[3.439s] INFO:colcon.colcon_core.shell:Creating environment descriptor '/home/projectlab3_ss25/our_ws/install/obstacle_avoidance_controller/share/obstacle_avoidance_controller/hook/pythonpath.dsv'
[3.440s] INFO:colcon.colcon_core.shell:Creating environment hook '/home/projectlab3_ss25/our_ws/install/obstacle_avoidance_controller/share/obstacle_avoidance_controller/hook/pythonpath.sh'
[3.442s] Level 1:colcon.colcon_core.environment:checking '/home/projectlab3_ss25/our_ws/install/obstacle_avoidance_controller/bin'
[3.442s] Level 1:colcon.colcon_core.environment:create_environment_scripts_only(obstacle_avoidance_controller)
[3.442s] INFO:colcon.colcon_core.shell:Creating package script '/home/projectlab3_ss25/our_ws/install/obstacle_avoidance_controller/share/obstacle_avoidance_controller/package.ps1'
[3.443s] INFO:colcon.colcon_core.shell:Creating package descriptor '/home/projectlab3_ss25/our_ws/install/obstacle_avoidance_controller/share/obstacle_avoidance_controller/package.dsv'
[3.444s] INFO:colcon.colcon_core.shell:Creating package script '/home/projectlab3_ss25/our_ws/install/obstacle_avoidance_controller/share/obstacle_avoidance_controller/package.sh'
[3.444s] INFO:colcon.colcon_core.shell:Creating package script '/home/projectlab3_ss25/our_ws/install/obstacle_avoidance_controller/share/obstacle_avoidance_controller/package.bash'
[3.445s] INFO:colcon.colcon_core.shell:Creating package script '/home/projectlab3_ss25/our_ws/install/obstacle_avoidance_controller/share/obstacle_avoidance_controller/package.zsh'
[3.445s] Level 1:colcon.colcon_core.environment:create_file_with_runtime_dependencies(/home/projectlab3_ss25/our_ws/install/obstacle_avoidance_controller/share/colcon-core/packages/obstacle_avoidance_controller)
[3.446s] DEBUG:colcon.colcon_parallel_executor.executor.parallel:closing loop
[3.446s] DEBUG:colcon.colcon_parallel_executor.executor.parallel:loop closed
[3.446s] DEBUG:colcon.colcon_parallel_executor.executor.parallel:run_until_complete finished with '0'
[3.446s] DEBUG:colcon.colcon_core.event_reactor:joining thread
[3.454s] INFO:colcon.colcon_core.plugin_system:Skipping extension 'colcon_notification.desktop_notification.terminal_notifier': Not used on non-Darwin systems
[3.455s] INFO:colcon.colcon_core.plugin_system:Skipping extension 'colcon_notification.desktop_notification.win32': Not used on non-Windows systems
[3.455s] INFO:colcon.colcon_notification.desktop_notification:Sending desktop notification using 'notify2'
[3.496s] DEBUG:colcon.colcon_core.event_reactor:joined thread
[3.496s] INFO:colcon.colcon_core.shell:Creating prefix script '/home/projectlab3_ss25/our_ws/install/local_setup.ps1'
[3.497s] INFO:colcon.colcon_core.shell:Creating prefix util module '/home/projectlab3_ss25/our_ws/install/_local_setup_util_ps1.py'
[3.500s] INFO:colcon.colcon_core.shell:Creating prefix chain script '/home/projectlab3_ss25/our_ws/install/setup.ps1'
[3.502s] INFO:colcon.colcon_core.shell:Creating prefix script '/home/projectlab3_ss25/our_ws/install/local_setup.sh'
[3.503s] INFO:colcon.colcon_core.shell:Creating prefix util module '/home/projectlab3_ss25/our_ws/install/_local_setup_util_sh.py'
[3.505s] INFO:colcon.colcon_core.shell:Creating prefix chain script '/home/projectlab3_ss25/our_ws/install/setup.sh'
[3.506s] INFO:colcon.colcon_core.shell:Creating prefix script '/home/projectlab3_ss25/our_ws/install/local_setup.bash'
[3.507s] INFO:colcon.colcon_core.shell:Creating prefix chain script '/home/projectlab3_ss25/our_ws/install/setup.bash'
[3.509s] INFO:colcon.colcon_core.shell:Creating prefix script '/home/projectlab3_ss25/our_ws/install/local_setup.zsh'
[3.509s] INFO:colcon.colcon_core.shell:Creating prefix chain script '/home/projectlab3_ss25/our_ws/install/setup.zsh'
