[1.703s] Invoking command in '/home/projectlab3_ss25/our_ws/src/obstacle_avoidance_controller': DEBUGINFOD_URLS=https://debuginfod.ubuntu.com PYTHONPATH=/home/projectlab3_ss25/our_ws/build/obstacle_avoidance_controller/prefix_override:/usr/lib/python3/dist-packages/colcon_core/task/python/colcon_distutils_commands:/home/projectlab3_ss25/our_ws/install/obstacle_avoidance_controller/lib/python3.12/site-packages:${PYTHONPATH} /usr/bin/python3 -W ignore:setup.py install is deprecated -W ignore:easy_install command is deprecated setup.py egg_info --egg-base ../../build/obstacle_avoidance_controller build --build-base /home/projectlab3_ss25/our_ws/build/obstacle_avoidance_controller/build install --record /home/projectlab3_ss25/our_ws/build/obstacle_avoidance_controller/install.log --single-version-externally-managed install_data
[2.231s] running egg_info
[2.232s] creating ../../build/obstacle_avoidance_controller/obstacle_avoidance_controller.egg-info
[2.268s] writing ../../build/obstacle_avoidance_controller/obstacle_avoidance_controller.egg-info/PKG-INFO
[2.268s] writing dependency_links to ../../build/obstacle_avoidance_controller/obstacle_avoidance_controller.egg-info/dependency_links.txt
[2.269s] writing entry points to ../../build/obstacle_avoidance_controller/obstacle_avoidance_controller.egg-info/entry_points.txt
[2.269s] writing requirements to ../../build/obstacle_avoidance_controller/obstacle_avoidance_controller.egg-info/requires.txt
[2.270s] writing top-level names to ../../build/obstacle_avoidance_controller/obstacle_avoidance_controller.egg-info/top_level.txt
[2.272s] writing manifest file '../../build/obstacle_avoidance_controller/obstacle_avoidance_controller.egg-info/SOURCES.txt'
[2.356s] reading manifest file '../../build/obstacle_avoidance_controller/obstacle_avoidance_controller.egg-info/SOURCES.txt'
[2.357s] writing manifest file '../../build/obstacle_avoidance_controller/obstacle_avoidance_controller.egg-info/SOURCES.txt'
[2.357s] running build
[2.357s] running build_py
[2.358s] creating /home/projectlab3_ss25/our_ws/build/obstacle_avoidance_controller/build
[2.358s] creating /home/projectlab3_ss25/our_ws/build/obstacle_avoidance_controller/build/lib
[2.359s] creating /home/projectlab3_ss25/our_ws/build/obstacle_avoidance_controller/build/lib/obstacle_avoidance_controller
[2.359s] copying obstacle_avoidance_controller/__init__.py -> /home/projectlab3_ss25/our_ws/build/obstacle_avoidance_controller/build/lib/obstacle_avoidance_controller
[2.359s] copying obstacle_avoidance_controller/controller_node.py -> /home/projectlab3_ss25/our_ws/build/obstacle_avoidance_controller/build/lib/obstacle_avoidance_controller
[2.359s] running install
[2.367s] running install_lib
[2.407s] creating /home/projectlab3_ss25/our_ws/install/obstacle_avoidance_controller/lib/python3.12/site-packages/obstacle_avoidance_controller
[2.410s] copying /home/projectlab3_ss25/our_ws/build/obstacle_avoidance_controller/build/lib/obstacle_avoidance_controller/__init__.py -> /home/projectlab3_ss25/our_ws/install/obstacle_avoidance_controller/lib/python3.12/site-packages/obstacle_avoidance_controller
[2.410s] copying /home/projectlab3_ss25/our_ws/build/obstacle_avoidance_controller/build/lib/obstacle_avoidance_controller/controller_node.py -> /home/projectlab3_ss25/our_ws/install/obstacle_avoidance_controller/lib/python3.12/site-packages/obstacle_avoidance_controller
[2.410s] byte-compiling /home/projectlab3_ss25/our_ws/install/obstacle_avoidance_controller/lib/python3.12/site-packages/obstacle_avoidance_controller/__init__.py to __init__.cpython-312.pyc
[2.410s] byte-compiling /home/projectlab3_ss25/our_ws/install/obstacle_avoidance_controller/lib/python3.12/site-packages/obstacle_avoidance_controller/controller_node.py to controller_node.cpython-312.pyc
[2.413s] running install_data
[2.413s] creating /home/projectlab3_ss25/our_ws/install/obstacle_avoidance_controller/share/ament_index
[2.413s] creating /home/projectlab3_ss25/our_ws/install/obstacle_avoidance_controller/share/ament_index/resource_index
[2.413s] creating /home/projectlab3_ss25/our_ws/install/obstacle_avoidance_controller/share/ament_index/resource_index/packages
[2.413s] copying resource/obstacle_avoidance_controller -> /home/projectlab3_ss25/our_ws/install/obstacle_avoidance_controller/share/ament_index/resource_index/packages
[2.413s] copying package.xml -> /home/projectlab3_ss25/our_ws/install/obstacle_avoidance_controller/share/obstacle_avoidance_controller
[2.413s] running install_egg_info
[2.454s] Copying ../../build/obstacle_avoidance_controller/obstacle_avoidance_controller.egg-info to /home/projectlab3_ss25/our_ws/install/obstacle_avoidance_controller/lib/python3.12/site-packages/obstacle_avoidance_controller-0.0.0-py3.12.egg-info
[2.456s] running install_scripts
[2.742s] Installing obstacle_avoidance script to /home/projectlab3_ss25/our_ws/install/obstacle_avoidance_controller/lib/obstacle_avoidance_controller
[2.742s] writing list of installed files to '/home/projectlab3_ss25/our_ws/build/obstacle_avoidance_controller/install.log'
[2.796s] Invoked command in '/home/projectlab3_ss25/our_ws/src/obstacle_avoidance_controller' returned '0': DEBUGINFOD_URLS=https://debuginfod.ubuntu.com PYTHONPATH=/home/projectlab3_ss25/our_ws/build/obstacle_avoidance_controller/prefix_override:/usr/lib/python3/dist-packages/colcon_core/task/python/colcon_distutils_commands:/home/projectlab3_ss25/our_ws/install/obstacle_avoidance_controller/lib/python3.12/site-packages:${PYTHONPATH} /usr/bin/python3 -W ignore:setup.py install is deprecated -W ignore:easy_install command is deprecated setup.py egg_info --egg-base ../../build/obstacle_avoidance_controller build --build-base /home/projectlab3_ss25/our_ws/build/obstacle_avoidance_controller/build install --record /home/projectlab3_ss25/our_ws/build/obstacle_avoidance_controller/install.log --single-version-externally-managed install_data
