[6.264s] Invoking command in '/home/projectlab3_ss25/our_ws/src/simple_path_planner': DEBUGINFOD_URLS=https://debuginfod.ubuntu.com PYTHONPATH=/home/projectlab3_ss25/our_ws/build/simple_path_planner/prefix_override:/usr/lib/python3/dist-packages/colcon_core/task/python/colcon_distutils_commands:/home/projectlab3_ss25/our_ws/install/simple_path_planner/lib/python3.12/site-packages:${PYTHONPATH} /usr/bin/python3 -W ignore:setup.py install is deprecated -W ignore:easy_install command is deprecated setup.py egg_info --egg-base ../../build/simple_path_planner build --build-base /home/projectlab3_ss25/our_ws/build/simple_path_planner/build install --record /home/projectlab3_ss25/our_ws/build/simple_path_planner/install.log --single-version-externally-managed
[7.922s] running egg_info
[8.042s] writing ../../build/simple_path_planner/simple_path_planner.egg-info/PKG-INFO
[8.042s] writing dependency_links to ../../build/simple_path_planner/simple_path_planner.egg-info/dependency_links.txt
[8.043s] writing entry points to ../../build/simple_path_planner/simple_path_planner.egg-info/entry_points.txt
[8.048s] writing requirements to ../../build/simple_path_planner/simple_path_planner.egg-info/requires.txt
[8.049s] writing top-level names to ../../build/simple_path_planner/simple_path_planner.egg-info/top_level.txt
[8.300s] reading manifest file '../../build/simple_path_planner/simple_path_planner.egg-info/SOURCES.txt'
[8.306s] writing manifest file '../../build/simple_path_planner/simple_path_planner.egg-info/SOURCES.txt'
[8.306s] running build
[8.307s] running build_py
[8.307s] copying simple_path_planner/simple_path_planner.py -> /home/projectlab3_ss25/our_ws/build/simple_path_planner/build/lib/simple_path_planner
[8.312s] running install
[8.350s] running install_lib
[8.510s] copying /home/projectlab3_ss25/our_ws/build/simple_path_planner/build/lib/simple_path_planner/simple_path_planner.py -> /home/projectlab3_ss25/our_ws/install/simple_path_planner/lib/python3.12/site-packages/simple_path_planner
[8.518s] byte-compiling /home/projectlab3_ss25/our_ws/install/simple_path_planner/lib/python3.12/site-packages/simple_path_planner/simple_path_planner.py to simple_path_planner.cpython-312.pyc
[8.528s] running install_egg_info
[8.699s] removing '/home/projectlab3_ss25/our_ws/install/simple_path_planner/lib/python3.12/site-packages/simple_path_planner-0.0.0-py3.12.egg-info' (and everything under it)
[8.701s] Copying ../../build/simple_path_planner/simple_path_planner.egg-info to /home/projectlab3_ss25/our_ws/install/simple_path_planner/lib/python3.12/site-packages/simple_path_planner-0.0.0-py3.12.egg-info
[8.707s] running install_scripts
[9.379s] Installing simple_path_planner script to /home/projectlab3_ss25/our_ws/install/simple_path_planner/lib/simple_path_planner
[9.380s] writing list of installed files to '/home/projectlab3_ss25/our_ws/build/simple_path_planner/install.log'
[9.461s] Invoked command in '/home/projectlab3_ss25/our_ws/src/simple_path_planner' returned '0': DEBUGINFOD_URLS=https://debuginfod.ubuntu.com PYTHONPATH=/home/projectlab3_ss25/our_ws/build/simple_path_planner/prefix_override:/usr/lib/python3/dist-packages/colcon_core/task/python/colcon_distutils_commands:/home/projectlab3_ss25/our_ws/install/simple_path_planner/lib/python3.12/site-packages:${PYTHONPATH} /usr/bin/python3 -W ignore:setup.py install is deprecated -W ignore:easy_install command is deprecated setup.py egg_info --egg-base ../../build/simple_path_planner build --build-base /home/projectlab3_ss25/our_ws/build/simple_path_planner/build install --record /home/projectlab3_ss25/our_ws/build/simple_path_planner/install.log --single-version-externally-managed
