[6.374s] Invoking command in '/home/projectlab3_ss25/our_ws/src/simple_path_planner': DEBUGINFOD_URLS=https://debuginfod.ubuntu.com PYTHONPATH=/home/projectlab3_ss25/our_ws/build/simple_path_planner/prefix_override:/usr/lib/python3/dist-packages/colcon_core/task/python/colcon_distutils_commands:/home/projectlab3_ss25/our_ws/install/simple_path_planner/lib/python3.12/site-packages:${PYTHONPATH} /usr/bin/python3 -W ignore:setup.py install is deprecated -W ignore:easy_install command is deprecated setup.py egg_info --egg-base ../../build/simple_path_planner build --build-base /home/projectlab3_ss25/our_ws/build/simple_path_planner/build install --record /home/projectlab3_ss25/our_ws/build/simple_path_planner/install.log --single-version-externally-managed
[7.722s] running egg_info
[7.830s] writing ../../build/simple_path_planner/simple_path_planner.egg-info/PKG-INFO
[7.831s] writing dependency_links to ../../build/simple_path_planner/simple_path_planner.egg-info/dependency_links.txt
[7.831s] writing entry points to ../../build/simple_path_planner/simple_path_planner.egg-info/entry_points.txt
[7.831s] writing requirements to ../../build/simple_path_planner/simple_path_planner.egg-info/requires.txt
[7.832s] writing top-level names to ../../build/simple_path_planner/simple_path_planner.egg-info/top_level.txt
[8.041s] reading manifest file '../../build/simple_path_planner/simple_path_planner.egg-info/SOURCES.txt'
[8.042s] writing manifest file '../../build/simple_path_planner/simple_path_planner.egg-info/SOURCES.txt'
[8.043s] running build
[8.043s] running build_py
[8.044s] copying simple_path_planner/simple_path_planner.py -> /home/projectlab3_ss25/our_ws/build/simple_path_planner/build/lib/simple_path_planner
[8.044s] running install
[8.065s] running install_lib
[8.202s] copying /home/projectlab3_ss25/our_ws/build/simple_path_planner/build/lib/simple_path_planner/simple_path_planner.py -> /home/projectlab3_ss25/our_ws/install/simple_path_planner/lib/python3.12/site-packages/simple_path_planner
[8.210s] byte-compiling /home/projectlab3_ss25/our_ws/install/simple_path_planner/lib/python3.12/site-packages/simple_path_planner/simple_path_planner.py to simple_path_planner.cpython-312.pyc
[8.215s] running install_egg_info
[8.368s] removing '/home/projectlab3_ss25/our_ws/install/simple_path_planner/lib/python3.12/site-packages/simple_path_planner-0.0.0-py3.12.egg-info' (and everything under it)
[8.374s] Copying ../../build/simple_path_planner/simple_path_planner.egg-info to /home/projectlab3_ss25/our_ws/install/simple_path_planner/lib/python3.12/site-packages/simple_path_planner-0.0.0-py3.12.egg-info
[8.376s] running install_scripts
[9.256s] Installing simple_path_planner script to /home/projectlab3_ss25/our_ws/install/simple_path_planner/lib/simple_path_planner
[9.256s] writing list of installed files to '/home/projectlab3_ss25/our_ws/build/simple_path_planner/install.log'
[9.409s] Invoked command in '/home/projectlab3_ss25/our_ws/src/simple_path_planner' returned '0': DEBUGINFOD_URLS=https://debuginfod.ubuntu.com PYTHONPATH=/home/projectlab3_ss25/our_ws/build/simple_path_planner/prefix_override:/usr/lib/python3/dist-packages/colcon_core/task/python/colcon_distutils_commands:/home/projectlab3_ss25/our_ws/install/simple_path_planner/lib/python3.12/site-packages:${PYTHONPATH} /usr/bin/python3 -W ignore:setup.py install is deprecated -W ignore:easy_install command is deprecated setup.py egg_info --egg-base ../../build/simple_path_planner build --build-base /home/projectlab3_ss25/our_ws/build/simple_path_planner/build install --record /home/projectlab3_ss25/our_ws/build/simple_path_planner/install.log --single-version-externally-managed
