[3.817s] Invoking command in '/home/projectlab3_ss25/our_ws/src/simple_path_planner': DEBUGINFOD_URLS=https://debuginfod.ubuntu.com PYTHONPATH=/home/projectlab3_ss25/our_ws/build/simple_path_planner/prefix_override:/usr/lib/python3/dist-packages/colcon_core/task/python/colcon_distutils_commands:/home/projectlab3_ss25/our_ws/install/simple_path_planner/lib/python3.12/site-packages:${PYTHONPATH} /usr/bin/python3 -W ignore:setup.py install is deprecated -W ignore:easy_install command is deprecated setup.py egg_info --egg-base ../../build/simple_path_planner build --build-base /home/projectlab3_ss25/our_ws/build/simple_path_planner/build install --record /home/projectlab3_ss25/our_ws/build/simple_path_planner/install.log --single-version-externally-managed
[4.621s] running egg_info
[4.694s] writing ../../build/simple_path_planner/simple_path_planner.egg-info/PKG-INFO
[4.694s] writing dependency_links to ../../build/simple_path_planner/simple_path_planner.egg-info/dependency_links.txt
[4.695s] writing entry points to ../../build/simple_path_planner/simple_path_planner.egg-info/entry_points.txt
[4.695s] writing requirements to ../../build/simple_path_planner/simple_path_planner.egg-info/requires.txt
[4.698s] writing top-level names to ../../build/simple_path_planner/simple_path_planner.egg-info/top_level.txt
[4.864s] reading manifest file '../../build/simple_path_planner/simple_path_planner.egg-info/SOURCES.txt'
[4.868s] writing manifest file '../../build/simple_path_planner/simple_path_planner.egg-info/SOURCES.txt'
[4.870s] running build
[4.870s] running build_py
[4.870s] copying simple_path_planner/simple_path_planner.py -> /home/projectlab3_ss25/our_ws/build/simple_path_planner/build/lib/simple_path_planner
[4.873s] running install
[4.896s] running install_lib
[4.976s] copying /home/projectlab3_ss25/our_ws/build/simple_path_planner/build/lib/simple_path_planner/simple_path_planner.py -> /home/projectlab3_ss25/our_ws/install/simple_path_planner/lib/python3.12/site-packages/simple_path_planner
[4.981s] byte-compiling /home/projectlab3_ss25/our_ws/install/simple_path_planner/lib/python3.12/site-packages/simple_path_planner/simple_path_planner.py to simple_path_planner.cpython-312.pyc
[4.990s] running install_egg_info
[5.096s] removing '/home/projectlab3_ss25/our_ws/install/simple_path_planner/lib/python3.12/site-packages/simple_path_planner-0.0.0-py3.12.egg-info' (and everything under it)
[5.096s] Copying ../../build/simple_path_planner/simple_path_planner.egg-info to /home/projectlab3_ss25/our_ws/install/simple_path_planner/lib/python3.12/site-packages/simple_path_planner-0.0.0-py3.12.egg-info
[5.097s] running install_scripts
[5.492s] Installing simple_path_planner script to /home/projectlab3_ss25/our_ws/install/simple_path_planner/lib/simple_path_planner
[5.492s] writing list of installed files to '/home/projectlab3_ss25/our_ws/build/simple_path_planner/install.log'
[5.551s] Invoked command in '/home/projectlab3_ss25/our_ws/src/simple_path_planner' returned '0': DEBUGINFOD_URLS=https://debuginfod.ubuntu.com PYTHONPATH=/home/projectlab3_ss25/our_ws/build/simple_path_planner/prefix_override:/usr/lib/python3/dist-packages/colcon_core/task/python/colcon_distutils_commands:/home/projectlab3_ss25/our_ws/install/simple_path_planner/lib/python3.12/site-packages:${PYTHONPATH} /usr/bin/python3 -W ignore:setup.py install is deprecated -W ignore:easy_install command is deprecated setup.py egg_info --egg-base ../../build/simple_path_planner build --build-base /home/projectlab3_ss25/our_ws/build/simple_path_planner/build install --record /home/projectlab3_ss25/our_ws/build/simple_path_planner/install.log --single-version-externally-managed
