[2.335s] Invoking command in '/home/projectlab3_ss25/our_ws/src/obstacle_avoidance_controller': DEBUGINFOD_URLS=https://debuginfod.ubuntu.com PYTHONPATH=/home/projectlab3_ss25/our_ws/build/obstacle_avoidance_controller/prefix_override:/usr/lib/python3/dist-packages/colcon_core/task/python/colcon_distutils_commands:/home/projectlab3_ss25/our_ws/install/obstacle_avoidance_controller/lib/python3.12/site-packages:${PYTHONPATH} /usr/bin/python3 -W ignore:setup.py install is deprecated -W ignore:easy_install command is deprecated setup.py egg_info --egg-base ../../build/obstacle_avoidance_controller build --build-base /home/projectlab3_ss25/our_ws/build/obstacle_avoidance_controller/build install --record /home/projectlab3_ss25/our_ws/build/obstacle_avoidance_controller/install.log --single-version-externally-managed install_data
[2.985s] running egg_info
[3.043s] writing ../../build/obstacle_avoidance_controller/obstacle_avoidance_controller.egg-info/PKG-INFO
[3.045s] writing dependency_links to ../../build/obstacle_avoidance_controller/obstacle_avoidance_controller.egg-info/dependency_links.txt
[3.046s] writing entry points to ../../build/obstacle_avoidance_controller/obstacle_avoidance_controller.egg-info/entry_points.txt
[3.046s] writing requirements to ../../build/obstacle_avoidance_controller/obstacle_avoidance_controller.egg-info/requires.txt
[3.046s] writing top-level names to ../../build/obstacle_avoidance_controller/obstacle_avoidance_controller.egg-info/top_level.txt
[3.157s] reading manifest file '../../build/obstacle_avoidance_controller/obstacle_avoidance_controller.egg-info/SOURCES.txt'
[3.158s] writing manifest file '../../build/obstacle_avoidance_controller/obstacle_avoidance_controller.egg-info/SOURCES.txt'
[3.159s] running build
[3.159s] running build_py
[3.160s] running install
[3.172s] running install_lib
[3.219s] running install_data
[3.220s] running install_egg_info
[3.273s] removing '/home/projectlab3_ss25/our_ws/install/obstacle_avoidance_controller/lib/python3.12/site-packages/obstacle_avoidance_controller-0.0.0-py3.12.egg-info' (and everything under it)
[3.277s] Copying ../../build/obstacle_avoidance_controller/obstacle_avoidance_controller.egg-info to /home/projectlab3_ss25/our_ws/install/obstacle_avoidance_controller/lib/python3.12/site-packages/obstacle_avoidance_controller-0.0.0-py3.12.egg-info
[3.280s] running install_scripts
[3.615s] Installing obstacle_avoidance script to /home/projectlab3_ss25/our_ws/install/obstacle_avoidance_controller/lib/obstacle_avoidance_controller
[3.616s] Installing obstacle_avoidance_2 script to /home/projectlab3_ss25/our_ws/install/obstacle_avoidance_controller/lib/obstacle_avoidance_controller
[3.617s] writing list of installed files to '/home/projectlab3_ss25/our_ws/build/obstacle_avoidance_controller/install.log'
[3.674s] Invoked command in '/home/projectlab3_ss25/our_ws/src/obstacle_avoidance_controller' returned '0': DEBUGINFOD_URLS=https://debuginfod.ubuntu.com PYTHONPATH=/home/projectlab3_ss25/our_ws/build/obstacle_avoidance_controller/prefix_override:/usr/lib/python3/dist-packages/colcon_core/task/python/colcon_distutils_commands:/home/projectlab3_ss25/our_ws/install/obstacle_avoidance_controller/lib/python3.12/site-packages:${PYTHONPATH} /usr/bin/python3 -W ignore:setup.py install is deprecated -W ignore:easy_install command is deprecated setup.py egg_info --egg-base ../../build/obstacle_avoidance_controller build --build-base /home/projectlab3_ss25/our_ws/build/obstacle_avoidance_controller/build install --record /home/projectlab3_ss25/our_ws/build/obstacle_avoidance_controller/install.log --single-version-externally-managed install_data
