[0.240s] DEBUG:colcon:Command line arguments: ['/usr/bin/colcon', 'build']
[0.240s] DEBUG:colcon:Parsed command line arguments: Namespace(log_base=None, log_level=None, verb_name='build', build_base='build', install_base='install', merge_install=False, symlink_install=False, test_result_base=None, continue_on_error=False, executor='parallel', parallel_workers=4, event_handlers=None, ignore_user_meta=False, metas=['./colcon.meta'], base_paths=['.'], packages_ignore=None, packages_ignore_regex=None, paths=None, packages_up_to=None, packages_up_to_regex=None, packages_above=None, packages_above_and_dependencies=None, packages_above_depth=None, packages_select_by_dep=None, packages_skip_by_dep=None, packages_skip_up_to=None, packages_select_build_failed=False, packages_skip_build_finished=False, packages_select_test_failures=False, packages_skip_test_passed=False, packages_select=None, packages_skip=None, packages_select_regex=None, packages_skip_regex=None, packages_start=None, packages_end=None, allow_overriding=[], cmake_args=None, cmake_target=None, cmake_target_skip_unavailable=False, cmake_clean_cache=False, cmake_clean_first=False, cmake_force_configure=False, ament_cmake_args=None, catkin_cmake_args=None, catkin_skip_building_tests=False, mixin_files=None, mixin=None, verb_parser=<colcon_mixin.mixin.mixin_argument.MixinArgumentDecorator object at 0x796bdb187b60>, verb_extension=<colcon_core.verb.build.BuildVerb object at 0x796bdb187860>, main=<bound method BuildVerb.main of <colcon_core.verb.build.BuildVerb object at 0x796bdb187860>>, mixin_verb=('build',))
[0.333s] Level 1:colcon.colcon_core.package_discovery:discover_packages(colcon_meta) check parameters
[0.333s] Level 1:colcon.colcon_core.package_discovery:discover_packages(recursive) check parameters
[0.333s] Level 1:colcon.colcon_core.package_discovery:discover_packages(ignore) check parameters
[0.333s] Level 1:colcon.colcon_core.package_discovery:discover_packages(path) check parameters
[0.333s] Level 1:colcon.colcon_core.package_discovery:discover_packages(colcon_meta) discover
[0.333s] Level 1:colcon.colcon_core.package_discovery:discover_packages(recursive) discover
[0.333s] INFO:colcon.colcon_core.package_discovery:Crawling recursively for packages in '/home/projectlab3_ss25/our_ws'
[0.333s] Level 1:colcon.colcon_core.package_identification:_identify(.) by extensions ['ignore', 'ignore_ament_install']
[0.334s] Level 1:colcon.colcon_core.package_identification:_identify(.) by extension 'ignore'
[0.334s] Level 1:colcon.colcon_core.package_identification:_identify(.) by extension 'ignore_ament_install'
[0.334s] Level 1:colcon.colcon_core.package_identification:_identify(.) by extensions ['colcon_pkg']
[0.334s] Level 1:colcon.colcon_core.package_identification:_identify(.) by extension 'colcon_pkg'
[0.334s] Level 1:colcon.colcon_core.package_identification:_identify(.) by extensions ['colcon_meta']
[0.334s] Level 1:colcon.colcon_core.package_identification:_identify(.) by extension 'colcon_meta'
[0.334s] Level 1:colcon.colcon_core.package_identification:_identify(.) by extensions ['ros']
[0.334s] Level 1:colcon.colcon_core.package_identification:_identify(.) by extension 'ros'
[0.376s] Level 1:colcon.colcon_core.package_identification:_identify(.) by extensions ['cmake', 'python']
[0.376s] Level 1:colcon.colcon_core.package_identification:_identify(.) by extension 'cmake'
[0.376s] Level 1:colcon.colcon_core.package_identification:_identify(.) by extension 'python'
[0.376s] Level 1:colcon.colcon_core.package_identification:_identify(.) by extensions ['python_setup_py']
[0.376s] Level 1:colcon.colcon_core.package_identification:_identify(.) by extension 'python_setup_py'
[0.376s] Level 1:colcon.colcon_core.package_identification:_identify(build) by extensions ['ignore', 'ignore_ament_install']
[0.376s] Level 1:colcon.colcon_core.package_identification:_identify(build) by extension 'ignore'
[0.376s] Level 1:colcon.colcon_core.package_identification:_identify(build) ignored
[0.377s] Level 1:colcon.colcon_core.package_identification:_identify(install) by extensions ['ignore', 'ignore_ament_install']
[0.377s] Level 1:colcon.colcon_core.package_identification:_identify(install) by extension 'ignore'
[0.377s] Level 1:colcon.colcon_core.package_identification:_identify(install) ignored
[0.377s] Level 1:colcon.colcon_core.package_identification:_identify(log) by extensions ['ignore', 'ignore_ament_install']
[0.377s] Level 1:colcon.colcon_core.package_identification:_identify(log) by extension 'ignore'
[0.377s] Level 1:colcon.colcon_core.package_identification:_identify(log) ignored
[0.377s] Level 1:colcon.colcon_core.package_identification:_identify(src) by extensions ['ignore', 'ignore_ament_install']
[0.377s] Level 1:colcon.colcon_core.package_identification:_identify(src) by extension 'ignore'
[0.378s] Level 1:colcon.colcon_core.package_identification:_identify(src) by extension 'ignore_ament_install'
[0.378s] Level 1:colcon.colcon_core.package_identification:_identify(src) by extensions ['colcon_pkg']
[0.378s] Level 1:colcon.colcon_core.package_identification:_identify(src) by extension 'colcon_pkg'
[0.378s] Level 1:colcon.colcon_core.package_identification:_identify(src) by extensions ['colcon_meta']
[0.378s] Level 1:colcon.colcon_core.package_identification:_identify(src) by extension 'colcon_meta'
[0.378s] Level 1:colcon.colcon_core.package_identification:_identify(src) by extensions ['ros']
[0.378s] Level 1:colcon.colcon_core.package_identification:_identify(src) by extension 'ros'
[0.378s] Level 1:colcon.colcon_core.package_identification:_identify(src) by extensions ['cmake', 'python']
[0.378s] Level 1:colcon.colcon_core.package_identification:_identify(src) by extension 'cmake'
[0.378s] Level 1:colcon.colcon_core.package_identification:_identify(src) by extension 'python'
[0.378s] Level 1:colcon.colcon_core.package_identification:_identify(src) by extensions ['python_setup_py']
[0.378s] Level 1:colcon.colcon_core.package_identification:_identify(src) by extension 'python_setup_py'
[0.378s] Level 1:colcon.colcon_core.package_identification:_identify(src/obstacle_avoidance_controller) by extensions ['ignore', 'ignore_ament_install']
[0.379s] Level 1:colcon.colcon_core.package_identification:_identify(src/obstacle_avoidance_controller) by extension 'ignore'
[0.379s] Level 1:colcon.colcon_core.package_identification:_identify(src/obstacle_avoidance_controller) by extension 'ignore_ament_install'
[0.379s] Level 1:colcon.colcon_core.package_identification:_identify(src/obstacle_avoidance_controller) by extensions ['colcon_pkg']
[0.379s] Level 1:colcon.colcon_core.package_identification:_identify(src/obstacle_avoidance_controller) by extension 'colcon_pkg'
[0.379s] Level 1:colcon.colcon_core.package_identification:_identify(src/obstacle_avoidance_controller) by extensions ['colcon_meta']
[0.379s] Level 1:colcon.colcon_core.package_identification:_identify(src/obstacle_avoidance_controller) by extension 'colcon_meta'
[0.379s] Level 1:colcon.colcon_core.package_identification:_identify(src/obstacle_avoidance_controller) by extensions ['ros']
[0.379s] Level 1:colcon.colcon_core.package_identification:_identify(src/obstacle_avoidance_controller) by extension 'ros'
[0.383s] DEBUG:colcon.colcon_core.package_identification:Package 'src/obstacle_avoidance_controller' with type 'ros.ament_python' and name 'obstacle_avoidance_controller'
[0.383s] Level 1:colcon.colcon_core.package_identification:_identify(src/obstacle_avoidance_nav2) by extensions ['ignore', 'ignore_ament_install']
[0.384s] Level 1:colcon.colcon_core.package_identification:_identify(src/obstacle_avoidance_nav2) by extension 'ignore'
[0.384s] Level 1:colcon.colcon_core.package_identification:_identify(src/obstacle_avoidance_nav2) by extension 'ignore_ament_install'
[0.384s] Level 1:colcon.colcon_core.package_identification:_identify(src/obstacle_avoidance_nav2) by extensions ['colcon_pkg']
[0.384s] Level 1:colcon.colcon_core.package_identification:_identify(src/obstacle_avoidance_nav2) by extension 'colcon_pkg'
[0.384s] Level 1:colcon.colcon_core.package_identification:_identify(src/obstacle_avoidance_nav2) by extensions ['colcon_meta']
[0.384s] Level 1:colcon.colcon_core.package_identification:_identify(src/obstacle_avoidance_nav2) by extension 'colcon_meta'
[0.384s] Level 1:colcon.colcon_core.package_identification:_identify(src/obstacle_avoidance_nav2) by extensions ['ros']
[0.384s] Level 1:colcon.colcon_core.package_identification:_identify(src/obstacle_avoidance_nav2) by extension 'ros'
[0.385s] DEBUG:colcon.colcon_core.package_identification:Package 'src/obstacle_avoidance_nav2' with type 'ros.ament_python' and name 'obstacle_avoidance_nav2'
[0.386s] Level 1:colcon.colcon_core.package_discovery:discover_packages(recursive) using defaults
[0.386s] Level 1:colcon.colcon_core.package_discovery:discover_packages(ignore) discover
[0.386s] Level 1:colcon.colcon_core.package_discovery:discover_packages(ignore) using defaults
[0.386s] Level 1:colcon.colcon_core.package_discovery:discover_packages(path) discover
[0.386s] Level 1:colcon.colcon_core.package_discovery:discover_packages(path) using defaults
[0.414s] Level 1:colcon.colcon_core.package_discovery:discover_packages(prefix_path) check parameters
[0.414s] Level 1:colcon.colcon_core.package_discovery:discover_packages(prefix_path) discover
[0.419s] DEBUG:colcon.colcon_installed_package_information.package_discovery:Found 2 installed packages in /home/projectlab3_ss25/our_ws/install
[0.422s] DEBUG:colcon.colcon_installed_package_information.package_discovery:Found 408 installed packages in /opt/ros/jazzy
[0.423s] Level 1:colcon.colcon_core.package_discovery:discover_packages(prefix_path) using defaults
[0.511s] Level 5:colcon.colcon_core.verb:set package 'obstacle_avoidance_controller' build argument 'cmake_args' from command line to 'None'
[0.511s] Level 5:colcon.colcon_core.verb:set package 'obstacle_avoidance_controller' build argument 'cmake_target' from command line to 'None'
[0.512s] Level 5:colcon.colcon_core.verb:set package 'obstacle_avoidance_controller' build argument 'cmake_target_skip_unavailable' from command line to 'False'
[0.512s] Level 5:colcon.colcon_core.verb:set package 'obstacle_avoidance_controller' build argument 'cmake_clean_cache' from command line to 'False'
[0.512s] Level 5:colcon.colcon_core.verb:set package 'obstacle_avoidance_controller' build argument 'cmake_clean_first' from command line to 'False'
[0.512s] Level 5:colcon.colcon_core.verb:set package 'obstacle_avoidance_controller' build argument 'cmake_force_configure' from command line to 'False'
[0.512s] Level 5:colcon.colcon_core.verb:set package 'obstacle_avoidance_controller' build argument 'ament_cmake_args' from command line to 'None'
[0.512s] Level 5:colcon.colcon_core.verb:set package 'obstacle_avoidance_controller' build argument 'catkin_cmake_args' from command line to 'None'
[0.512s] Level 5:colcon.colcon_core.verb:set package 'obstacle_avoidance_controller' build argument 'catkin_skip_building_tests' from command line to 'False'
[0.512s] DEBUG:colcon.colcon_core.verb:Building package 'obstacle_avoidance_controller' with the following arguments: {'ament_cmake_args': None, 'build_base': '/home/projectlab3_ss25/our_ws/build/obstacle_avoidance_controller', 'catkin_cmake_args': None, 'catkin_skip_building_tests': False, 'cmake_args': None, 'cmake_clean_cache': False, 'cmake_clean_first': False, 'cmake_force_configure': False, 'cmake_target': None, 'cmake_target_skip_unavailable': False, 'install_base': '/home/projectlab3_ss25/our_ws/install/obstacle_avoidance_controller', 'merge_install': False, 'path': '/home/projectlab3_ss25/our_ws/src/obstacle_avoidance_controller', 'symlink_install': False, 'test_result_base': None}
[0.512s] Level 5:colcon.colcon_core.verb:set package 'obstacle_avoidance_nav2' build argument 'cmake_args' from command line to 'None'
[0.512s] Level 5:colcon.colcon_core.verb:set package 'obstacle_avoidance_nav2' build argument 'cmake_target' from command line to 'None'
[0.512s] Level 5:colcon.colcon_core.verb:set package 'obstacle_avoidance_nav2' build argument 'cmake_target_skip_unavailable' from command line to 'False'
[0.513s] Level 5:colcon.colcon_core.verb:set package 'obstacle_avoidance_nav2' build argument 'cmake_clean_cache' from command line to 'False'
[0.513s] Level 5:colcon.colcon_core.verb:set package 'obstacle_avoidance_nav2' build argument 'cmake_clean_first' from command line to 'False'
[0.513s] Level 5:colcon.colcon_core.verb:set package 'obstacle_avoidance_nav2' build argument 'cmake_force_configure' from command line to 'False'
[0.513s] Level 5:colcon.colcon_core.verb:set package 'obstacle_avoidance_nav2' build argument 'ament_cmake_args' from command line to 'None'
[0.513s] Level 5:colcon.colcon_core.verb:set package 'obstacle_avoidance_nav2' build argument 'catkin_cmake_args' from command line to 'None'
[0.513s] Level 5:colcon.colcon_core.verb:set package 'obstacle_avoidance_nav2' build argument 'catkin_skip_building_tests' from command line to 'False'
[0.513s] DEBUG:colcon.colcon_core.verb:Building package 'obstacle_avoidance_nav2' with the following arguments: {'ament_cmake_args': None, 'build_base': '/home/projectlab3_ss25/our_ws/build/obstacle_avoidance_nav2', 'catkin_cmake_args': None, 'catkin_skip_building_tests': False, 'cmake_args': None, 'cmake_clean_cache': False, 'cmake_clean_first': False, 'cmake_force_configure': False, 'cmake_target': None, 'cmake_target_skip_unavailable': False, 'install_base': '/home/projectlab3_ss25/our_ws/install/obstacle_avoidance_nav2', 'merge_install': False, 'path': '/home/projectlab3_ss25/our_ws/src/obstacle_avoidance_nav2', 'symlink_install': False, 'test_result_base': None}
[0.513s] INFO:colcon.colcon_core.executor:Executing jobs using 'parallel' executor
[0.514s] DEBUG:colcon.colcon_parallel_executor.executor.parallel:run_until_complete
[0.514s] INFO:colcon.colcon_ros.task.ament_python.build:Building ROS package in '/home/projectlab3_ss25/our_ws/src/obstacle_avoidance_controller' with build type 'ament_python'
[0.514s] Level 1:colcon.colcon_core.shell:create_environment_hook('obstacle_avoidance_controller', 'ament_prefix_path')
[0.518s] INFO:colcon.colcon_core.plugin_system:Skipping extension 'colcon_core.shell.bat': Not used on non-Windows systems
[0.518s] INFO:colcon.colcon_core.shell:Creating environment hook '/home/projectlab3_ss25/our_ws/install/obstacle_avoidance_controller/share/obstacle_avoidance_controller/hook/ament_prefix_path.ps1'
[0.519s] INFO:colcon.colcon_core.shell:Creating environment descriptor '/home/projectlab3_ss25/our_ws/install/obstacle_avoidance_controller/share/obstacle_avoidance_controller/hook/ament_prefix_path.dsv'
[0.520s] INFO:colcon.colcon_core.shell:Creating environment hook '/home/projectlab3_ss25/our_ws/install/obstacle_avoidance_controller/share/obstacle_avoidance_controller/hook/ament_prefix_path.sh'
[0.521s] INFO:colcon.colcon_core.shell:Skip shell extension 'powershell' for command environment: Not usable outside of PowerShell
[0.521s] DEBUG:colcon.colcon_core.shell:Skip shell extension 'dsv' for command environment
[0.527s] INFO:colcon.colcon_ros.task.ament_python.build:Building ROS package in '/home/projectlab3_ss25/our_ws/src/obstacle_avoidance_nav2' with build type 'ament_python'
[0.527s] Level 1:colcon.colcon_core.shell:create_environment_hook('obstacle_avoidance_nav2', 'ament_prefix_path')
[0.528s] INFO:colcon.colcon_core.shell:Creating environment hook '/home/projectlab3_ss25/our_ws/install/obstacle_avoidance_nav2/share/obstacle_avoidance_nav2/hook/ament_prefix_path.ps1'
[0.528s] INFO:colcon.colcon_core.shell:Creating environment descriptor '/home/projectlab3_ss25/our_ws/install/obstacle_avoidance_nav2/share/obstacle_avoidance_nav2/hook/ament_prefix_path.dsv'
[0.529s] INFO:colcon.colcon_core.shell:Creating environment hook '/home/projectlab3_ss25/our_ws/install/obstacle_avoidance_nav2/share/obstacle_avoidance_nav2/hook/ament_prefix_path.sh'
[0.530s] INFO:colcon.colcon_core.shell:Skip shell extension 'powershell' for command environment: Not usable outside of PowerShell
[0.530s] DEBUG:colcon.colcon_core.shell:Skip shell extension 'dsv' for command environment
[1.021s] INFO:colcon.colcon_core.task.python.build:Building Python package in '/home/projectlab3_ss25/our_ws/src/obstacle_avoidance_controller'
[1.022s] INFO:colcon.colcon_core.shell:Skip shell extension 'powershell' for command environment: Not usable outside of PowerShell
[1.022s] DEBUG:colcon.colcon_core.shell:Skip shell extension 'dsv' for command environment
[1.463s] WARNING:colcon.colcon_ros.task.ament_python.build:Package 'obstacle_avoidance_nav2' doesn't explicitly install a marker in the package index (colcon-ros currently does it implicitly but that fallback will be removed in the future)
[1.463s] WARNING:colcon.colcon_ros.task.ament_python.build:Package 'obstacle_avoidance_nav2' doesn't explicitly install the 'package.xml' file (colcon-ros currently does it implicitly but that fallback will be removed in the future)
[1.464s] INFO:colcon.colcon_core.task.python.build:Building Python package in '/home/projectlab3_ss25/our_ws/src/obstacle_avoidance_nav2'
[1.464s] INFO:colcon.colcon_core.shell:Skip shell extension 'powershell' for command environment: Not usable outside of PowerShell
[1.464s] DEBUG:colcon.colcon_core.shell:Skip shell extension 'dsv' for command environment
[3.055s] DEBUG:colcon.colcon_core.event_handler.log_command:Invoking command in '/home/projectlab3_ss25/our_ws/src/obstacle_avoidance_nav2': DEBUGINFOD_URLS=https://debuginfod.ubuntu.com PYTHONPATH=/home/projectlab3_ss25/our_ws/build/obstacle_avoidance_nav2/prefix_override:/usr/lib/python3/dist-packages/colcon_core/task/python/colcon_distutils_commands:/home/projectlab3_ss25/our_ws/install/obstacle_avoidance_nav2/lib/python3.12/site-packages:${PYTHONPATH} /usr/bin/python3 -W ignore:setup.py install is deprecated -W ignore:easy_install command is deprecated setup.py egg_info --egg-base ../../build/obstacle_avoidance_nav2 build --build-base /home/projectlab3_ss25/our_ws/build/obstacle_avoidance_nav2/build install --record /home/projectlab3_ss25/our_ws/build/obstacle_avoidance_nav2/install.log --single-version-externally-managed
[3.130s] DEBUG:colcon.colcon_core.event_handler.log_command:Invoking command in '/home/projectlab3_ss25/our_ws/src/obstacle_avoidance_controller': DEBUGINFOD_URLS=https://debuginfod.ubuntu.com PYTHONPATH=/home/projectlab3_ss25/our_ws/build/obstacle_avoidance_controller/prefix_override:/usr/lib/python3/dist-packages/colcon_core/task/python/colcon_distutils_commands:/home/projectlab3_ss25/our_ws/install/obstacle_avoidance_controller/lib/python3.12/site-packages:${PYTHONPATH} /usr/bin/python3 -W ignore:setup.py install is deprecated -W ignore:easy_install command is deprecated setup.py egg_info --egg-base ../../build/obstacle_avoidance_controller build --build-base /home/projectlab3_ss25/our_ws/build/obstacle_avoidance_controller/build install --record /home/projectlab3_ss25/our_ws/build/obstacle_avoidance_controller/install.log --single-version-externally-managed install_data
[4.447s] Level 1:colcon.colcon_core.environment:checking '/home/projectlab3_ss25/our_ws/install/obstacle_avoidance_nav2' for CMake module files
[4.447s] DEBUG:colcon.colcon_core.event_handler.log_command:Invoked command in '/home/projectlab3_ss25/our_ws/src/obstacle_avoidance_nav2' returned '0': DEBUGINFOD_URLS=https://debuginfod.ubuntu.com PYTHONPATH=/home/projectlab3_ss25/our_ws/build/obstacle_avoidance_nav2/prefix_override:/usr/lib/python3/dist-packages/colcon_core/task/python/colcon_distutils_commands:/home/projectlab3_ss25/our_ws/install/obstacle_avoidance_nav2/lib/python3.12/site-packages:${PYTHONPATH} /usr/bin/python3 -W ignore:setup.py install is deprecated -W ignore:easy_install command is deprecated setup.py egg_info --egg-base ../../build/obstacle_avoidance_nav2 build --build-base /home/projectlab3_ss25/our_ws/build/obstacle_avoidance_nav2/build install --record /home/projectlab3_ss25/our_ws/build/obstacle_avoidance_nav2/install.log --single-version-externally-managed
[4.449s] Level 1:colcon.colcon_core.environment:checking '/home/projectlab3_ss25/our_ws/install/obstacle_avoidance_nav2' for CMake config files
[4.450s] Level 1:colcon.colcon_core.environment:checking '/home/projectlab3_ss25/our_ws/install/obstacle_avoidance_nav2/lib'
[4.450s] Level 1:colcon.colcon_core.environment:checking '/home/projectlab3_ss25/our_ws/install/obstacle_avoidance_nav2/bin'
[4.451s] Level 1:colcon.colcon_core.environment:checking '/home/projectlab3_ss25/our_ws/install/obstacle_avoidance_nav2/lib/pkgconfig/obstacle_avoidance_nav2.pc'
[4.451s] Level 1:colcon.colcon_core.environment:checking '/home/projectlab3_ss25/our_ws/install/obstacle_avoidance_nav2/lib/python3.12/site-packages'
[4.451s] Level 1:colcon.colcon_core.shell:create_environment_hook('obstacle_avoidance_nav2', 'pythonpath')
[4.452s] INFO:colcon.colcon_core.shell:Creating environment hook '/home/projectlab3_ss25/our_ws/install/obstacle_avoidance_nav2/share/obstacle_avoidance_nav2/hook/pythonpath.ps1'
[4.452s] INFO:colcon.colcon_core.shell:Creating environment descriptor '/home/projectlab3_ss25/our_ws/install/obstacle_avoidance_nav2/share/obstacle_avoidance_nav2/hook/pythonpath.dsv'
[4.453s] INFO:colcon.colcon_core.shell:Creating environment hook '/home/projectlab3_ss25/our_ws/install/obstacle_avoidance_nav2/share/obstacle_avoidance_nav2/hook/pythonpath.sh'
[4.456s] Level 1:colcon.colcon_core.environment:checking '/home/projectlab3_ss25/our_ws/install/obstacle_avoidance_nav2/bin'
[4.457s] Level 1:colcon.colcon_core.environment:create_environment_scripts_only(obstacle_avoidance_nav2)
[4.457s] INFO:colcon.colcon_core.shell:Creating package script '/home/projectlab3_ss25/our_ws/install/obstacle_avoidance_nav2/share/obstacle_avoidance_nav2/package.ps1'
[4.461s] INFO:colcon.colcon_core.shell:Creating package descriptor '/home/projectlab3_ss25/our_ws/install/obstacle_avoidance_nav2/share/obstacle_avoidance_nav2/package.dsv'
[4.462s] INFO:colcon.colcon_core.shell:Creating package script '/home/projectlab3_ss25/our_ws/install/obstacle_avoidance_nav2/share/obstacle_avoidance_nav2/package.sh'
[4.463s] INFO:colcon.colcon_core.shell:Creating package script '/home/projectlab3_ss25/our_ws/install/obstacle_avoidance_nav2/share/obstacle_avoidance_nav2/package.bash'
[4.466s] INFO:colcon.colcon_core.shell:Creating package script '/home/projectlab3_ss25/our_ws/install/obstacle_avoidance_nav2/share/obstacle_avoidance_nav2/package.zsh'
[4.468s] Level 1:colcon.colcon_core.environment:create_file_with_runtime_dependencies(/home/projectlab3_ss25/our_ws/install/obstacle_avoidance_nav2/share/colcon-core/packages/obstacle_avoidance_nav2)
[4.645s] Level 1:colcon.colcon_core.environment:checking '/home/projectlab3_ss25/our_ws/install/obstacle_avoidance_controller' for CMake module files
[4.645s] Level 1:colcon.colcon_core.environment:checking '/home/projectlab3_ss25/our_ws/install/obstacle_avoidance_controller' for CMake config files
[4.647s] DEBUG:colcon.colcon_core.event_handler.log_command:Invoked command in '/home/projectlab3_ss25/our_ws/src/obstacle_avoidance_controller' returned '0': DEBUGINFOD_URLS=https://debuginfod.ubuntu.com PYTHONPATH=/home/projectlab3_ss25/our_ws/build/obstacle_avoidance_controller/prefix_override:/usr/lib/python3/dist-packages/colcon_core/task/python/colcon_distutils_commands:/home/projectlab3_ss25/our_ws/install/obstacle_avoidance_controller/lib/python3.12/site-packages:${PYTHONPATH} /usr/bin/python3 -W ignore:setup.py install is deprecated -W ignore:easy_install command is deprecated setup.py egg_info --egg-base ../../build/obstacle_avoidance_controller build --build-base /home/projectlab3_ss25/our_ws/build/obstacle_avoidance_controller/build install --record /home/projectlab3_ss25/our_ws/build/obstacle_avoidance_controller/install.log --single-version-externally-managed install_data
[4.650s] Level 1:colcon.colcon_core.environment:checking '/home/projectlab3_ss25/our_ws/install/obstacle_avoidance_controller/lib'
[4.650s] Level 1:colcon.colcon_core.environment:checking '/home/projectlab3_ss25/our_ws/install/obstacle_avoidance_controller/bin'
[4.650s] Level 1:colcon.colcon_core.environment:checking '/home/projectlab3_ss25/our_ws/install/obstacle_avoidance_controller/lib/pkgconfig/obstacle_avoidance_controller.pc'
[4.650s] Level 1:colcon.colcon_core.environment:checking '/home/projectlab3_ss25/our_ws/install/obstacle_avoidance_controller/lib/python3.12/site-packages'
[4.651s] Level 1:colcon.colcon_core.shell:create_environment_hook('obstacle_avoidance_controller', 'pythonpath')
[4.651s] INFO:colcon.colcon_core.shell:Creating environment hook '/home/projectlab3_ss25/our_ws/install/obstacle_avoidance_controller/share/obstacle_avoidance_controller/hook/pythonpath.ps1'
[4.653s] INFO:colcon.colcon_core.shell:Creating environment descriptor '/home/projectlab3_ss25/our_ws/install/obstacle_avoidance_controller/share/obstacle_avoidance_controller/hook/pythonpath.dsv'
[4.654s] INFO:colcon.colcon_core.shell:Creating environment hook '/home/projectlab3_ss25/our_ws/install/obstacle_avoidance_controller/share/obstacle_avoidance_controller/hook/pythonpath.sh'
[4.657s] Level 1:colcon.colcon_core.environment:checking '/home/projectlab3_ss25/our_ws/install/obstacle_avoidance_controller/bin'
[4.657s] Level 1:colcon.colcon_core.environment:create_environment_scripts_only(obstacle_avoidance_controller)
[4.657s] INFO:colcon.colcon_core.shell:Creating package script '/home/projectlab3_ss25/our_ws/install/obstacle_avoidance_controller/share/obstacle_avoidance_controller/package.ps1'
[4.660s] INFO:colcon.colcon_core.shell:Creating package descriptor '/home/projectlab3_ss25/our_ws/install/obstacle_avoidance_controller/share/obstacle_avoidance_controller/package.dsv'
[4.662s] INFO:colcon.colcon_core.shell:Creating package script '/home/projectlab3_ss25/our_ws/install/obstacle_avoidance_controller/share/obstacle_avoidance_controller/package.sh'
[4.666s] INFO:colcon.colcon_core.shell:Creating package script '/home/projectlab3_ss25/our_ws/install/obstacle_avoidance_controller/share/obstacle_avoidance_controller/package.bash'
[4.667s] INFO:colcon.colcon_core.shell:Creating package script '/home/projectlab3_ss25/our_ws/install/obstacle_avoidance_controller/share/obstacle_avoidance_controller/package.zsh'
[4.667s] Level 1:colcon.colcon_core.environment:create_file_with_runtime_dependencies(/home/projectlab3_ss25/our_ws/install/obstacle_avoidance_controller/share/colcon-core/packages/obstacle_avoidance_controller)
[4.668s] DEBUG:colcon.colcon_parallel_executor.executor.parallel:closing loop
[4.669s] DEBUG:colcon.colcon_parallel_executor.executor.parallel:loop closed
[4.669s] DEBUG:colcon.colcon_parallel_executor.executor.parallel:run_until_complete finished with '0'
[4.669s] DEBUG:colcon.colcon_core.event_reactor:joining thread
[4.682s] INFO:colcon.colcon_core.plugin_system:Skipping extension 'colcon_notification.desktop_notification.terminal_notifier': Not used on non-Darwin systems
[4.682s] INFO:colcon.colcon_core.plugin_system:Skipping extension 'colcon_notification.desktop_notification.win32': Not used on non-Windows systems
[4.683s] INFO:colcon.colcon_notification.desktop_notification:Sending desktop notification using 'notify2'
[4.719s] DEBUG:colcon.colcon_core.event_reactor:joined thread
[4.719s] INFO:colcon.colcon_core.shell:Creating prefix script '/home/projectlab3_ss25/our_ws/install/local_setup.ps1'
[4.721s] INFO:colcon.colcon_core.shell:Creating prefix util module '/home/projectlab3_ss25/our_ws/install/_local_setup_util_ps1.py'
[4.724s] INFO:colcon.colcon_core.shell:Creating prefix chain script '/home/projectlab3_ss25/our_ws/install/setup.ps1'
[4.729s] INFO:colcon.colcon_core.shell:Creating prefix script '/home/projectlab3_ss25/our_ws/install/local_setup.sh'
[4.735s] INFO:colcon.colcon_core.shell:Creating prefix util module '/home/projectlab3_ss25/our_ws/install/_local_setup_util_sh.py'
[4.739s] INFO:colcon.colcon_core.shell:Creating prefix chain script '/home/projectlab3_ss25/our_ws/install/setup.sh'
[4.745s] INFO:colcon.colcon_core.shell:Creating prefix script '/home/projectlab3_ss25/our_ws/install/local_setup.bash'
[4.746s] INFO:colcon.colcon_core.shell:Creating prefix chain script '/home/projectlab3_ss25/our_ws/install/setup.bash'
[4.751s] INFO:colcon.colcon_core.shell:Creating prefix script '/home/projectlab3_ss25/our_ws/install/local_setup.zsh'
[4.752s] INFO:colcon.colcon_core.shell:Creating prefix chain script '/home/projectlab3_ss25/our_ws/install/setup.zsh'
