[4.448s] Invoking command in '/home/projectlab3_ss25/our_ws/src/obstacle_avoidance_nav2': DEBUGINFOD_URLS=https://debuginfod.ubuntu.com PYTHONPATH=/home/projectlab3_ss25/our_ws/build/obstacle_avoidance_nav2/prefix_override:/usr/lib/python3/dist-packages/colcon_core/task/python/colcon_distutils_commands:/home/projectlab3_ss25/our_ws/install/obstacle_avoidance_nav2/lib/python3.12/site-packages:${PYTHONPATH} /usr/bin/python3 -W ignore:setup.py install is deprecated -W ignore:easy_install command is deprecated setup.py egg_info --egg-base ../../build/obstacle_avoidance_nav2 build --build-base /home/projectlab3_ss25/our_ws/build/obstacle_avoidance_nav2/build install --record /home/projectlab3_ss25/our_ws/build/obstacle_avoidance_nav2/install.log --single-version-externally-managed
[5.364s] running egg_info
[5.424s] writing ../../build/obstacle_avoidance_nav2/obstacle_avoidance_nav2.egg-info/PKG-INFO
[5.425s] writing dependency_links to ../../build/obstacle_avoidance_nav2/obstacle_avoidance_nav2.egg-info/dependency_links.txt
[5.425s] writing entry points to ../../build/obstacle_avoidance_nav2/obstacle_avoidance_nav2.egg-info/entry_points.txt
[5.425s] writing requirements to ../../build/obstacle_avoidance_nav2/obstacle_avoidance_nav2.egg-info/requires.txt
[5.425s] writing top-level names to ../../build/obstacle_avoidance_nav2/obstacle_avoidance_nav2.egg-info/top_level.txt
[5.557s] reading manifest file '../../build/obstacle_avoidance_nav2/obstacle_avoidance_nav2.egg-info/SOURCES.txt'
[5.559s] writing manifest file '../../build/obstacle_avoidance_nav2/obstacle_avoidance_nav2.egg-info/SOURCES.txt'
[5.559s] running build
[5.560s] running build_py
[5.560s] running install
[5.575s] running install_lib
[5.666s] running install_egg_info
[5.732s] removing '/home/projectlab3_ss25/our_ws/install/obstacle_avoidance_nav2/lib/python3.12/site-packages/obstacle_avoidance_nav2-0.0.1-py3.12.egg-info' (and everything under it)
[5.735s] Copying ../../build/obstacle_avoidance_nav2/obstacle_avoidance_nav2.egg-info to /home/projectlab3_ss25/our_ws/install/obstacle_avoidance_nav2/lib/python3.12/site-packages/obstacle_avoidance_nav2-0.0.1-py3.12.egg-info
[5.738s] running install_scripts
[6.181s] Installing nav2_node script to /home/projectlab3_ss25/our_ws/install/obstacle_avoidance_nav2/lib/obstacle_avoidance_nav2
[6.181s] writing list of installed files to '/home/projectlab3_ss25/our_ws/build/obstacle_avoidance_nav2/install.log'
[6.254s] Invoked command in '/home/projectlab3_ss25/our_ws/src/obstacle_avoidance_nav2' returned '0': DEBUGINFOD_URLS=https://debuginfod.ubuntu.com PYTHONPATH=/home/projectlab3_ss25/our_ws/build/obstacle_avoidance_nav2/prefix_override:/usr/lib/python3/dist-packages/colcon_core/task/python/colcon_distutils_commands:/home/projectlab3_ss25/our_ws/install/obstacle_avoidance_nav2/lib/python3.12/site-packages:${PYTHONPATH} /usr/bin/python3 -W ignore:setup.py install is deprecated -W ignore:easy_install command is deprecated setup.py egg_info --egg-base ../../build/obstacle_avoidance_nav2 build --build-base /home/projectlab3_ss25/our_ws/build/obstacle_avoidance_nav2/build install --record /home/projectlab3_ss25/our_ws/build/obstacle_avoidance_nav2/install.log --single-version-externally-managed
