running egg_info
creating ../../build/path_planner/path_planner.egg-info
writing ../../build/path_planner/path_planner.egg-info/PKG-INFO
writing dependency_links to ../../build/path_planner/path_planner.egg-info/dependency_links.txt
writing entry points to ../../build/path_planner/path_planner.egg-info/entry_points.txt
writing requirements to ../../build/path_planner/path_planner.egg-info/requires.txt
writing top-level names to ../../build/path_planner/path_planner.egg-info/top_level.txt
writing manifest file '../../build/path_planner/path_planner.egg-info/SOURCES.txt'
reading manifest file '../../build/path_planner/path_planner.egg-info/SOURCES.txt'
writing manifest file '../../build/path_planner/path_planner.egg-info/SOURCES.txt'
running build
running build_py
creating /home/projectlab3_ss25/our_ws/build/path_planner/build
creating /home/projectlab3_ss25/our_ws/build/path_planner/build/lib
creating /home/projectlab3_ss25/our_ws/build/path_planner/build/lib/path_planner
copying path_planner/__init__.py -> /home/projectlab3_ss25/our_ws/build/path_planner/build/lib/path_planner
copying path_planner/simple_path_planner.py -> /home/projectlab3_ss25/our_ws/build/path_planner/build/lib/path_planner
running install
running install_lib
creating /home/projectlab3_ss25/our_ws/install/path_planner/lib/python3.12/site-packages/path_planner
copying /home/projectlab3_ss25/our_ws/build/path_planner/build/lib/path_planner/__init__.py -> /home/projectlab3_ss25/our_ws/install/path_planner/lib/python3.12/site-packages/path_planner
copying /home/projectlab3_ss25/our_ws/build/path_planner/build/lib/path_planner/simple_path_planner.py -> /home/projectlab3_ss25/our_ws/install/path_planner/lib/python3.12/site-packages/path_planner
byte-compiling /home/projectlab3_ss25/our_ws/install/path_planner/lib/python3.12/site-packages/path_planner/__init__.py to __init__.cpython-312.pyc
byte-compiling /home/projectlab3_ss25/our_ws/install/path_planner/lib/python3.12/site-packages/path_planner/simple_path_planner.py to simple_path_planner.cpython-312.pyc
running install_egg_info
Copying ../../build/path_planner/path_planner.egg-info to /home/projectlab3_ss25/our_ws/install/path_planner/lib/python3.12/site-packages/path_planner-0.0.0-py3.12.egg-info
running install_scripts
Installing simple_path_planner script to /home/projectlab3_ss25/our_ws/install/path_planner/lib/path_planner
writing list of installed files to '/home/projectlab3_ss25/our_ws/build/path_planner/install.log'
