[3.210s] Invoking command in '/home/projectlab3_ss25/our_ws/src/path_planner': DEBUGINFOD_URLS=https://debuginfod.ubuntu.com PYTHONPATH=/home/projectlab3_ss25/our_ws/build/path_planner/prefix_override:/usr/lib/python3/dist-packages/colcon_core/task/python/colcon_distutils_commands:/home/projectlab3_ss25/our_ws/install/path_planner/lib/python3.12/site-packages:${PYTHONPATH} /usr/bin/python3 -W ignore:setup.py install is deprecated -W ignore:easy_install command is deprecated setup.py egg_info --egg-base ../../build/path_planner build --build-base /home/projectlab3_ss25/our_ws/build/path_planner/build install --record /home/projectlab3_ss25/our_ws/build/path_planner/install.log --single-version-externally-managed
[3.914s] running egg_info
[3.915s] creating ../../build/path_planner/path_planner.egg-info
[3.979s] writing ../../build/path_planner/path_planner.egg-info/PKG-INFO
[3.980s] writing dependency_links to ../../build/path_planner/path_planner.egg-info/dependency_links.txt
[3.980s] writing entry points to ../../build/path_planner/path_planner.egg-info/entry_points.txt
[3.981s] writing requirements to ../../build/path_planner/path_planner.egg-info/requires.txt
[3.981s] writing top-level names to ../../build/path_planner/path_planner.egg-info/top_level.txt
[3.982s] writing manifest file '../../build/path_planner/path_planner.egg-info/SOURCES.txt'
[4.110s] reading manifest file '../../build/path_planner/path_planner.egg-info/SOURCES.txt'
[4.113s] writing manifest file '../../build/path_planner/path_planner.egg-info/SOURCES.txt'
[4.114s] running build
[4.114s] running build_py
[4.114s] creating /home/projectlab3_ss25/our_ws/build/path_planner/build
[4.115s] creating /home/projectlab3_ss25/our_ws/build/path_planner/build/lib
[4.115s] creating /home/projectlab3_ss25/our_ws/build/path_planner/build/lib/path_planner
[4.115s] copying path_planner/__init__.py -> /home/projectlab3_ss25/our_ws/build/path_planner/build/lib/path_planner
[4.117s] copying path_planner/simple_path_planner.py -> /home/projectlab3_ss25/our_ws/build/path_planner/build/lib/path_planner
[4.122s] running install
[4.158s] running install_lib
[4.296s] creating /home/projectlab3_ss25/our_ws/install/path_planner/lib/python3.12/site-packages/path_planner
[4.300s] copying /home/projectlab3_ss25/our_ws/build/path_planner/build/lib/path_planner/__init__.py -> /home/projectlab3_ss25/our_ws/install/path_planner/lib/python3.12/site-packages/path_planner
[4.302s] copying /home/projectlab3_ss25/our_ws/build/path_planner/build/lib/path_planner/simple_path_planner.py -> /home/projectlab3_ss25/our_ws/install/path_planner/lib/python3.12/site-packages/path_planner
[4.307s] byte-compiling /home/projectlab3_ss25/our_ws/install/path_planner/lib/python3.12/site-packages/path_planner/__init__.py to __init__.cpython-312.pyc
[4.309s] byte-compiling /home/projectlab3_ss25/our_ws/install/path_planner/lib/python3.12/site-packages/path_planner/simple_path_planner.py to simple_path_planner.cpython-312.pyc
[4.314s] running install_egg_info
[4.382s] Copying ../../build/path_planner/path_planner.egg-info to /home/projectlab3_ss25/our_ws/install/path_planner/lib/python3.12/site-packages/path_planner-0.0.0-py3.12.egg-info
[4.384s] running install_scripts
[4.912s] Installing simple_path_planner script to /home/projectlab3_ss25/our_ws/install/path_planner/lib/path_planner
[4.913s] writing list of installed files to '/home/projectlab3_ss25/our_ws/build/path_planner/install.log'
[5.044s] Invoked command in '/home/projectlab3_ss25/our_ws/src/path_planner' returned '0': DEBUGINFOD_URLS=https://debuginfod.ubuntu.com PYTHONPATH=/home/projectlab3_ss25/our_ws/build/path_planner/prefix_override:/usr/lib/python3/dist-packages/colcon_core/task/python/colcon_distutils_commands:/home/projectlab3_ss25/our_ws/install/path_planner/lib/python3.12/site-packages:${PYTHONPATH} /usr/bin/python3 -W ignore:setup.py install is deprecated -W ignore:easy_install command is deprecated setup.py egg_info --egg-base ../../build/path_planner build --build-base /home/projectlab3_ss25/our_ws/build/path_planner/build install --record /home/projectlab3_ss25/our_ws/build/path_planner/install.log --single-version-externally-managed
