[1.829s] Invoking command in '/home/projectlab3_ss25/test_project/src/simple_path_planner': DEBUGINFOD_URLS=https://debuginfod.ubuntu.com PYTHONPATH=/home/projectlab3_ss25/test_project/build/simple_path_planner/prefix_override:/usr/lib/python3/dist-packages/colcon_core/task/python/colcon_distutils_commands:/home/projectlab3_ss25/test_project/install/simple_path_planner/lib/python3.12/site-packages:${PYTHONPATH} /usr/bin/python3 -W ignore:setup.py install is deprecated -W ignore:easy_install command is deprecated setup.py egg_info --egg-base ../../build/simple_path_planner build --build-base /home/projectlab3_ss25/test_project/build/simple_path_planner/build install --record /home/projectlab3_ss25/test_project/build/simple_path_planner/install.log --single-version-externally-managed
[2.238s] running egg_info
[2.264s] writing ../../build/simple_path_planner/simple_path_planner.egg-info/PKG-INFO
[2.264s] writing dependency_links to ../../build/simple_path_planner/simple_path_planner.egg-info/dependency_links.txt
[2.265s] writing entry points to ../../build/simple_path_planner/simple_path_planner.egg-info/entry_points.txt
[2.265s] writing requirements to ../../build/simple_path_planner/simple_path_planner.egg-info/requires.txt
[2.267s] writing top-level names to ../../build/simple_path_planner/simple_path_planner.egg-info/top_level.txt
[2.322s] reading manifest file '../../build/simple_path_planner/simple_path_planner.egg-info/SOURCES.txt'
[2.323s] writing manifest file '../../build/simple_path_planner/simple_path_planner.egg-info/SOURCES.txt'
[2.323s] running build
[2.323s] running build_py
[2.325s] running install
[2.330s] running install_lib
[2.361s] running install_egg_info
[2.390s] removing '/home/projectlab3_ss25/test_project/install/simple_path_planner/lib/python3.12/site-packages/simple_path_planner-0.0.0-py3.12.egg-info' (and everything under it)
[2.391s] Copying ../../build/simple_path_planner/simple_path_planner.egg-info to /home/projectlab3_ss25/test_project/install/simple_path_planner/lib/python3.12/site-packages/simple_path_planner-0.0.0-py3.12.egg-info
[2.392s] running install_scripts
[2.574s] Installing simple_path_planner script to /home/projectlab3_ss25/test_project/install/simple_path_planner/lib/simple_path_planner
[2.575s] writing list of installed files to '/home/projectlab3_ss25/test_project/build/simple_path_planner/install.log'
[2.614s] Invoked command in '/home/projectlab3_ss25/test_project/src/simple_path_planner' returned '0': DEBUGINFOD_URLS=https://debuginfod.ubuntu.com PYTHONPATH=/home/projectlab3_ss25/test_project/build/simple_path_planner/prefix_override:/usr/lib/python3/dist-packages/colcon_core/task/python/colcon_distutils_commands:/home/projectlab3_ss25/test_project/install/simple_path_planner/lib/python3.12/site-packages:${PYTHONPATH} /usr/bin/python3 -W ignore:setup.py install is deprecated -W ignore:easy_install command is deprecated setup.py egg_info --egg-base ../../build/simple_path_planner build --build-base /home/projectlab3_ss25/test_project/build/simple_path_planner/build install --record /home/projectlab3_ss25/test_project/build/simple_path_planner/install.log --single-version-externally-managed
