[1.765s] Invoking command in '/home/projectlab3_ss25/test_project/src/obstacle_avoidance_controller': DEBUGINFOD_URLS=https://debuginfod.ubuntu.com PYTHONPATH=/home/projectlab3_ss25/test_project/build/obstacle_avoidance_controller/prefix_override:/usr/lib/python3/dist-packages/colcon_core/task/python/colcon_distutils_commands:/home/projectlab3_ss25/test_project/install/obstacle_avoidance_controller/lib/python3.12/site-packages:${PYTHONPATH} /usr/bin/python3 -W ignore:setup.py install is deprecated -W ignore:easy_install command is deprecated setup.py egg_info --egg-base ../../build/obstacle_avoidance_controller build --build-base /home/projectlab3_ss25/test_project/build/obstacle_avoidance_controller/build install --record /home/projectlab3_ss25/test_project/build/obstacle_avoidance_controller/install.log --single-version-externally-managed install_data
[2.127s] running egg_info
[2.150s] writing ../../build/obstacle_avoidance_controller/obstacle_avoidance_controller.egg-info/PKG-INFO
[2.151s] writing dependency_links to ../../build/obstacle_avoidance_controller/obstacle_avoidance_controller.egg-info/dependency_links.txt
[2.151s] writing entry points to ../../build/obstacle_avoidance_controller/obstacle_avoidance_controller.egg-info/entry_points.txt
[2.151s] writing requirements to ../../build/obstacle_avoidance_controller/obstacle_avoidance_controller.egg-info/requires.txt
[2.151s] writing top-level names to ../../build/obstacle_avoidance_controller/obstacle_avoidance_controller.egg-info/top_level.txt
[2.205s] reading manifest file '../../build/obstacle_avoidance_controller/obstacle_avoidance_controller.egg-info/SOURCES.txt'
[2.206s] writing manifest file '../../build/obstacle_avoidance_controller/obstacle_avoidance_controller.egg-info/SOURCES.txt'
[2.206s] running build
[2.207s] running build_py
[2.207s] running install
[2.215s] running install_lib
[2.242s] running install_data
[2.242s] running install_egg_info
[2.270s] removing '/home/projectlab3_ss25/test_project/install/obstacle_avoidance_controller/lib/python3.12/site-packages/obstacle_avoidance_controller-0.0.0-py3.12.egg-info' (and everything under it)
[2.272s] Copying ../../build/obstacle_avoidance_controller/obstacle_avoidance_controller.egg-info to /home/projectlab3_ss25/test_project/install/obstacle_avoidance_controller/lib/python3.12/site-packages/obstacle_avoidance_controller-0.0.0-py3.12.egg-info
[2.272s] running install_scripts
[2.476s] Installing obstacle_avoidance script to /home/projectlab3_ss25/test_project/install/obstacle_avoidance_controller/lib/obstacle_avoidance_controller
[2.477s] Installing obstacle_avoidance_2 script to /home/projectlab3_ss25/test_project/install/obstacle_avoidance_controller/lib/obstacle_avoidance_controller
[2.477s] writing list of installed files to '/home/projectlab3_ss25/test_project/build/obstacle_avoidance_controller/install.log'
[2.520s] Invoked command in '/home/projectlab3_ss25/test_project/src/obstacle_avoidance_controller' returned '0': DEBUGINFOD_URLS=https://debuginfod.ubuntu.com PYTHONPATH=/home/projectlab3_ss25/test_project/build/obstacle_avoidance_controller/prefix_override:/usr/lib/python3/dist-packages/colcon_core/task/python/colcon_distutils_commands:/home/projectlab3_ss25/test_project/install/obstacle_avoidance_controller/lib/python3.12/site-packages:${PYTHONPATH} /usr/bin/python3 -W ignore:setup.py install is deprecated -W ignore:easy_install command is deprecated setup.py egg_info --egg-base ../../build/obstacle_avoidance_controller build --build-base /home/projectlab3_ss25/test_project/build/obstacle_avoidance_controller/build install --record /home/projectlab3_ss25/test_project/build/obstacle_avoidance_controller/install.log --single-version-externally-managed install_data
