[3.870s] Invoking command in '/home/projectlab3_ss25/our_ws/src/simple_path_planner': DEBUGINFOD_URLS=https://debuginfod.ubuntu.com PYTHONPATH=/home/projectlab3_ss25/our_ws/build/simple_path_planner/prefix_override:/usr/lib/python3/dist-packages/colcon_core/task/python/colcon_distutils_commands:/home/projectlab3_ss25/our_ws/install/simple_path_planner/lib/python3.12/site-packages:${PYTHONPATH} /usr/bin/python3 -W ignore:setup.py install is deprecated -W ignore:easy_install command is deprecated setup.py egg_info --egg-base ../../build/simple_path_planner build --build-base /home/projectlab3_ss25/our_ws/build/simple_path_planner/build install --record /home/projectlab3_ss25/our_ws/build/simple_path_planner/install.log --single-version-externally-managed
[4.523s] running egg_info
[4.620s] writing ../../build/simple_path_planner/simple_path_planner.egg-info/PKG-INFO
[4.624s] writing dependency_links to ../../build/simple_path_planner/simple_path_planner.egg-info/dependency_links.txt
[4.625s] writing entry points to ../../build/simple_path_planner/simple_path_planner.egg-info/entry_points.txt
[4.626s] writing requirements to ../../build/simple_path_planner/simple_path_planner.egg-info/requires.txt
[4.626s] writing top-level names to ../../build/simple_path_planner/simple_path_planner.egg-info/top_level.txt
[4.825s] reading manifest file '../../build/simple_path_planner/simple_path_planner.egg-info/SOURCES.txt'
[4.827s] writing manifest file '../../build/simple_path_planner/simple_path_planner.egg-info/SOURCES.txt'
[4.827s] running build
[4.827s] running build_py
[4.829s] creating /home/projectlab3_ss25/our_ws/build/simple_path_planner/build
[4.830s] creating /home/projectlab3_ss25/our_ws/build/simple_path_planner/build/lib
[4.830s] creating /home/projectlab3_ss25/our_ws/build/simple_path_planner/build/lib/simple_path_planner
[4.830s] copying simple_path_planner/__init__.py -> /home/projectlab3_ss25/our_ws/build/simple_path_planner/build/lib/simple_path_planner
[4.833s] copying simple_path_planner/simple_path_planner.py -> /home/projectlab3_ss25/our_ws/build/simple_path_planner/build/lib/simple_path_planner
[4.833s] running install
[4.863s] running install_lib
[4.978s] creating /home/projectlab3_ss25/our_ws/install/simple_path_planner/lib/python3.12/site-packages/simple_path_planner
[4.978s] copying /home/projectlab3_ss25/our_ws/build/simple_path_planner/build/lib/simple_path_planner/__init__.py -> /home/projectlab3_ss25/our_ws/install/simple_path_planner/lib/python3.12/site-packages/simple_path_planner
[4.979s] copying /home/projectlab3_ss25/our_ws/build/simple_path_planner/build/lib/simple_path_planner/simple_path_planner.py -> /home/projectlab3_ss25/our_ws/install/simple_path_planner/lib/python3.12/site-packages/simple_path_planner
[4.979s] byte-compiling /home/projectlab3_ss25/our_ws/install/simple_path_planner/lib/python3.12/site-packages/simple_path_planner/__init__.py to __init__.cpython-312.pyc
[4.979s] byte-compiling /home/projectlab3_ss25/our_ws/install/simple_path_planner/lib/python3.12/site-packages/simple_path_planner/simple_path_planner.py to simple_path_planner.cpython-312.pyc
[4.985s] running install_egg_info
[5.077s] Copying ../../build/simple_path_planner/simple_path_planner.egg-info to /home/projectlab3_ss25/our_ws/install/simple_path_planner/lib/python3.12/site-packages/simple_path_planner-0.0.0-py3.12.egg-info
[5.078s] running install_scripts
[5.594s] Installing simple_path_planner script to /home/projectlab3_ss25/our_ws/install/simple_path_planner/lib/path_planner
[5.595s] writing list of installed files to '/home/projectlab3_ss25/our_ws/build/simple_path_planner/install.log'
[5.746s] Invoked command in '/home/projectlab3_ss25/our_ws/src/simple_path_planner' returned '0': DEBUGINFOD_URLS=https://debuginfod.ubuntu.com PYTHONPATH=/home/projectlab3_ss25/our_ws/build/simple_path_planner/prefix_override:/usr/lib/python3/dist-packages/colcon_core/task/python/colcon_distutils_commands:/home/projectlab3_ss25/our_ws/install/simple_path_planner/lib/python3.12/site-packages:${PYTHONPATH} /usr/bin/python3 -W ignore:setup.py install is deprecated -W ignore:easy_install command is deprecated setup.py egg_info --egg-base ../../build/simple_path_planner build --build-base /home/projectlab3_ss25/our_ws/build/simple_path_planner/build install --record /home/projectlab3_ss25/our_ws/build/simple_path_planner/install.log --single-version-externally-managed
