running egg_info
creating ../../build/obstacle_avoidance_controller/obstacle_avoidance_controller.egg-info
writing ../../build/obstacle_avoidance_controller/obstacle_avoidance_controller.egg-info/PKG-INFO
writing dependency_links to ../../build/obstacle_avoidance_controller/obstacle_avoidance_controller.egg-info/dependency_links.txt
writing entry points to ../../build/obstacle_avoidance_controller/obstacle_avoidance_controller.egg-info/entry_points.txt
writing requirements to ../../build/obstacle_avoidance_controller/obstacle_avoidance_controller.egg-info/requires.txt
writing top-level names to ../../build/obstacle_avoidance_controller/obstacle_avoidance_controller.egg-info/top_level.txt
writing manifest file '../../build/obstacle_avoidance_controller/obstacle_avoidance_controller.egg-info/SOURCES.txt'
reading manifest file '../../build/obstacle_avoidance_controller/obstacle_avoidance_controller.egg-info/SOURCES.txt'
writing manifest file '../../build/obstacle_avoidance_controller/obstacle_avoidance_controller.egg-info/SOURCES.txt'
running build
running build_py
creating /home/projectlab3_ss25/test_project/build/obstacle_avoidance_controller/build
creating /home/projectlab3_ss25/test_project/build/obstacle_avoidance_controller/build/lib
creating /home/projectlab3_ss25/test_project/build/obstacle_avoidance_controller/build/lib/obstacle_avoidance_controller
copying obstacle_avoidance_controller/__init__.py -> /home/projectlab3_ss25/test_project/build/obstacle_avoidance_controller/build/lib/obstacle_avoidance_controller
copying obstacle_avoidance_controller/controller_node.py -> /home/projectlab3_ss25/test_project/build/obstacle_avoidance_controller/build/lib/obstacle_avoidance_controller
running install
running install_lib
creating /home/projectlab3_ss25/test_project/install/obstacle_avoidance_controller/lib/python3.12/site-packages/obstacle_avoidance_controller
copying /home/projectlab3_ss25/test_project/build/obstacle_avoidance_controller/build/lib/obstacle_avoidance_controller/__init__.py -> /home/projectlab3_ss25/test_project/install/obstacle_avoidance_controller/lib/python3.12/site-packages/obstacle_avoidance_controller
copying /home/projectlab3_ss25/test_project/build/obstacle_avoidance_controller/build/lib/obstacle_avoidance_controller/controller_node.py -> /home/projectlab3_ss25/test_project/install/obstacle_avoidance_controller/lib/python3.12/site-packages/obstacle_avoidance_controller
byte-compiling /home/projectlab3_ss25/test_project/install/obstacle_avoidance_controller/lib/python3.12/site-packages/obstacle_avoidance_controller/__init__.py to __init__.cpython-312.pyc
byte-compiling /home/projectlab3_ss25/test_project/install/obstacle_avoidance_controller/lib/python3.12/site-packages/obstacle_avoidance_controller/controller_node.py to controller_node.cpython-312.pyc
running install_data
creating /home/projectlab3_ss25/test_project/install/obstacle_avoidance_controller/share/ament_index
creating /home/projectlab3_ss25/test_project/install/obstacle_avoidance_controller/share/ament_index/resource_index
creating /home/projectlab3_ss25/test_project/install/obstacle_avoidance_controller/share/ament_index/resource_index/packages
copying resource/obstacle_avoidance_controller -> /home/projectlab3_ss25/test_project/install/obstacle_avoidance_controller/share/ament_index/resource_index/packages
copying package.xml -> /home/projectlab3_ss25/test_project/install/obstacle_avoidance_controller/share/obstacle_avoidance_controller
running install_egg_info
Copying ../../build/obstacle_avoidance_controller/obstacle_avoidance_controller.egg-info to /home/projectlab3_ss25/test_project/install/obstacle_avoidance_controller/lib/python3.12/site-packages/obstacle_avoidance_controller-0.0.0-py3.12.egg-info
running install_scripts
Installing obstacle_avoidance script to /home/projectlab3_ss25/test_project/install/obstacle_avoidance_controller/lib/obstacle_avoidance_controller
writing list of installed files to '/home/projectlab3_ss25/test_project/build/obstacle_avoidance_controller/install.log'
