[1.039s] Invoking command in '/home/projectlab3_ss25/test_project/src/obstacle_avoidance_controller': DEBUGINFOD_URLS=https://debuginfod.ubuntu.com PYTHONPATH=/home/projectlab3_ss25/test_project/build/obstacle_avoidance_controller/prefix_override:/usr/lib/python3/dist-packages/colcon_core/task/python/colcon_distutils_commands:/home/projectlab3_ss25/test_project/install/obstacle_avoidance_controller/lib/python3.12/site-packages:${PYTHONPATH} /usr/bin/python3 -W ignore:setup.py install is deprecated -W ignore:easy_install command is deprecated setup.py egg_info --egg-base ../../build/obstacle_avoidance_controller build --build-base /home/projectlab3_ss25/test_project/build/obstacle_avoidance_controller/build install --record /home/projectlab3_ss25/test_project/build/obstacle_avoidance_controller/install.log --single-version-externally-managed install_data
[1.398s] running egg_info
[1.398s] creating ../../build/obstacle_avoidance_controller/obstacle_avoidance_controller.egg-info
[1.425s] writing ../../build/obstacle_avoidance_controller/obstacle_avoidance_controller.egg-info/PKG-INFO
[1.425s] writing dependency_links to ../../build/obstacle_avoidance_controller/obstacle_avoidance_controller.egg-info/dependency_links.txt
[1.426s] writing entry points to ../../build/obstacle_avoidance_controller/obstacle_avoidance_controller.egg-info/entry_points.txt
[1.426s] writing requirements to ../../build/obstacle_avoidance_controller/obstacle_avoidance_controller.egg-info/requires.txt
[1.426s] writing top-level names to ../../build/obstacle_avoidance_controller/obstacle_avoidance_controller.egg-info/top_level.txt
[1.426s] writing manifest file '../../build/obstacle_avoidance_controller/obstacle_avoidance_controller.egg-info/SOURCES.txt'
[1.483s] reading manifest file '../../build/obstacle_avoidance_controller/obstacle_avoidance_controller.egg-info/SOURCES.txt'
[1.483s] writing manifest file '../../build/obstacle_avoidance_controller/obstacle_avoidance_controller.egg-info/SOURCES.txt'
[1.483s] running build
[1.483s] running build_py
[1.484s] creating /home/projectlab3_ss25/test_project/build/obstacle_avoidance_controller/build
[1.484s] creating /home/projectlab3_ss25/test_project/build/obstacle_avoidance_controller/build/lib
[1.484s] creating /home/projectlab3_ss25/test_project/build/obstacle_avoidance_controller/build/lib/obstacle_avoidance_controller
[1.484s] copying obstacle_avoidance_controller/__init__.py -> /home/projectlab3_ss25/test_project/build/obstacle_avoidance_controller/build/lib/obstacle_avoidance_controller
[1.484s] copying obstacle_avoidance_controller/controller_node.py -> /home/projectlab3_ss25/test_project/build/obstacle_avoidance_controller/build/lib/obstacle_avoidance_controller
[1.484s] running install
[1.491s] running install_lib
[1.521s] creating /home/projectlab3_ss25/test_project/install/obstacle_avoidance_controller/lib/python3.12/site-packages/obstacle_avoidance_controller
[1.521s] copying /home/projectlab3_ss25/test_project/build/obstacle_avoidance_controller/build/lib/obstacle_avoidance_controller/__init__.py -> /home/projectlab3_ss25/test_project/install/obstacle_avoidance_controller/lib/python3.12/site-packages/obstacle_avoidance_controller
[1.521s] copying /home/projectlab3_ss25/test_project/build/obstacle_avoidance_controller/build/lib/obstacle_avoidance_controller/controller_node.py -> /home/projectlab3_ss25/test_project/install/obstacle_avoidance_controller/lib/python3.12/site-packages/obstacle_avoidance_controller
[1.521s] byte-compiling /home/projectlab3_ss25/test_project/install/obstacle_avoidance_controller/lib/python3.12/site-packages/obstacle_avoidance_controller/__init__.py to __init__.cpython-312.pyc
[1.522s] byte-compiling /home/projectlab3_ss25/test_project/install/obstacle_avoidance_controller/lib/python3.12/site-packages/obstacle_avoidance_controller/controller_node.py to controller_node.cpython-312.pyc
[1.522s] running install_data
[1.522s] creating /home/projectlab3_ss25/test_project/install/obstacle_avoidance_controller/share/ament_index
[1.523s] creating /home/projectlab3_ss25/test_project/install/obstacle_avoidance_controller/share/ament_index/resource_index
[1.523s] creating /home/projectlab3_ss25/test_project/install/obstacle_avoidance_controller/share/ament_index/resource_index/packages
[1.523s] copying resource/obstacle_avoidance_controller -> /home/projectlab3_ss25/test_project/install/obstacle_avoidance_controller/share/ament_index/resource_index/packages
[1.523s] copying package.xml -> /home/projectlab3_ss25/test_project/install/obstacle_avoidance_controller/share/obstacle_avoidance_controller
[1.523s] running install_egg_info
[1.553s] Copying ../../build/obstacle_avoidance_controller/obstacle_avoidance_controller.egg-info to /home/projectlab3_ss25/test_project/install/obstacle_avoidance_controller/lib/python3.12/site-packages/obstacle_avoidance_controller-0.0.0-py3.12.egg-info
[1.554s] running install_scripts
[1.738s] Installing obstacle_avoidance script to /home/projectlab3_ss25/test_project/install/obstacle_avoidance_controller/lib/obstacle_avoidance_controller
[1.739s] writing list of installed files to '/home/projectlab3_ss25/test_project/build/obstacle_avoidance_controller/install.log'
[1.775s] Invoked command in '/home/projectlab3_ss25/test_project/src/obstacle_avoidance_controller' returned '0': DEBUGINFOD_URLS=https://debuginfod.ubuntu.com PYTHONPATH=/home/projectlab3_ss25/test_project/build/obstacle_avoidance_controller/prefix_override:/usr/lib/python3/dist-packages/colcon_core/task/python/colcon_distutils_commands:/home/projectlab3_ss25/test_project/install/obstacle_avoidance_controller/lib/python3.12/site-packages:${PYTHONPATH} /usr/bin/python3 -W ignore:setup.py install is deprecated -W ignore:easy_install command is deprecated setup.py egg_info --egg-base ../../build/obstacle_avoidance_controller build --build-base /home/projectlab3_ss25/test_project/build/obstacle_avoidance_controller/build install --record /home/projectlab3_ss25/test_project/build/obstacle_avoidance_controller/install.log --single-version-externally-managed install_data
