[0.201s] DEBUG:colcon:Command line arguments: ['/usr/bin/colcon', 'build']
[0.201s] DEBUG:colcon:Parsed command line arguments: Namespace(log_base=None, log_level=None, verb_name='build', build_base='build', install_base='install', merge_install=False, symlink_install=False, test_result_base=None, continue_on_error=False, executor='parallel', parallel_workers=4, event_handlers=None, ignore_user_meta=False, metas=['./colcon.meta'], base_paths=['.'], packages_ignore=None, packages_ignore_regex=None, paths=None, packages_up_to=None, packages_up_to_regex=None, packages_above=None, packages_above_and_dependencies=None, packages_above_depth=None, packages_select_by_dep=None, packages_skip_by_dep=None, packages_skip_up_to=None, packages_select_build_failed=False, packages_skip_build_finished=False, packages_select_test_failures=False, packages_skip_test_passed=False, packages_select=None, packages_skip=None, packages_select_regex=None, packages_skip_regex=None, packages_start=None, packages_end=None, allow_overriding=[], cmake_args=None, cmake_target=None, cmake_target_skip_unavailable=False, cmake_clean_cache=False, cmake_clean_first=False, cmake_force_configure=False, ament_cmake_args=None, catkin_cmake_args=None, catkin_skip_building_tests=False, mixin_files=None, mixin=None, verb_parser=<colcon_mixin.mixin.mixin_argument.MixinArgumentDecorator object at 0x7f5bbc393ec0>, verb_extension=<colcon_core.verb.build.BuildVerb object at 0x7f5bbc393bc0>, main=<bound method BuildVerb.main of <colcon_core.verb.build.BuildVerb object at 0x7f5bbc393bc0>>, mixin_verb=('build',))
[0.268s] Level 1:colcon.colcon_core.package_discovery:discover_packages(colcon_meta) check parameters
[0.268s] Level 1:colcon.colcon_core.package_discovery:discover_packages(recursive) check parameters
[0.268s] Level 1:colcon.colcon_core.package_discovery:discover_packages(ignore) check parameters
[0.268s] Level 1:colcon.colcon_core.package_discovery:discover_packages(path) check parameters
[0.268s] Level 1:colcon.colcon_core.package_discovery:discover_packages(colcon_meta) discover
[0.268s] Level 1:colcon.colcon_core.package_discovery:discover_packages(recursive) discover
[0.268s] INFO:colcon.colcon_core.package_discovery:Crawling recursively for packages in '/home/projectlab3_ss25/our_ws'
[0.268s] Level 1:colcon.colcon_core.package_identification:_identify(.) by extensions ['ignore', 'ignore_ament_install']
[0.268s] Level 1:colcon.colcon_core.package_identification:_identify(.) by extension 'ignore'
[0.268s] Level 1:colcon.colcon_core.package_identification:_identify(.) by extension 'ignore_ament_install'
[0.268s] Level 1:colcon.colcon_core.package_identification:_identify(.) by extensions ['colcon_pkg']
[0.269s] Level 1:colcon.colcon_core.package_identification:_identify(.) by extension 'colcon_pkg'
[0.269s] Level 1:colcon.colcon_core.package_identification:_identify(.) by extensions ['colcon_meta']
[0.269s] Level 1:colcon.colcon_core.package_identification:_identify(.) by extension 'colcon_meta'
[0.269s] Level 1:colcon.colcon_core.package_identification:_identify(.) by extensions ['ros']
[0.269s] Level 1:colcon.colcon_core.package_identification:_identify(.) by extension 'ros'
[0.316s] Level 1:colcon.colcon_core.package_identification:_identify(.) by extensions ['cmake', 'python']
[0.316s] Level 1:colcon.colcon_core.package_identification:_identify(.) by extension 'cmake'
[0.317s] Level 1:colcon.colcon_core.package_identification:_identify(.) by extension 'python'
[0.317s] Level 1:colcon.colcon_core.package_identification:_identify(.) by extensions ['python_setup_py']
[0.317s] Level 1:colcon.colcon_core.package_identification:_identify(.) by extension 'python_setup_py'
[0.317s] Level 1:colcon.colcon_core.package_identification:_identify(build) by extensions ['ignore', 'ignore_ament_install']
[0.317s] Level 1:colcon.colcon_core.package_identification:_identify(build) by extension 'ignore'
[0.317s] Level 1:colcon.colcon_core.package_identification:_identify(build) ignored
[0.317s] Level 1:colcon.colcon_core.package_identification:_identify(install) by extensions ['ignore', 'ignore_ament_install']
[0.317s] Level 1:colcon.colcon_core.package_identification:_identify(install) by extension 'ignore'
[0.317s] Level 1:colcon.colcon_core.package_identification:_identify(install) ignored
[0.318s] Level 1:colcon.colcon_core.package_identification:_identify(log) by extensions ['ignore', 'ignore_ament_install']
[0.318s] Level 1:colcon.colcon_core.package_identification:_identify(log) by extension 'ignore'
[0.318s] Level 1:colcon.colcon_core.package_identification:_identify(log) ignored
[0.318s] Level 1:colcon.colcon_core.package_identification:_identify(src) by extensions ['ignore', 'ignore_ament_install']
[0.318s] Level 1:colcon.colcon_core.package_identification:_identify(src) by extension 'ignore'
[0.318s] Level 1:colcon.colcon_core.package_identification:_identify(src) by extension 'ignore_ament_install'
[0.318s] Level 1:colcon.colcon_core.package_identification:_identify(src) by extensions ['colcon_pkg']
[0.318s] Level 1:colcon.colcon_core.package_identification:_identify(src) by extension 'colcon_pkg'
[0.318s] Level 1:colcon.colcon_core.package_identification:_identify(src) by extensions ['colcon_meta']
[0.318s] Level 1:colcon.colcon_core.package_identification:_identify(src) by extension 'colcon_meta'
[0.318s] Level 1:colcon.colcon_core.package_identification:_identify(src) by extensions ['ros']
[0.318s] Level 1:colcon.colcon_core.package_identification:_identify(src) by extension 'ros'
[0.318s] Level 1:colcon.colcon_core.package_identification:_identify(src) by extensions ['cmake', 'python']
[0.319s] Level 1:colcon.colcon_core.package_identification:_identify(src) by extension 'cmake'
[0.319s] Level 1:colcon.colcon_core.package_identification:_identify(src) by extension 'python'
[0.319s] Level 1:colcon.colcon_core.package_identification:_identify(src) by extensions ['python_setup_py']
[0.319s] Level 1:colcon.colcon_core.package_identification:_identify(src) by extension 'python_setup_py'
[0.319s] Level 1:colcon.colcon_core.package_identification:_identify(src/launch) by extensions ['ignore', 'ignore_ament_install']
[0.319s] Level 1:colcon.colcon_core.package_identification:_identify(src/launch) by extension 'ignore'
[0.319s] Level 1:colcon.colcon_core.package_identification:_identify(src/launch) by extension 'ignore_ament_install'
[0.319s] Level 1:colcon.colcon_core.package_identification:_identify(src/launch) by extensions ['colcon_pkg']
[0.319s] Level 1:colcon.colcon_core.package_identification:_identify(src/launch) by extension 'colcon_pkg'
[0.319s] Level 1:colcon.colcon_core.package_identification:_identify(src/launch) by extensions ['colcon_meta']
[0.319s] Level 1:colcon.colcon_core.package_identification:_identify(src/launch) by extension 'colcon_meta'
[0.319s] Level 1:colcon.colcon_core.package_identification:_identify(src/launch) by extensions ['ros']
[0.319s] Level 1:colcon.colcon_core.package_identification:_identify(src/launch) by extension 'ros'
[0.319s] Level 1:colcon.colcon_core.package_identification:_identify(src/launch) by extensions ['cmake', 'python']
[0.319s] Level 1:colcon.colcon_core.package_identification:_identify(src/launch) by extension 'cmake'
[0.320s] Level 1:colcon.colcon_core.package_identification:_identify(src/launch) by extension 'python'
[0.320s] Level 1:colcon.colcon_core.package_identification:_identify(src/launch) by extensions ['python_setup_py']
[0.320s] Level 1:colcon.colcon_core.package_identification:_identify(src/launch) by extension 'python_setup_py'
[0.320s] Level 1:colcon.colcon_core.package_identification:_identify(src/obstacle_avoidance_controller) by extensions ['ignore', 'ignore_ament_install']
[0.320s] Level 1:colcon.colcon_core.package_identification:_identify(src/obstacle_avoidance_controller) by extension 'ignore'
[0.320s] Level 1:colcon.colcon_core.package_identification:_identify(src/obstacle_avoidance_controller) by extension 'ignore_ament_install'
[0.320s] Level 1:colcon.colcon_core.package_identification:_identify(src/obstacle_avoidance_controller) by extensions ['colcon_pkg']
[0.320s] Level 1:colcon.colcon_core.package_identification:_identify(src/obstacle_avoidance_controller) by extension 'colcon_pkg'
[0.320s] Level 1:colcon.colcon_core.package_identification:_identify(src/obstacle_avoidance_controller) by extensions ['colcon_meta']
[0.320s] Level 1:colcon.colcon_core.package_identification:_identify(src/obstacle_avoidance_controller) by extension 'colcon_meta'
[0.320s] Level 1:colcon.colcon_core.package_identification:_identify(src/obstacle_avoidance_controller) by extensions ['ros']
[0.320s] Level 1:colcon.colcon_core.package_identification:_identify(src/obstacle_avoidance_controller) by extension 'ros'
[0.325s] DEBUG:colcon.colcon_core.package_identification:Package 'src/obstacle_avoidance_controller' with type 'ros.ament_python' and name 'obstacle_avoidance_controller'
[0.325s] Level 1:colcon.colcon_core.package_identification:_identify(src/obstacle_avoidance_nav2) by extensions ['ignore', 'ignore_ament_install']
[0.325s] Level 1:colcon.colcon_core.package_identification:_identify(src/obstacle_avoidance_nav2) by extension 'ignore'
[0.325s] Level 1:colcon.colcon_core.package_identification:_identify(src/obstacle_avoidance_nav2) by extension 'ignore_ament_install'
[0.326s] Level 1:colcon.colcon_core.package_identification:_identify(src/obstacle_avoidance_nav2) by extensions ['colcon_pkg']
[0.326s] Level 1:colcon.colcon_core.package_identification:_identify(src/obstacle_avoidance_nav2) by extension 'colcon_pkg'
[0.326s] Level 1:colcon.colcon_core.package_identification:_identify(src/obstacle_avoidance_nav2) by extensions ['colcon_meta']
[0.326s] Level 1:colcon.colcon_core.package_identification:_identify(src/obstacle_avoidance_nav2) by extension 'colcon_meta'
[0.326s] Level 1:colcon.colcon_core.package_identification:_identify(src/obstacle_avoidance_nav2) by extensions ['ros']
[0.326s] Level 1:colcon.colcon_core.package_identification:_identify(src/obstacle_avoidance_nav2) by extension 'ros'
[0.327s] DEBUG:colcon.colcon_core.package_identification:Package 'src/obstacle_avoidance_nav2' with type 'ros.ament_python' and name 'obstacle_avoidance_nav2'
[0.327s] Level 1:colcon.colcon_core.package_identification:_identify(src/path_planner) by extensions ['ignore', 'ignore_ament_install']
[0.327s] Level 1:colcon.colcon_core.package_identification:_identify(src/path_planner) by extension 'ignore'
[0.327s] Level 1:colcon.colcon_core.package_identification:_identify(src/path_planner) by extension 'ignore_ament_install'
[0.327s] Level 1:colcon.colcon_core.package_identification:_identify(src/path_planner) by extensions ['colcon_pkg']
[0.328s] Level 1:colcon.colcon_core.package_identification:_identify(src/path_planner) by extension 'colcon_pkg'
[0.328s] Level 1:colcon.colcon_core.package_identification:_identify(src/path_planner) by extensions ['colcon_meta']
[0.328s] Level 1:colcon.colcon_core.package_identification:_identify(src/path_planner) by extension 'colcon_meta'
[0.328s] Level 1:colcon.colcon_core.package_identification:_identify(src/path_planner) by extensions ['ros']
[0.328s] Level 1:colcon.colcon_core.package_identification:_identify(src/path_planner) by extension 'ros'
[0.329s] DEBUG:colcon.colcon_core.package_identification:Found ROS schema reference in package manifest in 'src/path_planner'
[0.329s] WARNING:colcon.colcon_core.package_identification:Failed to parse ROS package manifest in 'src/path_planner': Error(s) in package 'src/path_planner/package.xml':
Error(s):
- The generic dependency on 'rclpy' is redundant with: exec_depend
- The generic dependency on 'geometry_msgs' is redundant with: exec_depend
- The generic dependency on 'nav2_msgs' is redundant with: exec_depend
[0.329s] Level 1:colcon.colcon_core.package_identification:_identify(src/path_planner) by extensions ['cmake', 'python']
[0.329s] Level 1:colcon.colcon_core.package_identification:_identify(src/path_planner) by extension 'cmake'
[0.329s] Level 1:colcon.colcon_core.package_identification:_identify(src/path_planner) by extension 'python'
[0.330s] DEBUG:colcon.colcon_core.package_identification:Python package in 'src/path_planner' passes arguments to the setup() function which requires a different identification extension than 'python'
[0.330s] Level 1:colcon.colcon_core.package_identification:_identify(src/path_planner) by extensions ['python_setup_py']
[0.330s] Level 1:colcon.colcon_core.package_identification:_identify(src/path_planner) by extension 'python_setup_py'
[0.746s] DEBUG:colcon.colcon_core.package_identification:Package 'src/path_planner' with type 'python' and name 'path_planner'
[0.746s] Level 1:colcon.colcon_core.package_identification:_identify(src/ros2_gz_bridges) by extensions ['ignore', 'ignore_ament_install']
[0.747s] Level 1:colcon.colcon_core.package_identification:_identify(src/ros2_gz_bridges) by extension 'ignore'
[0.747s] Level 1:colcon.colcon_core.package_identification:_identify(src/ros2_gz_bridges) by extension 'ignore_ament_install'
[0.747s] Level 1:colcon.colcon_core.package_identification:_identify(src/ros2_gz_bridges) by extensions ['colcon_pkg']
[0.747s] Level 1:colcon.colcon_core.package_identification:_identify(src/ros2_gz_bridges) by extension 'colcon_pkg'
[0.747s] Level 1:colcon.colcon_core.package_identification:_identify(src/ros2_gz_bridges) by extensions ['colcon_meta']
[0.747s] Level 1:colcon.colcon_core.package_identification:_identify(src/ros2_gz_bridges) by extension 'colcon_meta'
[0.747s] Level 1:colcon.colcon_core.package_identification:_identify(src/ros2_gz_bridges) by extensions ['ros']
[0.747s] Level 1:colcon.colcon_core.package_identification:_identify(src/ros2_gz_bridges) by extension 'ros'
[0.748s] DEBUG:colcon.colcon_core.package_identification:Package 'src/ros2_gz_bridges' with type 'ros.ament_python' and name 'ros2_gz_bridges'
[0.748s] Level 1:colcon.colcon_core.package_discovery:discover_packages(recursive) using defaults
[0.748s] Level 1:colcon.colcon_core.package_discovery:discover_packages(ignore) discover
[0.749s] Level 1:colcon.colcon_core.package_discovery:discover_packages(ignore) using defaults
[0.749s] Level 1:colcon.colcon_core.package_discovery:discover_packages(path) discover
[0.749s] Level 1:colcon.colcon_core.package_discovery:discover_packages(path) using defaults
[0.783s] Level 1:colcon.colcon_core.package_discovery:discover_packages(prefix_path) check parameters
[0.783s] Level 1:colcon.colcon_core.package_discovery:discover_packages(prefix_path) discover
[0.790s] DEBUG:colcon.colcon_installed_package_information.package_discovery:Found 3 installed packages in /home/projectlab3_ss25/our_ws/install
[0.802s] DEBUG:colcon.colcon_installed_package_information.package_discovery:Found 408 installed packages in /opt/ros/jazzy
[0.808s] Level 1:colcon.colcon_core.package_discovery:discover_packages(prefix_path) using defaults
[0.916s] Level 5:colcon.colcon_core.verb:set package 'obstacle_avoidance_controller' build argument 'cmake_args' from command line to 'None'
[0.916s] Level 5:colcon.colcon_core.verb:set package 'obstacle_avoidance_controller' build argument 'cmake_target' from command line to 'None'
[0.916s] Level 5:colcon.colcon_core.verb:set package 'obstacle_avoidance_controller' build argument 'cmake_target_skip_unavailable' from command line to 'False'
[0.916s] Level 5:colcon.colcon_core.verb:set package 'obstacle_avoidance_controller' build argument 'cmake_clean_cache' from command line to 'False'
[0.916s] Level 5:colcon.colcon_core.verb:set package 'obstacle_avoidance_controller' build argument 'cmake_clean_first' from command line to 'False'
[0.916s] Level 5:colcon.colcon_core.verb:set package 'obstacle_avoidance_controller' build argument 'cmake_force_configure' from command line to 'False'
[0.916s] Level 5:colcon.colcon_core.verb:set package 'obstacle_avoidance_controller' build argument 'ament_cmake_args' from command line to 'None'
[0.916s] Level 5:colcon.colcon_core.verb:set package 'obstacle_avoidance_controller' build argument 'catkin_cmake_args' from command line to 'None'
[0.916s] Level 5:colcon.colcon_core.verb:set package 'obstacle_avoidance_controller' build argument 'catkin_skip_building_tests' from command line to 'False'
[0.916s] DEBUG:colcon.colcon_core.verb:Building package 'obstacle_avoidance_controller' with the following arguments: {'ament_cmake_args': None, 'build_base': '/home/projectlab3_ss25/our_ws/build/obstacle_avoidance_controller', 'catkin_cmake_args': None, 'catkin_skip_building_tests': False, 'cmake_args': None, 'cmake_clean_cache': False, 'cmake_clean_first': False, 'cmake_force_configure': False, 'cmake_target': None, 'cmake_target_skip_unavailable': False, 'install_base': '/home/projectlab3_ss25/our_ws/install/obstacle_avoidance_controller', 'merge_install': False, 'path': '/home/projectlab3_ss25/our_ws/src/obstacle_avoidance_controller', 'symlink_install': False, 'test_result_base': None}
[0.917s] Level 5:colcon.colcon_core.verb:set package 'obstacle_avoidance_nav2' build argument 'cmake_args' from command line to 'None'
[0.917s] Level 5:colcon.colcon_core.verb:set package 'obstacle_avoidance_nav2' build argument 'cmake_target' from command line to 'None'
[0.917s] Level 5:colcon.colcon_core.verb:set package 'obstacle_avoidance_nav2' build argument 'cmake_target_skip_unavailable' from command line to 'False'
[0.917s] Level 5:colcon.colcon_core.verb:set package 'obstacle_avoidance_nav2' build argument 'cmake_clean_cache' from command line to 'False'
[0.917s] Level 5:colcon.colcon_core.verb:set package 'obstacle_avoidance_nav2' build argument 'cmake_clean_first' from command line to 'False'
[0.917s] Level 5:colcon.colcon_core.verb:set package 'obstacle_avoidance_nav2' build argument 'cmake_force_configure' from command line to 'False'
[0.917s] Level 5:colcon.colcon_core.verb:set package 'obstacle_avoidance_nav2' build argument 'ament_cmake_args' from command line to 'None'
[0.917s] Level 5:colcon.colcon_core.verb:set package 'obstacle_avoidance_nav2' build argument 'catkin_cmake_args' from command line to 'None'
[0.917s] Level 5:colcon.colcon_core.verb:set package 'obstacle_avoidance_nav2' build argument 'catkin_skip_building_tests' from command line to 'False'
[0.917s] DEBUG:colcon.colcon_core.verb:Building package 'obstacle_avoidance_nav2' with the following arguments: {'ament_cmake_args': None, 'build_base': '/home/projectlab3_ss25/our_ws/build/obstacle_avoidance_nav2', 'catkin_cmake_args': None, 'catkin_skip_building_tests': False, 'cmake_args': None, 'cmake_clean_cache': False, 'cmake_clean_first': False, 'cmake_force_configure': False, 'cmake_target': None, 'cmake_target_skip_unavailable': False, 'install_base': '/home/projectlab3_ss25/our_ws/install/obstacle_avoidance_nav2', 'merge_install': False, 'path': '/home/projectlab3_ss25/our_ws/src/obstacle_avoidance_nav2', 'symlink_install': False, 'test_result_base': None}
[0.918s] Level 5:colcon.colcon_core.verb:set package 'path_planner' build argument 'cmake_args' from command line to 'None'
[0.918s] Level 5:colcon.colcon_core.verb:set package 'path_planner' build argument 'cmake_target' from command line to 'None'
[0.918s] Level 5:colcon.colcon_core.verb:set package 'path_planner' build argument 'cmake_target_skip_unavailable' from command line to 'False'
[0.918s] Level 5:colcon.colcon_core.verb:set package 'path_planner' build argument 'cmake_clean_cache' from command line to 'False'
[0.918s] Level 5:colcon.colcon_core.verb:set package 'path_planner' build argument 'cmake_clean_first' from command line to 'False'
[0.918s] Level 5:colcon.colcon_core.verb:set package 'path_planner' build argument 'cmake_force_configure' from command line to 'False'
[0.918s] Level 5:colcon.colcon_core.verb:set package 'path_planner' build argument 'ament_cmake_args' from command line to 'None'
[0.918s] Level 5:colcon.colcon_core.verb:set package 'path_planner' build argument 'catkin_cmake_args' from command line to 'None'
[0.918s] Level 5:colcon.colcon_core.verb:set package 'path_planner' build argument 'catkin_skip_building_tests' from command line to 'False'
[0.918s] DEBUG:colcon.colcon_core.verb:Building package 'path_planner' with the following arguments: {'ament_cmake_args': None, 'build_base': '/home/projectlab3_ss25/our_ws/build/path_planner', 'catkin_cmake_args': None, 'catkin_skip_building_tests': False, 'cmake_args': None, 'cmake_clean_cache': False, 'cmake_clean_first': False, 'cmake_force_configure': False, 'cmake_target': None, 'cmake_target_skip_unavailable': False, 'install_base': '/home/projectlab3_ss25/our_ws/install/path_planner', 'merge_install': False, 'path': '/home/projectlab3_ss25/our_ws/src/path_planner', 'symlink_install': False, 'test_result_base': None}
[0.918s] Level 5:colcon.colcon_core.verb:set package 'ros2_gz_bridges' build argument 'cmake_args' from command line to 'None'
[0.918s] Level 5:colcon.colcon_core.verb:set package 'ros2_gz_bridges' build argument 'cmake_target' from command line to 'None'
[0.918s] Level 5:colcon.colcon_core.verb:set package 'ros2_gz_bridges' build argument 'cmake_target_skip_unavailable' from command line to 'False'
[0.918s] Level 5:colcon.colcon_core.verb:set package 'ros2_gz_bridges' build argument 'cmake_clean_cache' from command line to 'False'
[0.918s] Level 5:colcon.colcon_core.verb:set package 'ros2_gz_bridges' build argument 'cmake_clean_first' from command line to 'False'
[0.918s] Level 5:colcon.colcon_core.verb:set package 'ros2_gz_bridges' build argument 'cmake_force_configure' from command line to 'False'
[0.919s] Level 5:colcon.colcon_core.verb:set package 'ros2_gz_bridges' build argument 'ament_cmake_args' from command line to 'None'
[0.919s] Level 5:colcon.colcon_core.verb:set package 'ros2_gz_bridges' build argument 'catkin_cmake_args' from command line to 'None'
[0.919s] Level 5:colcon.colcon_core.verb:set package 'ros2_gz_bridges' build argument 'catkin_skip_building_tests' from command line to 'False'
[0.919s] DEBUG:colcon.colcon_core.verb:Building package 'ros2_gz_bridges' with the following arguments: {'ament_cmake_args': None, 'build_base': '/home/projectlab3_ss25/our_ws/build/ros2_gz_bridges', 'catkin_cmake_args': None, 'catkin_skip_building_tests': False, 'cmake_args': None, 'cmake_clean_cache': False, 'cmake_clean_first': False, 'cmake_force_configure': False, 'cmake_target': None, 'cmake_target_skip_unavailable': False, 'install_base': '/home/projectlab3_ss25/our_ws/install/ros2_gz_bridges', 'merge_install': False, 'path': '/home/projectlab3_ss25/our_ws/src/ros2_gz_bridges', 'symlink_install': False, 'test_result_base': None}
[0.919s] INFO:colcon.colcon_core.executor:Executing jobs using 'parallel' executor
[0.920s] DEBUG:colcon.colcon_parallel_executor.executor.parallel:run_until_complete
[0.920s] INFO:colcon.colcon_ros.task.ament_python.build:Building ROS package in '/home/projectlab3_ss25/our_ws/src/obstacle_avoidance_controller' with build type 'ament_python'
[0.921s] Level 1:colcon.colcon_core.shell:create_environment_hook('obstacle_avoidance_controller', 'ament_prefix_path')
[0.926s] INFO:colcon.colcon_core.plugin_system:Skipping extension 'colcon_core.shell.bat': Not used on non-Windows systems
[0.927s] INFO:colcon.colcon_core.shell:Creating environment hook '/home/projectlab3_ss25/our_ws/install/obstacle_avoidance_controller/share/obstacle_avoidance_controller/hook/ament_prefix_path.ps1'
[0.928s] INFO:colcon.colcon_core.shell:Creating environment descriptor '/home/projectlab3_ss25/our_ws/install/obstacle_avoidance_controller/share/obstacle_avoidance_controller/hook/ament_prefix_path.dsv'
[0.928s] INFO:colcon.colcon_core.shell:Creating environment hook '/home/projectlab3_ss25/our_ws/install/obstacle_avoidance_controller/share/obstacle_avoidance_controller/hook/ament_prefix_path.sh'
[0.929s] INFO:colcon.colcon_core.shell:Skip shell extension 'powershell' for command environment: Not usable outside of PowerShell
[0.929s] DEBUG:colcon.colcon_core.shell:Skip shell extension 'dsv' for command environment
[0.936s] INFO:colcon.colcon_ros.task.ament_python.build:Building ROS package in '/home/projectlab3_ss25/our_ws/src/obstacle_avoidance_nav2' with build type 'ament_python'
[0.937s] Level 1:colcon.colcon_core.shell:create_environment_hook('obstacle_avoidance_nav2', 'ament_prefix_path')
[0.938s] INFO:colcon.colcon_core.shell:Creating environment hook '/home/projectlab3_ss25/our_ws/install/obstacle_avoidance_nav2/share/obstacle_avoidance_nav2/hook/ament_prefix_path.ps1'
[0.939s] INFO:colcon.colcon_core.shell:Creating environment descriptor '/home/projectlab3_ss25/our_ws/install/obstacle_avoidance_nav2/share/obstacle_avoidance_nav2/hook/ament_prefix_path.dsv'
[0.939s] INFO:colcon.colcon_core.shell:Creating environment hook '/home/projectlab3_ss25/our_ws/install/obstacle_avoidance_nav2/share/obstacle_avoidance_nav2/hook/ament_prefix_path.sh'
[0.940s] INFO:colcon.colcon_core.shell:Skip shell extension 'powershell' for command environment: Not usable outside of PowerShell
[0.940s] DEBUG:colcon.colcon_core.shell:Skip shell extension 'dsv' for command environment
[0.949s] INFO:colcon.colcon_core.task.python.build:Building Python package in '/home/projectlab3_ss25/our_ws/src/path_planner'
[0.950s] INFO:colcon.colcon_core.shell:Skip shell extension 'powershell' for command environment: Not usable outside of PowerShell
[0.950s] DEBUG:colcon.colcon_core.shell:Skip shell extension 'dsv' for command environment
[0.957s] INFO:colcon.colcon_ros.task.ament_python.build:Building ROS package in '/home/projectlab3_ss25/our_ws/src/ros2_gz_bridges' with build type 'ament_python'
[0.957s] Level 1:colcon.colcon_core.shell:create_environment_hook('ros2_gz_bridges', 'ament_prefix_path')
[0.959s] INFO:colcon.colcon_core.shell:Creating environment hook '/home/projectlab3_ss25/our_ws/install/ros2_gz_bridges/share/ros2_gz_bridges/hook/ament_prefix_path.ps1'
[0.960s] INFO:colcon.colcon_core.shell:Creating environment descriptor '/home/projectlab3_ss25/our_ws/install/ros2_gz_bridges/share/ros2_gz_bridges/hook/ament_prefix_path.dsv'
[0.961s] INFO:colcon.colcon_core.shell:Creating environment hook '/home/projectlab3_ss25/our_ws/install/ros2_gz_bridges/share/ros2_gz_bridges/hook/ament_prefix_path.sh'
[0.962s] INFO:colcon.colcon_core.shell:Skip shell extension 'powershell' for command environment: Not usable outside of PowerShell
[0.962s] DEBUG:colcon.colcon_core.shell:Skip shell extension 'dsv' for command environment
[1.391s] INFO:colcon.colcon_core.task.python.build:Building Python package in '/home/projectlab3_ss25/our_ws/src/obstacle_avoidance_controller'
[1.391s] INFO:colcon.colcon_core.shell:Skip shell extension 'powershell' for command environment: Not usable outside of PowerShell
[1.391s] DEBUG:colcon.colcon_core.shell:Skip shell extension 'dsv' for command environment
[1.776s] WARNING:colcon.colcon_ros.task.ament_python.build:Package 'obstacle_avoidance_nav2' doesn't explicitly install a marker in the package index (colcon-ros currently does it implicitly but that fallback will be removed in the future)
[1.777s] WARNING:colcon.colcon_ros.task.ament_python.build:Package 'obstacle_avoidance_nav2' doesn't explicitly install the 'package.xml' file (colcon-ros currently does it implicitly but that fallback will be removed in the future)
[1.779s] INFO:colcon.colcon_core.task.python.build:Building Python package in '/home/projectlab3_ss25/our_ws/src/obstacle_avoidance_nav2'
[1.780s] INFO:colcon.colcon_core.shell:Skip shell extension 'powershell' for command environment: Not usable outside of PowerShell
[1.780s] DEBUG:colcon.colcon_core.shell:Skip shell extension 'dsv' for command environment
[2.541s] INFO:colcon.colcon_core.task.python.build:Building Python package in '/home/projectlab3_ss25/our_ws/src/ros2_gz_bridges'
[2.542s] INFO:colcon.colcon_core.shell:Skip shell extension 'powershell' for command environment: Not usable outside of PowerShell
[2.542s] DEBUG:colcon.colcon_core.shell:Skip shell extension 'dsv' for command environment
[4.160s] DEBUG:colcon.colcon_core.event_handler.log_command:Invoking command in '/home/projectlab3_ss25/our_ws/src/path_planner': DEBUGINFOD_URLS=https://debuginfod.ubuntu.com PYTHONPATH=/home/projectlab3_ss25/our_ws/build/path_planner/prefix_override:/usr/lib/python3/dist-packages/colcon_core/task/python/colcon_distutils_commands:/home/projectlab3_ss25/our_ws/install/path_planner/lib/python3.12/site-packages:${PYTHONPATH} /usr/bin/python3 -W ignore:setup.py install is deprecated -W ignore:easy_install command is deprecated setup.py egg_info --egg-base ../../build/path_planner build --build-base /home/projectlab3_ss25/our_ws/build/path_planner/build install --record /home/projectlab3_ss25/our_ws/build/path_planner/install.log --single-version-externally-managed
[4.593s] DEBUG:colcon.colcon_core.event_handler.log_command:Invoking command in '/home/projectlab3_ss25/our_ws/src/obstacle_avoidance_nav2': DEBUGINFOD_URLS=https://debuginfod.ubuntu.com PYTHONPATH=/home/projectlab3_ss25/our_ws/build/obstacle_avoidance_nav2/prefix_override:/usr/lib/python3/dist-packages/colcon_core/task/python/colcon_distutils_commands:/home/projectlab3_ss25/our_ws/install/obstacle_avoidance_nav2/lib/python3.12/site-packages:${PYTHONPATH} /usr/bin/python3 -W ignore:setup.py install is deprecated -W ignore:easy_install command is deprecated setup.py egg_info --egg-base ../../build/obstacle_avoidance_nav2 build --build-base /home/projectlab3_ss25/our_ws/build/obstacle_avoidance_nav2/build install --record /home/projectlab3_ss25/our_ws/build/obstacle_avoidance_nav2/install.log --single-version-externally-managed
[4.713s] DEBUG:colcon.colcon_core.event_handler.log_command:Invoking command in '/home/projectlab3_ss25/our_ws/src/obstacle_avoidance_controller': DEBUGINFOD_URLS=https://debuginfod.ubuntu.com PYTHONPATH=/home/projectlab3_ss25/our_ws/build/obstacle_avoidance_controller/prefix_override:/usr/lib/python3/dist-packages/colcon_core/task/python/colcon_distutils_commands:/home/projectlab3_ss25/our_ws/install/obstacle_avoidance_controller/lib/python3.12/site-packages:${PYTHONPATH} /usr/bin/python3 -W ignore:setup.py install is deprecated -W ignore:easy_install command is deprecated setup.py egg_info --egg-base ../../build/obstacle_avoidance_controller build --build-base /home/projectlab3_ss25/our_ws/build/obstacle_avoidance_controller/build install --record /home/projectlab3_ss25/our_ws/build/obstacle_avoidance_controller/install.log --single-version-externally-managed install_data
[5.768s] DEBUG:colcon.colcon_core.event_handler.log_command:Invoking command in '/home/projectlab3_ss25/our_ws/src/ros2_gz_bridges': DEBUGINFOD_URLS=https://debuginfod.ubuntu.com PYTHONPATH=/home/projectlab3_ss25/our_ws/build/ros2_gz_bridges/prefix_override:/usr/lib/python3/dist-packages/colcon_core/task/python/colcon_distutils_commands:/home/projectlab3_ss25/our_ws/install/ros2_gz_bridges/lib/python3.12/site-packages:${PYTHONPATH} /usr/bin/python3 -W ignore:setup.py install is deprecated -W ignore:easy_install command is deprecated setup.py egg_info --egg-base ../../build/ros2_gz_bridges build --build-base /home/projectlab3_ss25/our_ws/build/ros2_gz_bridges/build install --record /home/projectlab3_ss25/our_ws/build/ros2_gz_bridges/install.log --single-version-externally-managed install_data
[5.994s] DEBUG:colcon.colcon_core.event_handler.log_command:Invoked command in '/home/projectlab3_ss25/our_ws/src/path_planner' returned '0': DEBUGINFOD_URLS=https://debuginfod.ubuntu.com PYTHONPATH=/home/projectlab3_ss25/our_ws/build/path_planner/prefix_override:/usr/lib/python3/dist-packages/colcon_core/task/python/colcon_distutils_commands:/home/projectlab3_ss25/our_ws/install/path_planner/lib/python3.12/site-packages:${PYTHONPATH} /usr/bin/python3 -W ignore:setup.py install is deprecated -W ignore:easy_install command is deprecated setup.py egg_info --egg-base ../../build/path_planner build --build-base /home/projectlab3_ss25/our_ws/build/path_planner/build install --record /home/projectlab3_ss25/our_ws/build/path_planner/install.log --single-version-externally-managed
[6.003s] Level 1:colcon.colcon_core.environment:checking '/home/projectlab3_ss25/our_ws/install/path_planner' for CMake module files
[6.003s] Level 1:colcon.colcon_core.environment:checking '/home/projectlab3_ss25/our_ws/install/path_planner' for CMake config files
[6.004s] Level 1:colcon.colcon_core.environment:checking '/home/projectlab3_ss25/our_ws/install/path_planner/lib'
[6.011s] Level 1:colcon.colcon_core.environment:checking '/home/projectlab3_ss25/our_ws/install/path_planner/bin'
[6.011s] Level 1:colcon.colcon_core.environment:checking '/home/projectlab3_ss25/our_ws/install/path_planner/lib/pkgconfig/path_planner.pc'
[6.011s] Level 1:colcon.colcon_core.environment:checking '/home/projectlab3_ss25/our_ws/install/path_planner/lib/python3.12/site-packages'
[6.011s] Level 1:colcon.colcon_core.shell:create_environment_hook('path_planner', 'pythonpath')
[6.012s] INFO:colcon.colcon_core.shell:Creating environment hook '/home/projectlab3_ss25/our_ws/install/path_planner/share/path_planner/hook/pythonpath.ps1'
[6.012s] INFO:colcon.colcon_core.shell:Creating environment descriptor '/home/projectlab3_ss25/our_ws/install/path_planner/share/path_planner/hook/pythonpath.dsv'
[6.013s] INFO:colcon.colcon_core.shell:Creating environment hook '/home/projectlab3_ss25/our_ws/install/path_planner/share/path_planner/hook/pythonpath.sh'
[6.016s] Level 1:colcon.colcon_core.environment:checking '/home/projectlab3_ss25/our_ws/install/path_planner/bin'
[6.018s] Level 1:colcon.colcon_core.environment:create_environment_scripts_only(path_planner)
[6.018s] INFO:colcon.colcon_core.shell:Creating package script '/home/projectlab3_ss25/our_ws/install/path_planner/share/path_planner/package.ps1'
[6.019s] INFO:colcon.colcon_core.shell:Creating package descriptor '/home/projectlab3_ss25/our_ws/install/path_planner/share/path_planner/package.dsv'
[6.020s] INFO:colcon.colcon_core.shell:Creating package script '/home/projectlab3_ss25/our_ws/install/path_planner/share/path_planner/package.sh'
[6.028s] INFO:colcon.colcon_core.shell:Creating package script '/home/projectlab3_ss25/our_ws/install/path_planner/share/path_planner/package.bash'
[6.028s] INFO:colcon.colcon_core.shell:Creating package script '/home/projectlab3_ss25/our_ws/install/path_planner/share/path_planner/package.zsh'
[6.029s] Level 1:colcon.colcon_core.environment:create_file_with_runtime_dependencies(/home/projectlab3_ss25/our_ws/install/path_planner/share/colcon-core/packages/path_planner)
[6.323s] Level 1:colcon.colcon_core.environment:checking '/home/projectlab3_ss25/our_ws/install/obstacle_avoidance_nav2' for CMake module files
[6.324s] DEBUG:colcon.colcon_core.event_handler.log_command:Invoked command in '/home/projectlab3_ss25/our_ws/src/obstacle_avoidance_nav2' returned '0': DEBUGINFOD_URLS=https://debuginfod.ubuntu.com PYTHONPATH=/home/projectlab3_ss25/our_ws/build/obstacle_avoidance_nav2/prefix_override:/usr/lib/python3/dist-packages/colcon_core/task/python/colcon_distutils_commands:/home/projectlab3_ss25/our_ws/install/obstacle_avoidance_nav2/lib/python3.12/site-packages:${PYTHONPATH} /usr/bin/python3 -W ignore:setup.py install is deprecated -W ignore:easy_install command is deprecated setup.py egg_info --egg-base ../../build/obstacle_avoidance_nav2 build --build-base /home/projectlab3_ss25/our_ws/build/obstacle_avoidance_nav2/build install --record /home/projectlab3_ss25/our_ws/build/obstacle_avoidance_nav2/install.log --single-version-externally-managed
[6.325s] Level 1:colcon.colcon_core.environment:checking '/home/projectlab3_ss25/our_ws/install/obstacle_avoidance_nav2' for CMake config files
[6.326s] Level 1:colcon.colcon_core.environment:checking '/home/projectlab3_ss25/our_ws/install/obstacle_avoidance_nav2/lib'
[6.326s] Level 1:colcon.colcon_core.environment:checking '/home/projectlab3_ss25/our_ws/install/obstacle_avoidance_nav2/bin'
[6.326s] Level 1:colcon.colcon_core.environment:checking '/home/projectlab3_ss25/our_ws/install/obstacle_avoidance_nav2/lib/pkgconfig/obstacle_avoidance_nav2.pc'
[6.327s] Level 1:colcon.colcon_core.environment:checking '/home/projectlab3_ss25/our_ws/install/obstacle_avoidance_nav2/lib/python3.12/site-packages'
[6.327s] Level 1:colcon.colcon_core.shell:create_environment_hook('obstacle_avoidance_nav2', 'pythonpath')
[6.327s] INFO:colcon.colcon_core.shell:Creating environment hook '/home/projectlab3_ss25/our_ws/install/obstacle_avoidance_nav2/share/obstacle_avoidance_nav2/hook/pythonpath.ps1'
[6.328s] INFO:colcon.colcon_core.shell:Creating environment descriptor '/home/projectlab3_ss25/our_ws/install/obstacle_avoidance_nav2/share/obstacle_avoidance_nav2/hook/pythonpath.dsv'
[6.328s] INFO:colcon.colcon_core.shell:Creating environment hook '/home/projectlab3_ss25/our_ws/install/obstacle_avoidance_nav2/share/obstacle_avoidance_nav2/hook/pythonpath.sh'
[6.330s] Level 1:colcon.colcon_core.environment:checking '/home/projectlab3_ss25/our_ws/install/obstacle_avoidance_nav2/bin'
[6.330s] Level 1:colcon.colcon_core.environment:create_environment_scripts_only(obstacle_avoidance_nav2)
[6.331s] INFO:colcon.colcon_core.shell:Creating package script '/home/projectlab3_ss25/our_ws/install/obstacle_avoidance_nav2/share/obstacle_avoidance_nav2/package.ps1'
[6.332s] INFO:colcon.colcon_core.shell:Creating package descriptor '/home/projectlab3_ss25/our_ws/install/obstacle_avoidance_nav2/share/obstacle_avoidance_nav2/package.dsv'
[6.333s] INFO:colcon.colcon_core.shell:Creating package script '/home/projectlab3_ss25/our_ws/install/obstacle_avoidance_nav2/share/obstacle_avoidance_nav2/package.sh'
[6.334s] INFO:colcon.colcon_core.shell:Creating package script '/home/projectlab3_ss25/our_ws/install/obstacle_avoidance_nav2/share/obstacle_avoidance_nav2/package.bash'
[6.334s] INFO:colcon.colcon_core.shell:Creating package script '/home/projectlab3_ss25/our_ws/install/obstacle_avoidance_nav2/share/obstacle_avoidance_nav2/package.zsh'
[6.336s] Level 1:colcon.colcon_core.environment:create_file_with_runtime_dependencies(/home/projectlab3_ss25/our_ws/install/obstacle_avoidance_nav2/share/colcon-core/packages/obstacle_avoidance_nav2)
[6.651s] Level 1:colcon.colcon_core.environment:checking '/home/projectlab3_ss25/our_ws/install/obstacle_avoidance_controller' for CMake module files
[6.652s] Level 1:colcon.colcon_core.environment:checking '/home/projectlab3_ss25/our_ws/install/obstacle_avoidance_controller' for CMake config files
[6.653s] DEBUG:colcon.colcon_core.event_handler.log_command:Invoked command in '/home/projectlab3_ss25/our_ws/src/obstacle_avoidance_controller' returned '0': DEBUGINFOD_URLS=https://debuginfod.ubuntu.com PYTHONPATH=/home/projectlab3_ss25/our_ws/build/obstacle_avoidance_controller/prefix_override:/usr/lib/python3/dist-packages/colcon_core/task/python/colcon_distutils_commands:/home/projectlab3_ss25/our_ws/install/obstacle_avoidance_controller/lib/python3.12/site-packages:${PYTHONPATH} /usr/bin/python3 -W ignore:setup.py install is deprecated -W ignore:easy_install command is deprecated setup.py egg_info --egg-base ../../build/obstacle_avoidance_controller build --build-base /home/projectlab3_ss25/our_ws/build/obstacle_avoidance_controller/build install --record /home/projectlab3_ss25/our_ws/build/obstacle_avoidance_controller/install.log --single-version-externally-managed install_data
[6.655s] Level 1:colcon.colcon_core.environment:checking '/home/projectlab3_ss25/our_ws/install/obstacle_avoidance_controller/lib'
[6.655s] Level 1:colcon.colcon_core.environment:checking '/home/projectlab3_ss25/our_ws/install/obstacle_avoidance_controller/bin'
[6.655s] Level 1:colcon.colcon_core.environment:checking '/home/projectlab3_ss25/our_ws/install/obstacle_avoidance_controller/lib/pkgconfig/obstacle_avoidance_controller.pc'
[6.656s] Level 1:colcon.colcon_core.environment:checking '/home/projectlab3_ss25/our_ws/install/obstacle_avoidance_controller/lib/python3.12/site-packages'
[6.656s] Level 1:colcon.colcon_core.shell:create_environment_hook('obstacle_avoidance_controller', 'pythonpath')
[6.657s] INFO:colcon.colcon_core.shell:Creating environment hook '/home/projectlab3_ss25/our_ws/install/obstacle_avoidance_controller/share/obstacle_avoidance_controller/hook/pythonpath.ps1'
[6.658s] INFO:colcon.colcon_core.shell:Creating environment descriptor '/home/projectlab3_ss25/our_ws/install/obstacle_avoidance_controller/share/obstacle_avoidance_controller/hook/pythonpath.dsv'
[6.658s] INFO:colcon.colcon_core.shell:Creating environment hook '/home/projectlab3_ss25/our_ws/install/obstacle_avoidance_controller/share/obstacle_avoidance_controller/hook/pythonpath.sh'
[6.660s] Level 1:colcon.colcon_core.environment:checking '/home/projectlab3_ss25/our_ws/install/obstacle_avoidance_controller/bin'
[6.660s] Level 1:colcon.colcon_core.environment:create_environment_scripts_only(obstacle_avoidance_controller)
[6.660s] INFO:colcon.colcon_core.shell:Creating package script '/home/projectlab3_ss25/our_ws/install/obstacle_avoidance_controller/share/obstacle_avoidance_controller/package.ps1'
[6.661s] INFO:colcon.colcon_core.shell:Creating package descriptor '/home/projectlab3_ss25/our_ws/install/obstacle_avoidance_controller/share/obstacle_avoidance_controller/package.dsv'
[6.664s] INFO:colcon.colcon_core.shell:Creating package script '/home/projectlab3_ss25/our_ws/install/obstacle_avoidance_controller/share/obstacle_avoidance_controller/package.sh'
[6.668s] INFO:colcon.colcon_core.shell:Creating package script '/home/projectlab3_ss25/our_ws/install/obstacle_avoidance_controller/share/obstacle_avoidance_controller/package.bash'
[6.669s] INFO:colcon.colcon_core.shell:Creating package script '/home/projectlab3_ss25/our_ws/install/obstacle_avoidance_controller/share/obstacle_avoidance_controller/package.zsh'
[6.670s] Level 1:colcon.colcon_core.environment:create_file_with_runtime_dependencies(/home/projectlab3_ss25/our_ws/install/obstacle_avoidance_controller/share/colcon-core/packages/obstacle_avoidance_controller)
[7.082s] Level 1:colcon.colcon_core.environment:checking '/home/projectlab3_ss25/our_ws/install/ros2_gz_bridges' for CMake module files
[7.083s] Level 1:colcon.colcon_core.environment:checking '/home/projectlab3_ss25/our_ws/install/ros2_gz_bridges' for CMake config files
[7.084s] Level 1:colcon.colcon_core.environment:checking '/home/projectlab3_ss25/our_ws/install/ros2_gz_bridges/lib'
[7.084s] Level 1:colcon.colcon_core.environment:checking '/home/projectlab3_ss25/our_ws/install/ros2_gz_bridges/bin'
[7.084s] Level 1:colcon.colcon_core.environment:checking '/home/projectlab3_ss25/our_ws/install/ros2_gz_bridges/lib/pkgconfig/ros2_gz_bridges.pc'
[7.084s] DEBUG:colcon.colcon_core.event_handler.log_command:Invoked command in '/home/projectlab3_ss25/our_ws/src/ros2_gz_bridges' returned '0': DEBUGINFOD_URLS=https://debuginfod.ubuntu.com PYTHONPATH=/home/projectlab3_ss25/our_ws/build/ros2_gz_bridges/prefix_override:/usr/lib/python3/dist-packages/colcon_core/task/python/colcon_distutils_commands:/home/projectlab3_ss25/our_ws/install/ros2_gz_bridges/lib/python3.12/site-packages:${PYTHONPATH} /usr/bin/python3 -W ignore:setup.py install is deprecated -W ignore:easy_install command is deprecated setup.py egg_info --egg-base ../../build/ros2_gz_bridges build --build-base /home/projectlab3_ss25/our_ws/build/ros2_gz_bridges/build install --record /home/projectlab3_ss25/our_ws/build/ros2_gz_bridges/install.log --single-version-externally-managed install_data
[7.086s] Level 1:colcon.colcon_core.environment:checking '/home/projectlab3_ss25/our_ws/install/ros2_gz_bridges/lib/python3.12/site-packages'
[7.087s] Level 1:colcon.colcon_core.shell:create_environment_hook('ros2_gz_bridges', 'pythonpath')
[7.087s] INFO:colcon.colcon_core.shell:Creating environment hook '/home/projectlab3_ss25/our_ws/install/ros2_gz_bridges/share/ros2_gz_bridges/hook/pythonpath.ps1'
[7.088s] INFO:colcon.colcon_core.shell:Creating environment descriptor '/home/projectlab3_ss25/our_ws/install/ros2_gz_bridges/share/ros2_gz_bridges/hook/pythonpath.dsv'
[7.088s] INFO:colcon.colcon_core.shell:Creating environment hook '/home/projectlab3_ss25/our_ws/install/ros2_gz_bridges/share/ros2_gz_bridges/hook/pythonpath.sh'
[7.090s] Level 1:colcon.colcon_core.environment:checking '/home/projectlab3_ss25/our_ws/install/ros2_gz_bridges/bin'
[7.090s] Level 1:colcon.colcon_core.environment:create_environment_scripts_only(ros2_gz_bridges)
[7.090s] INFO:colcon.colcon_core.shell:Creating package script '/home/projectlab3_ss25/our_ws/install/ros2_gz_bridges/share/ros2_gz_bridges/package.ps1'
[7.091s] INFO:colcon.colcon_core.shell:Creating package descriptor '/home/projectlab3_ss25/our_ws/install/ros2_gz_bridges/share/ros2_gz_bridges/package.dsv'
[7.092s] INFO:colcon.colcon_core.shell:Creating package script '/home/projectlab3_ss25/our_ws/install/ros2_gz_bridges/share/ros2_gz_bridges/package.sh'
[7.093s] INFO:colcon.colcon_core.shell:Creating package script '/home/projectlab3_ss25/our_ws/install/ros2_gz_bridges/share/ros2_gz_bridges/package.bash'
[7.093s] INFO:colcon.colcon_core.shell:Creating package script '/home/projectlab3_ss25/our_ws/install/ros2_gz_bridges/share/ros2_gz_bridges/package.zsh'
[7.094s] Level 1:colcon.colcon_core.environment:create_file_with_runtime_dependencies(/home/projectlab3_ss25/our_ws/install/ros2_gz_bridges/share/colcon-core/packages/ros2_gz_bridges)
[7.095s] DEBUG:colcon.colcon_parallel_executor.executor.parallel:closing loop
[7.096s] DEBUG:colcon.colcon_parallel_executor.executor.parallel:loop closed
[7.096s] DEBUG:colcon.colcon_parallel_executor.executor.parallel:run_until_complete finished with '0'
[7.096s] DEBUG:colcon.colcon_core.event_reactor:joining thread
[7.105s] INFO:colcon.colcon_core.plugin_system:Skipping extension 'colcon_notification.desktop_notification.terminal_notifier': Not used on non-Darwin systems
[7.105s] INFO:colcon.colcon_core.plugin_system:Skipping extension 'colcon_notification.desktop_notification.win32': Not used on non-Windows systems
[7.105s] INFO:colcon.colcon_notification.desktop_notification:Sending desktop notification using 'notify2'
[7.137s] DEBUG:colcon.colcon_core.event_reactor:joined thread
[7.138s] INFO:colcon.colcon_core.shell:Creating prefix script '/home/projectlab3_ss25/our_ws/install/local_setup.ps1'
[7.141s] INFO:colcon.colcon_core.shell:Creating prefix util module '/home/projectlab3_ss25/our_ws/install/_local_setup_util_ps1.py'
[7.145s] INFO:colcon.colcon_core.shell:Creating prefix chain script '/home/projectlab3_ss25/our_ws/install/setup.ps1'
[7.147s] INFO:colcon.colcon_core.shell:Creating prefix script '/home/projectlab3_ss25/our_ws/install/local_setup.sh'
[7.150s] INFO:colcon.colcon_core.shell:Creating prefix util module '/home/projectlab3_ss25/our_ws/install/_local_setup_util_sh.py'
[7.151s] INFO:colcon.colcon_core.shell:Creating prefix chain script '/home/projectlab3_ss25/our_ws/install/setup.sh'
[7.155s] INFO:colcon.colcon_core.shell:Creating prefix script '/home/projectlab3_ss25/our_ws/install/local_setup.bash'
[7.172s] INFO:colcon.colcon_core.shell:Creating prefix chain script '/home/projectlab3_ss25/our_ws/install/setup.bash'
[7.175s] INFO:colcon.colcon_core.shell:Creating prefix script '/home/projectlab3_ss25/our_ws/install/local_setup.zsh'
[7.177s] INFO:colcon.colcon_core.shell:Creating prefix chain script '/home/projectlab3_ss25/our_ws/install/setup.zsh'
