[0.207s] DEBUG:colcon:Command line arguments: ['/usr/bin/colcon', 'build']
[0.208s] DEBUG:colcon:Parsed command line arguments: Namespace(log_base=None, log_level=None, verb_name='build', build_base='build', install_base='install', merge_install=False, symlink_install=False, test_result_base=None, continue_on_error=False, executor='parallel', parallel_workers=4, event_handlers=None, ignore_user_meta=False, metas=['./colcon.meta'], base_paths=['.'], packages_ignore=None, packages_ignore_regex=None, paths=None, packages_up_to=None, packages_up_to_regex=None, packages_above=None, packages_above_and_dependencies=None, packages_above_depth=None, packages_select_by_dep=None, packages_skip_by_dep=None, packages_skip_up_to=None, packages_select_build_failed=False, packages_skip_build_finished=False, packages_select_test_failures=False, packages_skip_test_passed=False, packages_select=None, packages_skip=None, packages_select_regex=None, packages_skip_regex=None, packages_start=None, packages_end=None, allow_overriding=[], cmake_args=None, cmake_target=None, cmake_target_skip_unavailable=False, cmake_clean_cache=False, cmake_clean_first=False, cmake_force_configure=False, ament_cmake_args=None, catkin_cmake_args=None, catkin_skip_building_tests=False, mixin_files=None, mixin=None, verb_parser=<colcon_mixin.mixin.mixin_argument.MixinArgumentDecorator object at 0x779cc6a4fef0>, verb_extension=<colcon_core.verb.build.BuildVerb object at 0x779cc6b87830>, main=<bound method BuildVerb.main of <colcon_core.verb.build.BuildVerb object at 0x779cc6b87830>>, mixin_verb=('build',))
[0.305s] Level 1:colcon.colcon_core.package_discovery:discover_packages(colcon_meta) check parameters
[0.307s] Level 1:colcon.colcon_core.package_discovery:discover_packages(recursive) check parameters
[0.307s] Level 1:colcon.colcon_core.package_discovery:discover_packages(ignore) check parameters
[0.307s] Level 1:colcon.colcon_core.package_discovery:discover_packages(path) check parameters
[0.307s] Level 1:colcon.colcon_core.package_discovery:discover_packages(colcon_meta) discover
[0.307s] Level 1:colcon.colcon_core.package_discovery:discover_packages(recursive) discover
[0.307s] INFO:colcon.colcon_core.package_discovery:Crawling recursively for packages in '/home/projectlab3_ss25/our_ws'
[0.307s] Level 1:colcon.colcon_core.package_identification:_identify(.) by extensions ['ignore', 'ignore_ament_install']
[0.307s] Level 1:colcon.colcon_core.package_identification:_identify(.) by extension 'ignore'
[0.308s] Level 1:colcon.colcon_core.package_identification:_identify(.) by extension 'ignore_ament_install'
[0.308s] Level 1:colcon.colcon_core.package_identification:_identify(.) by extensions ['colcon_pkg']
[0.308s] Level 1:colcon.colcon_core.package_identification:_identify(.) by extension 'colcon_pkg'
[0.308s] Level 1:colcon.colcon_core.package_identification:_identify(.) by extensions ['colcon_meta']
[0.308s] Level 1:colcon.colcon_core.package_identification:_identify(.) by extension 'colcon_meta'
[0.308s] Level 1:colcon.colcon_core.package_identification:_identify(.) by extensions ['ros']
[0.308s] Level 1:colcon.colcon_core.package_identification:_identify(.) by extension 'ros'
[0.369s] Level 1:colcon.colcon_core.package_identification:_identify(.) by extensions ['cmake', 'python']
[0.369s] Level 1:colcon.colcon_core.package_identification:_identify(.) by extension 'cmake'
[0.369s] Level 1:colcon.colcon_core.package_identification:_identify(.) by extension 'python'
[0.369s] Level 1:colcon.colcon_core.package_identification:_identify(.) by extensions ['python_setup_py']
[0.369s] Level 1:colcon.colcon_core.package_identification:_identify(.) by extension 'python_setup_py'
[0.369s] Level 1:colcon.colcon_core.package_identification:_identify(build) by extensions ['ignore', 'ignore_ament_install']
[0.370s] Level 1:colcon.colcon_core.package_identification:_identify(build) by extension 'ignore'
[0.370s] Level 1:colcon.colcon_core.package_identification:_identify(build) ignored
[0.370s] Level 1:colcon.colcon_core.package_identification:_identify(install) by extensions ['ignore', 'ignore_ament_install']
[0.370s] Level 1:colcon.colcon_core.package_identification:_identify(install) by extension 'ignore'
[0.370s] Level 1:colcon.colcon_core.package_identification:_identify(install) ignored
[0.370s] Level 1:colcon.colcon_core.package_identification:_identify(log) by extensions ['ignore', 'ignore_ament_install']
[0.371s] Level 1:colcon.colcon_core.package_identification:_identify(log) by extension 'ignore'
[0.371s] Level 1:colcon.colcon_core.package_identification:_identify(log) ignored
[0.371s] Level 1:colcon.colcon_core.package_identification:_identify(src) by extensions ['ignore', 'ignore_ament_install']
[0.371s] Level 1:colcon.colcon_core.package_identification:_identify(src) by extension 'ignore'
[0.371s] Level 1:colcon.colcon_core.package_identification:_identify(src) by extension 'ignore_ament_install'
[0.371s] Level 1:colcon.colcon_core.package_identification:_identify(src) by extensions ['colcon_pkg']
[0.371s] Level 1:colcon.colcon_core.package_identification:_identify(src) by extension 'colcon_pkg'
[0.371s] Level 1:colcon.colcon_core.package_identification:_identify(src) by extensions ['colcon_meta']
[0.371s] Level 1:colcon.colcon_core.package_identification:_identify(src) by extension 'colcon_meta'
[0.371s] Level 1:colcon.colcon_core.package_identification:_identify(src) by extensions ['ros']
[0.371s] Level 1:colcon.colcon_core.package_identification:_identify(src) by extension 'ros'
[0.372s] Level 1:colcon.colcon_core.package_identification:_identify(src) by extensions ['cmake', 'python']
[0.372s] Level 1:colcon.colcon_core.package_identification:_identify(src) by extension 'cmake'
[0.372s] Level 1:colcon.colcon_core.package_identification:_identify(src) by extension 'python'
[0.372s] Level 1:colcon.colcon_core.package_identification:_identify(src) by extensions ['python_setup_py']
[0.372s] Level 1:colcon.colcon_core.package_identification:_identify(src) by extension 'python_setup_py'
[0.372s] Level 1:colcon.colcon_core.package_identification:_identify(src/launch) by extensions ['ignore', 'ignore_ament_install']
[0.372s] Level 1:colcon.colcon_core.package_identification:_identify(src/launch) by extension 'ignore'
[0.372s] Level 1:colcon.colcon_core.package_identification:_identify(src/launch) by extension 'ignore_ament_install'
[0.372s] Level 1:colcon.colcon_core.package_identification:_identify(src/launch) by extensions ['colcon_pkg']
[0.372s] Level 1:colcon.colcon_core.package_identification:_identify(src/launch) by extension 'colcon_pkg'
[0.372s] Level 1:colcon.colcon_core.package_identification:_identify(src/launch) by extensions ['colcon_meta']
[0.372s] Level 1:colcon.colcon_core.package_identification:_identify(src/launch) by extension 'colcon_meta'
[0.372s] Level 1:colcon.colcon_core.package_identification:_identify(src/launch) by extensions ['ros']
[0.372s] Level 1:colcon.colcon_core.package_identification:_identify(src/launch) by extension 'ros'
[0.373s] Level 1:colcon.colcon_core.package_identification:_identify(src/launch) by extensions ['cmake', 'python']
[0.373s] Level 1:colcon.colcon_core.package_identification:_identify(src/launch) by extension 'cmake'
[0.373s] Level 1:colcon.colcon_core.package_identification:_identify(src/launch) by extension 'python'
[0.373s] Level 1:colcon.colcon_core.package_identification:_identify(src/launch) by extensions ['python_setup_py']
[0.373s] Level 1:colcon.colcon_core.package_identification:_identify(src/launch) by extension 'python_setup_py'
[0.373s] Level 1:colcon.colcon_core.package_identification:_identify(src/obstacle_avoidance_controller) by extensions ['ignore', 'ignore_ament_install']
[0.373s] Level 1:colcon.colcon_core.package_identification:_identify(src/obstacle_avoidance_controller) by extension 'ignore'
[0.373s] Level 1:colcon.colcon_core.package_identification:_identify(src/obstacle_avoidance_controller) by extension 'ignore_ament_install'
[0.373s] Level 1:colcon.colcon_core.package_identification:_identify(src/obstacle_avoidance_controller) by extensions ['colcon_pkg']
[0.373s] Level 1:colcon.colcon_core.package_identification:_identify(src/obstacle_avoidance_controller) by extension 'colcon_pkg'
[0.373s] Level 1:colcon.colcon_core.package_identification:_identify(src/obstacle_avoidance_controller) by extensions ['colcon_meta']
[0.373s] Level 1:colcon.colcon_core.package_identification:_identify(src/obstacle_avoidance_controller) by extension 'colcon_meta'
[0.373s] Level 1:colcon.colcon_core.package_identification:_identify(src/obstacle_avoidance_controller) by extensions ['ros']
[0.373s] Level 1:colcon.colcon_core.package_identification:_identify(src/obstacle_avoidance_controller) by extension 'ros'
[0.377s] DEBUG:colcon.colcon_core.package_identification:Package 'src/obstacle_avoidance_controller' with type 'ros.ament_python' and name 'obstacle_avoidance_controller'
[0.377s] Level 1:colcon.colcon_core.package_identification:_identify(src/obstacle_avoidance_nav2) by extensions ['ignore', 'ignore_ament_install']
[0.378s] Level 1:colcon.colcon_core.package_identification:_identify(src/obstacle_avoidance_nav2) by extension 'ignore'
[0.378s] Level 1:colcon.colcon_core.package_identification:_identify(src/obstacle_avoidance_nav2) by extension 'ignore_ament_install'
[0.378s] Level 1:colcon.colcon_core.package_identification:_identify(src/obstacle_avoidance_nav2) by extensions ['colcon_pkg']
[0.378s] Level 1:colcon.colcon_core.package_identification:_identify(src/obstacle_avoidance_nav2) by extension 'colcon_pkg'
[0.378s] Level 1:colcon.colcon_core.package_identification:_identify(src/obstacle_avoidance_nav2) by extensions ['colcon_meta']
[0.378s] Level 1:colcon.colcon_core.package_identification:_identify(src/obstacle_avoidance_nav2) by extension 'colcon_meta'
[0.379s] Level 1:colcon.colcon_core.package_identification:_identify(src/obstacle_avoidance_nav2) by extensions ['ros']
[0.379s] Level 1:colcon.colcon_core.package_identification:_identify(src/obstacle_avoidance_nav2) by extension 'ros'
[0.381s] DEBUG:colcon.colcon_core.package_identification:Package 'src/obstacle_avoidance_nav2' with type 'ros.ament_python' and name 'obstacle_avoidance_nav2'
[0.381s] Level 1:colcon.colcon_core.package_identification:_identify(src/ros2_gz_bridges) by extensions ['ignore', 'ignore_ament_install']
[0.381s] Level 1:colcon.colcon_core.package_identification:_identify(src/ros2_gz_bridges) by extension 'ignore'
[0.381s] Level 1:colcon.colcon_core.package_identification:_identify(src/ros2_gz_bridges) by extension 'ignore_ament_install'
[0.381s] Level 1:colcon.colcon_core.package_identification:_identify(src/ros2_gz_bridges) by extensions ['colcon_pkg']
[0.382s] Level 1:colcon.colcon_core.package_identification:_identify(src/ros2_gz_bridges) by extension 'colcon_pkg'
[0.382s] Level 1:colcon.colcon_core.package_identification:_identify(src/ros2_gz_bridges) by extensions ['colcon_meta']
[0.382s] Level 1:colcon.colcon_core.package_identification:_identify(src/ros2_gz_bridges) by extension 'colcon_meta'
[0.382s] Level 1:colcon.colcon_core.package_identification:_identify(src/ros2_gz_bridges) by extensions ['ros']
[0.382s] Level 1:colcon.colcon_core.package_identification:_identify(src/ros2_gz_bridges) by extension 'ros'
[0.385s] DEBUG:colcon.colcon_core.package_identification:Package 'src/ros2_gz_bridges' with type 'ros.ament_python' and name 'ros2_gz_bridges'
[0.385s] Level 1:colcon.colcon_core.package_identification:_identify(src/simple_path_planner) by extensions ['ignore', 'ignore_ament_install']
[0.385s] Level 1:colcon.colcon_core.package_identification:_identify(src/simple_path_planner) by extension 'ignore'
[0.385s] Level 1:colcon.colcon_core.package_identification:_identify(src/simple_path_planner) by extension 'ignore_ament_install'
[0.385s] Level 1:colcon.colcon_core.package_identification:_identify(src/simple_path_planner) by extensions ['colcon_pkg']
[0.385s] Level 1:colcon.colcon_core.package_identification:_identify(src/simple_path_planner) by extension 'colcon_pkg'
[0.385s] Level 1:colcon.colcon_core.package_identification:_identify(src/simple_path_planner) by extensions ['colcon_meta']
[0.385s] Level 1:colcon.colcon_core.package_identification:_identify(src/simple_path_planner) by extension 'colcon_meta'
[0.386s] Level 1:colcon.colcon_core.package_identification:_identify(src/simple_path_planner) by extensions ['ros']
[0.386s] Level 1:colcon.colcon_core.package_identification:_identify(src/simple_path_planner) by extension 'ros'
[0.387s] DEBUG:colcon.colcon_core.package_identification:Found ROS schema reference in package manifest in 'src/simple_path_planner'
[0.387s] WARNING:colcon.colcon_core.package_identification:Failed to parse ROS package manifest in 'src/simple_path_planner': Error(s) in package 'src/simple_path_planner/package.xml':
Error(s):
- The generic dependency on 'rclpy' is redundant with: exec_depend
- The generic dependency on 'geometry_msgs' is redundant with: exec_depend
- The generic dependency on 'nav2_msgs' is redundant with: exec_depend
[0.387s] Level 1:colcon.colcon_core.package_identification:_identify(src/simple_path_planner) by extensions ['cmake', 'python']
[0.387s] Level 1:colcon.colcon_core.package_identification:_identify(src/simple_path_planner) by extension 'cmake'
[0.387s] Level 1:colcon.colcon_core.package_identification:_identify(src/simple_path_planner) by extension 'python'
[0.387s] DEBUG:colcon.colcon_core.package_identification:Python package in 'src/simple_path_planner' passes arguments to the setup() function which requires a different identification extension than 'python'
[0.387s] Level 1:colcon.colcon_core.package_identification:_identify(src/simple_path_planner) by extensions ['python_setup_py']
[0.388s] Level 1:colcon.colcon_core.package_identification:_identify(src/simple_path_planner) by extension 'python_setup_py'
[0.777s] DEBUG:colcon.colcon_core.package_identification:Package 'src/simple_path_planner' with type 'python' and name 'simple_path_planner'
[0.778s] Level 1:colcon.colcon_core.package_discovery:discover_packages(recursive) using defaults
[0.778s] Level 1:colcon.colcon_core.package_discovery:discover_packages(ignore) discover
[0.778s] Level 1:colcon.colcon_core.package_discovery:discover_packages(ignore) using defaults
[0.778s] Level 1:colcon.colcon_core.package_discovery:discover_packages(path) discover
[0.778s] Level 1:colcon.colcon_core.package_discovery:discover_packages(path) using defaults
[0.807s] Level 1:colcon.colcon_core.package_discovery:discover_packages(prefix_path) check parameters
[0.807s] Level 1:colcon.colcon_core.package_discovery:discover_packages(prefix_path) discover
[0.810s] DEBUG:colcon.colcon_installed_package_information.package_discovery:Found 4 installed packages in /home/projectlab3_ss25/our_ws/install
[0.813s] DEBUG:colcon.colcon_installed_package_information.package_discovery:Found 408 installed packages in /opt/ros/jazzy
[0.815s] Level 1:colcon.colcon_core.package_discovery:discover_packages(prefix_path) using defaults
[0.899s] Level 5:colcon.colcon_core.verb:set package 'obstacle_avoidance_controller' build argument 'cmake_args' from command line to 'None'
[0.899s] Level 5:colcon.colcon_core.verb:set package 'obstacle_avoidance_controller' build argument 'cmake_target' from command line to 'None'
[0.899s] Level 5:colcon.colcon_core.verb:set package 'obstacle_avoidance_controller' build argument 'cmake_target_skip_unavailable' from command line to 'False'
[0.900s] Level 5:colcon.colcon_core.verb:set package 'obstacle_avoidance_controller' build argument 'cmake_clean_cache' from command line to 'False'
[0.900s] Level 5:colcon.colcon_core.verb:set package 'obstacle_avoidance_controller' build argument 'cmake_clean_first' from command line to 'False'
[0.900s] Level 5:colcon.colcon_core.verb:set package 'obstacle_avoidance_controller' build argument 'cmake_force_configure' from command line to 'False'
[0.900s] Level 5:colcon.colcon_core.verb:set package 'obstacle_avoidance_controller' build argument 'ament_cmake_args' from command line to 'None'
[0.900s] Level 5:colcon.colcon_core.verb:set package 'obstacle_avoidance_controller' build argument 'catkin_cmake_args' from command line to 'None'
[0.900s] Level 5:colcon.colcon_core.verb:set package 'obstacle_avoidance_controller' build argument 'catkin_skip_building_tests' from command line to 'False'
[0.900s] DEBUG:colcon.colcon_core.verb:Building package 'obstacle_avoidance_controller' with the following arguments: {'ament_cmake_args': None, 'build_base': '/home/projectlab3_ss25/our_ws/build/obstacle_avoidance_controller', 'catkin_cmake_args': None, 'catkin_skip_building_tests': False, 'cmake_args': None, 'cmake_clean_cache': False, 'cmake_clean_first': False, 'cmake_force_configure': False, 'cmake_target': None, 'cmake_target_skip_unavailable': False, 'install_base': '/home/projectlab3_ss25/our_ws/install/obstacle_avoidance_controller', 'merge_install': False, 'path': '/home/projectlab3_ss25/our_ws/src/obstacle_avoidance_controller', 'symlink_install': False, 'test_result_base': None}
[0.900s] Level 5:colcon.colcon_core.verb:set package 'obstacle_avoidance_nav2' build argument 'cmake_args' from command line to 'None'
[0.900s] Level 5:colcon.colcon_core.verb:set package 'obstacle_avoidance_nav2' build argument 'cmake_target' from command line to 'None'
[0.900s] Level 5:colcon.colcon_core.verb:set package 'obstacle_avoidance_nav2' build argument 'cmake_target_skip_unavailable' from command line to 'False'
[0.900s] Level 5:colcon.colcon_core.verb:set package 'obstacle_avoidance_nav2' build argument 'cmake_clean_cache' from command line to 'False'
[0.900s] Level 5:colcon.colcon_core.verb:set package 'obstacle_avoidance_nav2' build argument 'cmake_clean_first' from command line to 'False'
[0.900s] Level 5:colcon.colcon_core.verb:set package 'obstacle_avoidance_nav2' build argument 'cmake_force_configure' from command line to 'False'
[0.900s] Level 5:colcon.colcon_core.verb:set package 'obstacle_avoidance_nav2' build argument 'ament_cmake_args' from command line to 'None'
[0.900s] Level 5:colcon.colcon_core.verb:set package 'obstacle_avoidance_nav2' build argument 'catkin_cmake_args' from command line to 'None'
[0.900s] Level 5:colcon.colcon_core.verb:set package 'obstacle_avoidance_nav2' build argument 'catkin_skip_building_tests' from command line to 'False'
[0.901s] DEBUG:colcon.colcon_core.verb:Building package 'obstacle_avoidance_nav2' with the following arguments: {'ament_cmake_args': None, 'build_base': '/home/projectlab3_ss25/our_ws/build/obstacle_avoidance_nav2', 'catkin_cmake_args': None, 'catkin_skip_building_tests': False, 'cmake_args': None, 'cmake_clean_cache': False, 'cmake_clean_first': False, 'cmake_force_configure': False, 'cmake_target': None, 'cmake_target_skip_unavailable': False, 'install_base': '/home/projectlab3_ss25/our_ws/install/obstacle_avoidance_nav2', 'merge_install': False, 'path': '/home/projectlab3_ss25/our_ws/src/obstacle_avoidance_nav2', 'symlink_install': False, 'test_result_base': None}
[0.901s] Level 5:colcon.colcon_core.verb:set package 'ros2_gz_bridges' build argument 'cmake_args' from command line to 'None'
[0.901s] Level 5:colcon.colcon_core.verb:set package 'ros2_gz_bridges' build argument 'cmake_target' from command line to 'None'
[0.901s] Level 5:colcon.colcon_core.verb:set package 'ros2_gz_bridges' build argument 'cmake_target_skip_unavailable' from command line to 'False'
[0.901s] Level 5:colcon.colcon_core.verb:set package 'ros2_gz_bridges' build argument 'cmake_clean_cache' from command line to 'False'
[0.901s] Level 5:colcon.colcon_core.verb:set package 'ros2_gz_bridges' build argument 'cmake_clean_first' from command line to 'False'
[0.901s] Level 5:colcon.colcon_core.verb:set package 'ros2_gz_bridges' build argument 'cmake_force_configure' from command line to 'False'
[0.901s] Level 5:colcon.colcon_core.verb:set package 'ros2_gz_bridges' build argument 'ament_cmake_args' from command line to 'None'
[0.901s] Level 5:colcon.colcon_core.verb:set package 'ros2_gz_bridges' build argument 'catkin_cmake_args' from command line to 'None'
[0.901s] Level 5:colcon.colcon_core.verb:set package 'ros2_gz_bridges' build argument 'catkin_skip_building_tests' from command line to 'False'
[0.901s] DEBUG:colcon.colcon_core.verb:Building package 'ros2_gz_bridges' with the following arguments: {'ament_cmake_args': None, 'build_base': '/home/projectlab3_ss25/our_ws/build/ros2_gz_bridges', 'catkin_cmake_args': None, 'catkin_skip_building_tests': False, 'cmake_args': None, 'cmake_clean_cache': False, 'cmake_clean_first': False, 'cmake_force_configure': False, 'cmake_target': None, 'cmake_target_skip_unavailable': False, 'install_base': '/home/projectlab3_ss25/our_ws/install/ros2_gz_bridges', 'merge_install': False, 'path': '/home/projectlab3_ss25/our_ws/src/ros2_gz_bridges', 'symlink_install': False, 'test_result_base': None}
[0.902s] Level 5:colcon.colcon_core.verb:set package 'simple_path_planner' build argument 'cmake_args' from command line to 'None'
[0.902s] Level 5:colcon.colcon_core.verb:set package 'simple_path_planner' build argument 'cmake_target' from command line to 'None'
[0.902s] Level 5:colcon.colcon_core.verb:set package 'simple_path_planner' build argument 'cmake_target_skip_unavailable' from command line to 'False'
[0.902s] Level 5:colcon.colcon_core.verb:set package 'simple_path_planner' build argument 'cmake_clean_cache' from command line to 'False'
[0.902s] Level 5:colcon.colcon_core.verb:set package 'simple_path_planner' build argument 'cmake_clean_first' from command line to 'False'
[0.902s] Level 5:colcon.colcon_core.verb:set package 'simple_path_planner' build argument 'cmake_force_configure' from command line to 'False'
[0.902s] Level 5:colcon.colcon_core.verb:set package 'simple_path_planner' build argument 'ament_cmake_args' from command line to 'None'
[0.902s] Level 5:colcon.colcon_core.verb:set package 'simple_path_planner' build argument 'catkin_cmake_args' from command line to 'None'
[0.902s] Level 5:colcon.colcon_core.verb:set package 'simple_path_planner' build argument 'catkin_skip_building_tests' from command line to 'False'
[0.902s] DEBUG:colcon.colcon_core.verb:Building package 'simple_path_planner' with the following arguments: {'ament_cmake_args': None, 'build_base': '/home/projectlab3_ss25/our_ws/build/simple_path_planner', 'catkin_cmake_args': None, 'catkin_skip_building_tests': False, 'cmake_args': None, 'cmake_clean_cache': False, 'cmake_clean_first': False, 'cmake_force_configure': False, 'cmake_target': None, 'cmake_target_skip_unavailable': False, 'install_base': '/home/projectlab3_ss25/our_ws/install/simple_path_planner', 'merge_install': False, 'path': '/home/projectlab3_ss25/our_ws/src/simple_path_planner', 'symlink_install': False, 'test_result_base': None}
[0.902s] INFO:colcon.colcon_core.executor:Executing jobs using 'parallel' executor
[0.903s] DEBUG:colcon.colcon_parallel_executor.executor.parallel:run_until_complete
[0.904s] INFO:colcon.colcon_ros.task.ament_python.build:Building ROS package in '/home/projectlab3_ss25/our_ws/src/obstacle_avoidance_controller' with build type 'ament_python'
[0.904s] Level 1:colcon.colcon_core.shell:create_environment_hook('obstacle_avoidance_controller', 'ament_prefix_path')
[0.907s] INFO:colcon.colcon_core.plugin_system:Skipping extension 'colcon_core.shell.bat': Not used on non-Windows systems
[0.908s] INFO:colcon.colcon_core.shell:Creating environment hook '/home/projectlab3_ss25/our_ws/install/obstacle_avoidance_controller/share/obstacle_avoidance_controller/hook/ament_prefix_path.ps1'
[0.908s] INFO:colcon.colcon_core.shell:Creating environment descriptor '/home/projectlab3_ss25/our_ws/install/obstacle_avoidance_controller/share/obstacle_avoidance_controller/hook/ament_prefix_path.dsv'
[0.909s] INFO:colcon.colcon_core.shell:Creating environment hook '/home/projectlab3_ss25/our_ws/install/obstacle_avoidance_controller/share/obstacle_avoidance_controller/hook/ament_prefix_path.sh'
[0.910s] INFO:colcon.colcon_core.shell:Skip shell extension 'powershell' for command environment: Not usable outside of PowerShell
[0.910s] DEBUG:colcon.colcon_core.shell:Skip shell extension 'dsv' for command environment
[0.917s] INFO:colcon.colcon_ros.task.ament_python.build:Building ROS package in '/home/projectlab3_ss25/our_ws/src/obstacle_avoidance_nav2' with build type 'ament_python'
[0.917s] Level 1:colcon.colcon_core.shell:create_environment_hook('obstacle_avoidance_nav2', 'ament_prefix_path')
[0.918s] INFO:colcon.colcon_core.shell:Creating environment hook '/home/projectlab3_ss25/our_ws/install/obstacle_avoidance_nav2/share/obstacle_avoidance_nav2/hook/ament_prefix_path.ps1'
[0.920s] INFO:colcon.colcon_core.shell:Creating environment descriptor '/home/projectlab3_ss25/our_ws/install/obstacle_avoidance_nav2/share/obstacle_avoidance_nav2/hook/ament_prefix_path.dsv'
[0.926s] INFO:colcon.colcon_core.shell:Creating environment hook '/home/projectlab3_ss25/our_ws/install/obstacle_avoidance_nav2/share/obstacle_avoidance_nav2/hook/ament_prefix_path.sh'
[0.927s] INFO:colcon.colcon_core.shell:Skip shell extension 'powershell' for command environment: Not usable outside of PowerShell
[0.928s] DEBUG:colcon.colcon_core.shell:Skip shell extension 'dsv' for command environment
[0.934s] INFO:colcon.colcon_ros.task.ament_python.build:Building ROS package in '/home/projectlab3_ss25/our_ws/src/ros2_gz_bridges' with build type 'ament_python'
[0.935s] Level 1:colcon.colcon_core.shell:create_environment_hook('ros2_gz_bridges', 'ament_prefix_path')
[0.935s] INFO:colcon.colcon_core.shell:Creating environment hook '/home/projectlab3_ss25/our_ws/install/ros2_gz_bridges/share/ros2_gz_bridges/hook/ament_prefix_path.ps1'
[0.937s] INFO:colcon.colcon_core.shell:Creating environment descriptor '/home/projectlab3_ss25/our_ws/install/ros2_gz_bridges/share/ros2_gz_bridges/hook/ament_prefix_path.dsv'
[0.939s] INFO:colcon.colcon_core.shell:Creating environment hook '/home/projectlab3_ss25/our_ws/install/ros2_gz_bridges/share/ros2_gz_bridges/hook/ament_prefix_path.sh'
[0.941s] INFO:colcon.colcon_core.shell:Skip shell extension 'powershell' for command environment: Not usable outside of PowerShell
[0.941s] DEBUG:colcon.colcon_core.shell:Skip shell extension 'dsv' for command environment
[0.951s] INFO:colcon.colcon_core.task.python.build:Building Python package in '/home/projectlab3_ss25/our_ws/src/simple_path_planner'
[0.951s] INFO:colcon.colcon_core.shell:Skip shell extension 'powershell' for command environment: Not usable outside of PowerShell
[0.951s] DEBUG:colcon.colcon_core.shell:Skip shell extension 'dsv' for command environment
[1.398s] INFO:colcon.colcon_core.task.python.build:Building Python package in '/home/projectlab3_ss25/our_ws/src/obstacle_avoidance_controller'
[1.398s] INFO:colcon.colcon_core.shell:Skip shell extension 'powershell' for command environment: Not usable outside of PowerShell
[1.398s] DEBUG:colcon.colcon_core.shell:Skip shell extension 'dsv' for command environment
[1.823s] WARNING:colcon.colcon_ros.task.ament_python.build:Package 'obstacle_avoidance_nav2' doesn't explicitly install a marker in the package index (colcon-ros currently does it implicitly but that fallback will be removed in the future)
[1.824s] WARNING:colcon.colcon_ros.task.ament_python.build:Package 'obstacle_avoidance_nav2' doesn't explicitly install the 'package.xml' file (colcon-ros currently does it implicitly but that fallback will be removed in the future)
[1.825s] INFO:colcon.colcon_core.task.python.build:Building Python package in '/home/projectlab3_ss25/our_ws/src/obstacle_avoidance_nav2'
[1.826s] INFO:colcon.colcon_core.shell:Skip shell extension 'powershell' for command environment: Not usable outside of PowerShell
[1.826s] DEBUG:colcon.colcon_core.shell:Skip shell extension 'dsv' for command environment
[2.267s] INFO:colcon.colcon_core.task.python.build:Building Python package in '/home/projectlab3_ss25/our_ws/src/ros2_gz_bridges'
[2.267s] INFO:colcon.colcon_core.shell:Skip shell extension 'powershell' for command environment: Not usable outside of PowerShell
[2.267s] DEBUG:colcon.colcon_core.shell:Skip shell extension 'dsv' for command environment
[4.429s] DEBUG:colcon.colcon_core.event_handler.log_command:Invoking command in '/home/projectlab3_ss25/our_ws/src/obstacle_avoidance_nav2': DEBUGINFOD_URLS=https://debuginfod.ubuntu.com PYTHONPATH=/home/projectlab3_ss25/our_ws/build/obstacle_avoidance_nav2/prefix_override:/usr/lib/python3/dist-packages/colcon_core/task/python/colcon_distutils_commands:/home/projectlab3_ss25/our_ws/install/obstacle_avoidance_nav2/lib/python3.12/site-packages:${PYTHONPATH} /usr/bin/python3 -W ignore:setup.py install is deprecated -W ignore:easy_install command is deprecated setup.py egg_info --egg-base ../../build/obstacle_avoidance_nav2 build --build-base /home/projectlab3_ss25/our_ws/build/obstacle_avoidance_nav2/build install --record /home/projectlab3_ss25/our_ws/build/obstacle_avoidance_nav2/install.log --single-version-externally-managed
[4.825s] DEBUG:colcon.colcon_core.event_handler.log_command:Invoking command in '/home/projectlab3_ss25/our_ws/src/simple_path_planner': DEBUGINFOD_URLS=https://debuginfod.ubuntu.com PYTHONPATH=/home/projectlab3_ss25/our_ws/build/simple_path_planner/prefix_override:/usr/lib/python3/dist-packages/colcon_core/task/python/colcon_distutils_commands:/home/projectlab3_ss25/our_ws/install/simple_path_planner/lib/python3.12/site-packages:${PYTHONPATH} /usr/bin/python3 -W ignore:setup.py install is deprecated -W ignore:easy_install command is deprecated setup.py egg_info --egg-base ../../build/simple_path_planner build --build-base /home/projectlab3_ss25/our_ws/build/simple_path_planner/build install --record /home/projectlab3_ss25/our_ws/build/simple_path_planner/install.log --single-version-externally-managed
[4.982s] DEBUG:colcon.colcon_core.event_handler.log_command:Invoking command in '/home/projectlab3_ss25/our_ws/src/ros2_gz_bridges': DEBUGINFOD_URLS=https://debuginfod.ubuntu.com PYTHONPATH=/home/projectlab3_ss25/our_ws/build/ros2_gz_bridges/prefix_override:/usr/lib/python3/dist-packages/colcon_core/task/python/colcon_distutils_commands:/home/projectlab3_ss25/our_ws/install/ros2_gz_bridges/lib/python3.12/site-packages:${PYTHONPATH} /usr/bin/python3 -W ignore:setup.py install is deprecated -W ignore:easy_install command is deprecated setup.py egg_info --egg-base ../../build/ros2_gz_bridges build --build-base /home/projectlab3_ss25/our_ws/build/ros2_gz_bridges/build install --record /home/projectlab3_ss25/our_ws/build/ros2_gz_bridges/install.log --single-version-externally-managed install_data
[5.344s] DEBUG:colcon.colcon_core.event_handler.log_command:Invoking command in '/home/projectlab3_ss25/our_ws/src/obstacle_avoidance_controller': DEBUGINFOD_URLS=https://debuginfod.ubuntu.com PYTHONPATH=/home/projectlab3_ss25/our_ws/build/obstacle_avoidance_controller/prefix_override:/usr/lib/python3/dist-packages/colcon_core/task/python/colcon_distutils_commands:/home/projectlab3_ss25/our_ws/install/obstacle_avoidance_controller/lib/python3.12/site-packages:${PYTHONPATH} /usr/bin/python3 -W ignore:setup.py install is deprecated -W ignore:easy_install command is deprecated setup.py egg_info --egg-base ../../build/obstacle_avoidance_controller build --build-base /home/projectlab3_ss25/our_ws/build/obstacle_avoidance_controller/build install --record /home/projectlab3_ss25/our_ws/build/obstacle_avoidance_controller/install.log --single-version-externally-managed install_data
[6.649s] DEBUG:colcon.colcon_core.event_handler.log_command:Invoked command in '/home/projectlab3_ss25/our_ws/src/ros2_gz_bridges' returned '0': DEBUGINFOD_URLS=https://debuginfod.ubuntu.com PYTHONPATH=/home/projectlab3_ss25/our_ws/build/ros2_gz_bridges/prefix_override:/usr/lib/python3/dist-packages/colcon_core/task/python/colcon_distutils_commands:/home/projectlab3_ss25/our_ws/install/ros2_gz_bridges/lib/python3.12/site-packages:${PYTHONPATH} /usr/bin/python3 -W ignore:setup.py install is deprecated -W ignore:easy_install command is deprecated setup.py egg_info --egg-base ../../build/ros2_gz_bridges build --build-base /home/projectlab3_ss25/our_ws/build/ros2_gz_bridges/build install --record /home/projectlab3_ss25/our_ws/build/ros2_gz_bridges/install.log --single-version-externally-managed install_data
[6.656s] Level 1:colcon.colcon_core.environment:checking '/home/projectlab3_ss25/our_ws/install/ros2_gz_bridges' for CMake module files
[6.656s] Level 1:colcon.colcon_core.environment:checking '/home/projectlab3_ss25/our_ws/install/ros2_gz_bridges' for CMake config files
[6.657s] Level 1:colcon.colcon_core.environment:checking '/home/projectlab3_ss25/our_ws/install/ros2_gz_bridges/lib'
[6.659s] Level 1:colcon.colcon_core.environment:checking '/home/projectlab3_ss25/our_ws/install/ros2_gz_bridges/bin'
[6.661s] Level 1:colcon.colcon_core.environment:checking '/home/projectlab3_ss25/our_ws/install/ros2_gz_bridges/lib/pkgconfig/ros2_gz_bridges.pc'
[6.661s] Level 1:colcon.colcon_core.environment:checking '/home/projectlab3_ss25/our_ws/install/ros2_gz_bridges/lib/python3.12/site-packages'
[6.661s] Level 1:colcon.colcon_core.shell:create_environment_hook('ros2_gz_bridges', 'pythonpath')
[6.662s] INFO:colcon.colcon_core.shell:Creating environment hook '/home/projectlab3_ss25/our_ws/install/ros2_gz_bridges/share/ros2_gz_bridges/hook/pythonpath.ps1'
[6.662s] INFO:colcon.colcon_core.shell:Creating environment descriptor '/home/projectlab3_ss25/our_ws/install/ros2_gz_bridges/share/ros2_gz_bridges/hook/pythonpath.dsv'
[6.664s] INFO:colcon.colcon_core.shell:Creating environment hook '/home/projectlab3_ss25/our_ws/install/ros2_gz_bridges/share/ros2_gz_bridges/hook/pythonpath.sh'
[6.669s] Level 1:colcon.colcon_core.environment:checking '/home/projectlab3_ss25/our_ws/install/ros2_gz_bridges/bin'
[6.669s] Level 1:colcon.colcon_core.environment:create_environment_scripts_only(ros2_gz_bridges)
[6.670s] INFO:colcon.colcon_core.shell:Creating package script '/home/projectlab3_ss25/our_ws/install/ros2_gz_bridges/share/ros2_gz_bridges/package.ps1'
[6.673s] INFO:colcon.colcon_core.shell:Creating package descriptor '/home/projectlab3_ss25/our_ws/install/ros2_gz_bridges/share/ros2_gz_bridges/package.dsv'
[6.676s] INFO:colcon.colcon_core.shell:Creating package script '/home/projectlab3_ss25/our_ws/install/ros2_gz_bridges/share/ros2_gz_bridges/package.sh'
[6.681s] INFO:colcon.colcon_core.shell:Creating package script '/home/projectlab3_ss25/our_ws/install/ros2_gz_bridges/share/ros2_gz_bridges/package.bash'
[6.684s] INFO:colcon.colcon_core.shell:Creating package script '/home/projectlab3_ss25/our_ws/install/ros2_gz_bridges/share/ros2_gz_bridges/package.zsh'
[6.687s] Level 1:colcon.colcon_core.environment:create_file_with_runtime_dependencies(/home/projectlab3_ss25/our_ws/install/ros2_gz_bridges/share/colcon-core/packages/ros2_gz_bridges)
[6.694s] Level 1:colcon.colcon_core.environment:checking '/home/projectlab3_ss25/our_ws/install/simple_path_planner' for CMake module files
[6.694s] Level 1:colcon.colcon_core.environment:checking '/home/projectlab3_ss25/our_ws/install/simple_path_planner' for CMake config files
[6.695s] Level 1:colcon.colcon_core.environment:checking '/home/projectlab3_ss25/our_ws/install/simple_path_planner/lib'
[6.695s] Level 1:colcon.colcon_core.environment:checking '/home/projectlab3_ss25/our_ws/install/simple_path_planner/bin'
[6.695s] Level 1:colcon.colcon_core.environment:checking '/home/projectlab3_ss25/our_ws/install/simple_path_planner/lib/pkgconfig/simple_path_planner.pc'
[6.695s] Level 1:colcon.colcon_core.environment:checking '/home/projectlab3_ss25/our_ws/install/simple_path_planner/lib/python3.12/site-packages'
[6.696s] Level 1:colcon.colcon_core.shell:create_environment_hook('simple_path_planner', 'pythonpath')
[6.696s] INFO:colcon.colcon_core.shell:Creating environment hook '/home/projectlab3_ss25/our_ws/install/simple_path_planner/share/simple_path_planner/hook/pythonpath.ps1'
[6.700s] INFO:colcon.colcon_core.shell:Creating environment descriptor '/home/projectlab3_ss25/our_ws/install/simple_path_planner/share/simple_path_planner/hook/pythonpath.dsv'
[6.701s] DEBUG:colcon.colcon_core.event_handler.log_command:Invoked command in '/home/projectlab3_ss25/our_ws/src/simple_path_planner' returned '0': DEBUGINFOD_URLS=https://debuginfod.ubuntu.com PYTHONPATH=/home/projectlab3_ss25/our_ws/build/simple_path_planner/prefix_override:/usr/lib/python3/dist-packages/colcon_core/task/python/colcon_distutils_commands:/home/projectlab3_ss25/our_ws/install/simple_path_planner/lib/python3.12/site-packages:${PYTHONPATH} /usr/bin/python3 -W ignore:setup.py install is deprecated -W ignore:easy_install command is deprecated setup.py egg_info --egg-base ../../build/simple_path_planner build --build-base /home/projectlab3_ss25/our_ws/build/simple_path_planner/build install --record /home/projectlab3_ss25/our_ws/build/simple_path_planner/install.log --single-version-externally-managed
[6.703s] INFO:colcon.colcon_core.shell:Creating environment hook '/home/projectlab3_ss25/our_ws/install/simple_path_planner/share/simple_path_planner/hook/pythonpath.sh'
[6.704s] Level 1:colcon.colcon_core.environment:checking '/home/projectlab3_ss25/our_ws/install/simple_path_planner/bin'
[6.705s] Level 1:colcon.colcon_core.environment:create_environment_scripts_only(simple_path_planner)
[6.705s] INFO:colcon.colcon_core.shell:Creating package script '/home/projectlab3_ss25/our_ws/install/simple_path_planner/share/simple_path_planner/package.ps1'
[6.707s] INFO:colcon.colcon_core.shell:Creating package descriptor '/home/projectlab3_ss25/our_ws/install/simple_path_planner/share/simple_path_planner/package.dsv'
[6.711s] INFO:colcon.colcon_core.shell:Creating package script '/home/projectlab3_ss25/our_ws/install/simple_path_planner/share/simple_path_planner/package.sh'
[6.711s] INFO:colcon.colcon_core.shell:Creating package script '/home/projectlab3_ss25/our_ws/install/simple_path_planner/share/simple_path_planner/package.bash'
[6.712s] INFO:colcon.colcon_core.shell:Creating package script '/home/projectlab3_ss25/our_ws/install/simple_path_planner/share/simple_path_planner/package.zsh'
[6.712s] Level 1:colcon.colcon_core.environment:create_file_with_runtime_dependencies(/home/projectlab3_ss25/our_ws/install/simple_path_planner/share/colcon-core/packages/simple_path_planner)
[6.873s] Level 1:colcon.colcon_core.environment:checking '/home/projectlab3_ss25/our_ws/install/obstacle_avoidance_nav2' for CMake module files
[6.874s] Level 1:colcon.colcon_core.environment:checking '/home/projectlab3_ss25/our_ws/install/obstacle_avoidance_nav2' for CMake config files
[6.875s] Level 1:colcon.colcon_core.environment:checking '/home/projectlab3_ss25/our_ws/install/obstacle_avoidance_nav2/lib'
[6.875s] Level 1:colcon.colcon_core.environment:checking '/home/projectlab3_ss25/our_ws/install/obstacle_avoidance_nav2/bin'
[6.875s] Level 1:colcon.colcon_core.environment:checking '/home/projectlab3_ss25/our_ws/install/obstacle_avoidance_nav2/lib/pkgconfig/obstacle_avoidance_nav2.pc'
[6.875s] Level 1:colcon.colcon_core.environment:checking '/home/projectlab3_ss25/our_ws/install/obstacle_avoidance_nav2/lib/python3.12/site-packages'
[6.884s] DEBUG:colcon.colcon_core.event_handler.log_command:Invoked command in '/home/projectlab3_ss25/our_ws/src/obstacle_avoidance_nav2' returned '0': DEBUGINFOD_URLS=https://debuginfod.ubuntu.com PYTHONPATH=/home/projectlab3_ss25/our_ws/build/obstacle_avoidance_nav2/prefix_override:/usr/lib/python3/dist-packages/colcon_core/task/python/colcon_distutils_commands:/home/projectlab3_ss25/our_ws/install/obstacle_avoidance_nav2/lib/python3.12/site-packages:${PYTHONPATH} /usr/bin/python3 -W ignore:setup.py install is deprecated -W ignore:easy_install command is deprecated setup.py egg_info --egg-base ../../build/obstacle_avoidance_nav2 build --build-base /home/projectlab3_ss25/our_ws/build/obstacle_avoidance_nav2/build install --record /home/projectlab3_ss25/our_ws/build/obstacle_avoidance_nav2/install.log --single-version-externally-managed
[6.885s] Level 1:colcon.colcon_core.shell:create_environment_hook('obstacle_avoidance_nav2', 'pythonpath')
[6.885s] INFO:colcon.colcon_core.shell:Creating environment hook '/home/projectlab3_ss25/our_ws/install/obstacle_avoidance_nav2/share/obstacle_avoidance_nav2/hook/pythonpath.ps1'
[6.886s] INFO:colcon.colcon_core.shell:Creating environment descriptor '/home/projectlab3_ss25/our_ws/install/obstacle_avoidance_nav2/share/obstacle_avoidance_nav2/hook/pythonpath.dsv'
[6.886s] INFO:colcon.colcon_core.shell:Creating environment hook '/home/projectlab3_ss25/our_ws/install/obstacle_avoidance_nav2/share/obstacle_avoidance_nav2/hook/pythonpath.sh'
[6.898s] Level 1:colcon.colcon_core.environment:checking '/home/projectlab3_ss25/our_ws/install/obstacle_avoidance_nav2/bin'
[6.898s] Level 1:colcon.colcon_core.environment:create_environment_scripts_only(obstacle_avoidance_nav2)
[6.899s] INFO:colcon.colcon_core.shell:Creating package script '/home/projectlab3_ss25/our_ws/install/obstacle_avoidance_nav2/share/obstacle_avoidance_nav2/package.ps1'
[6.901s] INFO:colcon.colcon_core.shell:Creating package descriptor '/home/projectlab3_ss25/our_ws/install/obstacle_avoidance_nav2/share/obstacle_avoidance_nav2/package.dsv'
[6.903s] INFO:colcon.colcon_core.shell:Creating package script '/home/projectlab3_ss25/our_ws/install/obstacle_avoidance_nav2/share/obstacle_avoidance_nav2/package.sh'
[6.904s] INFO:colcon.colcon_core.shell:Creating package script '/home/projectlab3_ss25/our_ws/install/obstacle_avoidance_nav2/share/obstacle_avoidance_nav2/package.bash'
[6.905s] INFO:colcon.colcon_core.shell:Creating package script '/home/projectlab3_ss25/our_ws/install/obstacle_avoidance_nav2/share/obstacle_avoidance_nav2/package.zsh'
[6.905s] Level 1:colcon.colcon_core.environment:create_file_with_runtime_dependencies(/home/projectlab3_ss25/our_ws/install/obstacle_avoidance_nav2/share/colcon-core/packages/obstacle_avoidance_nav2)
[6.909s] Level 1:colcon.colcon_core.environment:checking '/home/projectlab3_ss25/our_ws/install/obstacle_avoidance_controller' for CMake module files
[6.910s] DEBUG:colcon.colcon_core.event_handler.log_command:Invoked command in '/home/projectlab3_ss25/our_ws/src/obstacle_avoidance_controller' returned '0': DEBUGINFOD_URLS=https://debuginfod.ubuntu.com PYTHONPATH=/home/projectlab3_ss25/our_ws/build/obstacle_avoidance_controller/prefix_override:/usr/lib/python3/dist-packages/colcon_core/task/python/colcon_distutils_commands:/home/projectlab3_ss25/our_ws/install/obstacle_avoidance_controller/lib/python3.12/site-packages:${PYTHONPATH} /usr/bin/python3 -W ignore:setup.py install is deprecated -W ignore:easy_install command is deprecated setup.py egg_info --egg-base ../../build/obstacle_avoidance_controller build --build-base /home/projectlab3_ss25/our_ws/build/obstacle_avoidance_controller/build install --record /home/projectlab3_ss25/our_ws/build/obstacle_avoidance_controller/install.log --single-version-externally-managed install_data
[6.911s] Level 1:colcon.colcon_core.environment:checking '/home/projectlab3_ss25/our_ws/install/obstacle_avoidance_controller' for CMake config files
[6.913s] Level 1:colcon.colcon_core.environment:checking '/home/projectlab3_ss25/our_ws/install/obstacle_avoidance_controller/lib'
[6.913s] Level 1:colcon.colcon_core.environment:checking '/home/projectlab3_ss25/our_ws/install/obstacle_avoidance_controller/bin'
[6.914s] Level 1:colcon.colcon_core.environment:checking '/home/projectlab3_ss25/our_ws/install/obstacle_avoidance_controller/lib/pkgconfig/obstacle_avoidance_controller.pc'
[6.914s] Level 1:colcon.colcon_core.environment:checking '/home/projectlab3_ss25/our_ws/install/obstacle_avoidance_controller/lib/python3.12/site-packages'
[6.914s] Level 1:colcon.colcon_core.shell:create_environment_hook('obstacle_avoidance_controller', 'pythonpath')
[6.914s] INFO:colcon.colcon_core.shell:Creating environment hook '/home/projectlab3_ss25/our_ws/install/obstacle_avoidance_controller/share/obstacle_avoidance_controller/hook/pythonpath.ps1'
[6.916s] INFO:colcon.colcon_core.shell:Creating environment descriptor '/home/projectlab3_ss25/our_ws/install/obstacle_avoidance_controller/share/obstacle_avoidance_controller/hook/pythonpath.dsv'
[6.918s] INFO:colcon.colcon_core.shell:Creating environment hook '/home/projectlab3_ss25/our_ws/install/obstacle_avoidance_controller/share/obstacle_avoidance_controller/hook/pythonpath.sh'
[6.920s] Level 1:colcon.colcon_core.environment:checking '/home/projectlab3_ss25/our_ws/install/obstacle_avoidance_controller/bin'
[6.920s] Level 1:colcon.colcon_core.environment:create_environment_scripts_only(obstacle_avoidance_controller)
[6.920s] INFO:colcon.colcon_core.shell:Creating package script '/home/projectlab3_ss25/our_ws/install/obstacle_avoidance_controller/share/obstacle_avoidance_controller/package.ps1'
[6.921s] INFO:colcon.colcon_core.shell:Creating package descriptor '/home/projectlab3_ss25/our_ws/install/obstacle_avoidance_controller/share/obstacle_avoidance_controller/package.dsv'
[6.922s] INFO:colcon.colcon_core.shell:Creating package script '/home/projectlab3_ss25/our_ws/install/obstacle_avoidance_controller/share/obstacle_avoidance_controller/package.sh'
[6.922s] INFO:colcon.colcon_core.shell:Creating package script '/home/projectlab3_ss25/our_ws/install/obstacle_avoidance_controller/share/obstacle_avoidance_controller/package.bash'
[6.923s] INFO:colcon.colcon_core.shell:Creating package script '/home/projectlab3_ss25/our_ws/install/obstacle_avoidance_controller/share/obstacle_avoidance_controller/package.zsh'
[6.923s] Level 1:colcon.colcon_core.environment:create_file_with_runtime_dependencies(/home/projectlab3_ss25/our_ws/install/obstacle_avoidance_controller/share/colcon-core/packages/obstacle_avoidance_controller)
[6.925s] DEBUG:colcon.colcon_parallel_executor.executor.parallel:closing loop
[6.925s] DEBUG:colcon.colcon_parallel_executor.executor.parallel:loop closed
[6.926s] DEBUG:colcon.colcon_parallel_executor.executor.parallel:run_until_complete finished with '0'
[6.926s] DEBUG:colcon.colcon_core.event_reactor:joining thread
[6.975s] INFO:colcon.colcon_core.plugin_system:Skipping extension 'colcon_notification.desktop_notification.terminal_notifier': Not used on non-Darwin systems
[6.976s] INFO:colcon.colcon_core.plugin_system:Skipping extension 'colcon_notification.desktop_notification.win32': Not used on non-Windows systems
[6.976s] INFO:colcon.colcon_notification.desktop_notification:Sending desktop notification using 'notify2'
[7.013s] DEBUG:colcon.colcon_core.event_reactor:joined thread
[7.013s] INFO:colcon.colcon_core.shell:Creating prefix script '/home/projectlab3_ss25/our_ws/install/local_setup.ps1'
[7.015s] INFO:colcon.colcon_core.shell:Creating prefix util module '/home/projectlab3_ss25/our_ws/install/_local_setup_util_ps1.py'
[7.022s] INFO:colcon.colcon_core.shell:Creating prefix chain script '/home/projectlab3_ss25/our_ws/install/setup.ps1'
[7.023s] INFO:colcon.colcon_core.shell:Creating prefix script '/home/projectlab3_ss25/our_ws/install/local_setup.sh'
[7.029s] INFO:colcon.colcon_core.shell:Creating prefix util module '/home/projectlab3_ss25/our_ws/install/_local_setup_util_sh.py'
[7.033s] INFO:colcon.colcon_core.shell:Creating prefix chain script '/home/projectlab3_ss25/our_ws/install/setup.sh'
[7.038s] INFO:colcon.colcon_core.shell:Creating prefix script '/home/projectlab3_ss25/our_ws/install/local_setup.bash'
[7.042s] INFO:colcon.colcon_core.shell:Creating prefix chain script '/home/projectlab3_ss25/our_ws/install/setup.bash'
[7.043s] INFO:colcon.colcon_core.shell:Creating prefix script '/home/projectlab3_ss25/our_ws/install/local_setup.zsh'
[7.047s] INFO:colcon.colcon_core.shell:Creating prefix chain script '/home/projectlab3_ss25/our_ws/install/setup.zsh'
