[1.735s] Invoking command in '/home/projectlab3_ss25/our_ws/src/ros2_gz_bridges': DEBUGINFOD_URLS=https://debuginfod.ubuntu.com PYTHONPATH=/home/projectlab3_ss25/our_ws/build/ros2_gz_bridges/prefix_override:/usr/lib/python3/dist-packages/colcon_core/task/python/colcon_distutils_commands:/home/projectlab3_ss25/our_ws/install/ros2_gz_bridges/lib/python3.12/site-packages:${PYTHONPATH} /usr/bin/python3 -W ignore:setup.py install is deprecated -W ignore:easy_install command is deprecated setup.py egg_info --egg-base ../../build/ros2_gz_bridges build --build-base /home/projectlab3_ss25/our_ws/build/ros2_gz_bridges/build install --record /home/projectlab3_ss25/our_ws/build/ros2_gz_bridges/install.log --single-version-externally-managed install_data
[2.089s] running egg_info
[2.089s] creating ../../build/ros2_gz_bridges/ros2_gz_bridges.egg-info
[2.116s] writing ../../build/ros2_gz_bridges/ros2_gz_bridges.egg-info/PKG-INFO
[2.116s] writing dependency_links to ../../build/ros2_gz_bridges/ros2_gz_bridges.egg-info/dependency_links.txt
[2.117s] writing requirements to ../../build/ros2_gz_bridges/ros2_gz_bridges.egg-info/requires.txt
[2.122s] writing top-level names to ../../build/ros2_gz_bridges/ros2_gz_bridges.egg-info/top_level.txt
[2.122s] writing manifest file '../../build/ros2_gz_bridges/ros2_gz_bridges.egg-info/SOURCES.txt'
[2.173s] reading manifest file '../../build/ros2_gz_bridges/ros2_gz_bridges.egg-info/SOURCES.txt'
[2.174s] writing manifest file '../../build/ros2_gz_bridges/ros2_gz_bridges.egg-info/SOURCES.txt'
[2.175s] running build
[2.175s] running build_py
[2.175s] creating /home/projectlab3_ss25/our_ws/build/ros2_gz_bridges/build
[2.175s] creating /home/projectlab3_ss25/our_ws/build/ros2_gz_bridges/build/lib
[2.177s] creating /home/projectlab3_ss25/our_ws/build/ros2_gz_bridges/build/lib/ros2_gz_bridges
[2.177s] copying ros2_gz_bridges/__init__.py -> /home/projectlab3_ss25/our_ws/build/ros2_gz_bridges/build/lib/ros2_gz_bridges
[2.177s] running install
[2.184s] running install_lib
[2.209s] creating /home/projectlab3_ss25/our_ws/install/ros2_gz_bridges/lib/python3.12/site-packages/ros2_gz_bridges
[2.209s] copying /home/projectlab3_ss25/our_ws/build/ros2_gz_bridges/build/lib/ros2_gz_bridges/__init__.py -> /home/projectlab3_ss25/our_ws/install/ros2_gz_bridges/lib/python3.12/site-packages/ros2_gz_bridges
[2.209s] byte-compiling /home/projectlab3_ss25/our_ws/install/ros2_gz_bridges/lib/python3.12/site-packages/ros2_gz_bridges/__init__.py to __init__.cpython-312.pyc
[2.210s] running install_data
[2.210s] creating /home/projectlab3_ss25/our_ws/install/ros2_gz_bridges/share/ament_index
[2.210s] creating /home/projectlab3_ss25/our_ws/install/ros2_gz_bridges/share/ament_index/resource_index
[2.210s] creating /home/projectlab3_ss25/our_ws/install/ros2_gz_bridges/share/ament_index/resource_index/packages
[2.210s] copying resource/ros2_gz_bridges -> /home/projectlab3_ss25/our_ws/install/ros2_gz_bridges/share/ament_index/resource_index/packages
[2.210s] copying package.xml -> /home/projectlab3_ss25/our_ws/install/ros2_gz_bridges/share/ros2_gz_bridges
[2.210s] creating /home/projectlab3_ss25/our_ws/install/ros2_gz_bridges/share/ros2_gz_bridges/launch
[2.210s] copying launch/bridge_matched_topics.launch.py -> /home/projectlab3_ss25/our_ws/install/ros2_gz_bridges/share/ros2_gz_bridges/launch
[2.213s] running install_egg_info
[2.241s] Copying ../../build/ros2_gz_bridges/ros2_gz_bridges.egg-info to /home/projectlab3_ss25/our_ws/install/ros2_gz_bridges/lib/python3.12/site-packages/ros2_gz_bridges-0.0.0-py3.12.egg-info
[2.242s] running install_scripts
[2.421s] writing list of installed files to '/home/projectlab3_ss25/our_ws/build/ros2_gz_bridges/install.log'
[2.461s] Invoked command in '/home/projectlab3_ss25/our_ws/src/ros2_gz_bridges' returned '0': DEBUGINFOD_URLS=https://debuginfod.ubuntu.com PYTHONPATH=/home/projectlab3_ss25/our_ws/build/ros2_gz_bridges/prefix_override:/usr/lib/python3/dist-packages/colcon_core/task/python/colcon_distutils_commands:/home/projectlab3_ss25/our_ws/install/ros2_gz_bridges/lib/python3.12/site-packages:${PYTHONPATH} /usr/bin/python3 -W ignore:setup.py install is deprecated -W ignore:easy_install command is deprecated setup.py egg_info --egg-base ../../build/ros2_gz_bridges build --build-base /home/projectlab3_ss25/our_ws/build/ros2_gz_bridges/build install --record /home/projectlab3_ss25/our_ws/build/ros2_gz_bridges/install.log --single-version-externally-managed install_data
